nohup: 忽略输入
torch.Size([60000, 28, 28])
torch.Size([60000, 28, 28])
Files already downloaded and verified
Files already downloaded and verified
KCIF-第0个epoch，准确率为:0.602
KCIF-第1个epoch，准确率为:0.605
KCIF-第2个epoch，准确率为:0.607
KCIF-第3个epoch，准确率为:0.61
KCIF-第4个epoch，准确率为:0.613
KCIF-第5个epoch，准确率为:0.617
KCIF-第6个epoch，准确率为:0.621
KCIF-第7个epoch，准确率为:0.626
KCIF-第8个epoch，准确率为:0.629
KCIF-第9个epoch，准确率为:0.631
KCIF-第10个epoch，准确率为:0.637
KCIF-第11个epoch，准确率为:0.639
KCIF-第12个epoch，准确率为:0.642
KCIF-第13个epoch，准确率为:0.645
KCIF-第14个epoch，准确率为:0.652
KCIF-第15个epoch，准确率为:0.654
KCIF-第16个epoch，准确率为:0.661
KCIF-第17个epoch，准确率为:0.664
KCIF-第18个epoch，准确率为:0.667
KCIF-第19个epoch，准确率为:0.669
KCIF-第20个epoch，准确率为:0.672
KCIF-第21个epoch，准确率为:0.674
KCIF-第22个epoch，准确率为:0.682
KCIF-第23个epoch，准确率为:0.684
KCIF-第24个epoch，准确率为:0.686
KCIF-第25个epoch，准确率为:0.688
KCIF-第26个epoch，准确率为:0.691
KCIF-第27个epoch，准确率为:0.696
KCIF-第28个epoch，准确率为:0.699
KCIF-第29个epoch，准确率为:0.699
KCIF-第30个epoch，准确率为:0.705
KCIF-第31个epoch，准确率为:0.708
KCIF-第32个epoch，准确率为:0.711
KCIF-第33个epoch，准确率为:0.713
KCIF-第34个epoch，准确率为:0.714
KCIF-第35个epoch，准确率为:0.715
KCIF-第36个epoch，准确率为:0.715
KCIF-第37个epoch，准确率为:0.718
KCIF-第38个epoch，准确率为:0.719
KCIF-第39个epoch，准确率为:0.721
KCIF-第40个epoch，准确率为:0.721
KCIF-第41个epoch，准确率为:0.722
KCIF-第42个epoch，准确率为:0.723
KCIF-第43个epoch，准确率为:0.726
KCIF-第44个epoch，准确率为:0.729
KCIF-第45个epoch，准确率为:0.729
KCIF-第46个epoch，准确率为:0.731
KCIF-第47个epoch，准确率为:0.73
KCIF-第48个epoch，准确率为:0.732
KCIF-第49个epoch，准确率为:0.734
KCIF-第50个epoch，准确率为:0.735
KCIF-第51个epoch，准确率为:0.736
KCIF-第52个epoch，准确率为:0.737
KCIF-第53个epoch，准确率为:0.738
KCIF-第54个epoch，准确率为:0.738
KCIF-第55个epoch，准确率为:0.739
KCIF-第56个epoch，准确率为:0.741
KCIF-第57个epoch，准确率为:0.742
KCIF-第58个epoch，准确率为:0.745
KCIF-第59个epoch，准确率为:0.746
KCIF-第60个epoch，准确率为:0.745
KCIF-第61个epoch，准确率为:0.745
KCIF-第62个epoch，准确率为:0.748
KCIF-第63个epoch，准确率为:0.747
KCIF-第64个epoch，准确率为:0.75
KCIF-第65个epoch，准确率为:0.752
KCIF-第66个epoch，准确率为:0.749
KCIF-第67个epoch，准确率为:0.748
KCIF-第68个epoch，准确率为:0.748
KCIF-第69个epoch，准确率为:0.747
KCIF方法结束
Bseline-第 0 个epoch，DPSGD的准确率: 0.595 KF-DPSGD的准确率: 0.601
Bseline-第 1 个epoch，DPSGD的准确率: 0.598 KF-DPSGD的准确率: 0.607
Bseline-第 2 个epoch，DPSGD的准确率: 0.598 KF-DPSGD的准确率: 0.61
Bseline-第 3 个epoch，DPSGD的准确率: 0.601 KF-DPSGD的准确率: 0.609
Bseline-第 4 个epoch，DPSGD的准确率: 0.602 KF-DPSGD的准确率: 0.614
Bseline-第 5 个epoch，DPSGD的准确率: 0.604 KF-DPSGD的准确率: 0.615
Bseline-第 6 个epoch，DPSGD的准确率: 0.603 KF-DPSGD的准确率: 0.623
Bseline-第 7 个epoch，DPSGD的准确率: 0.605 KF-DPSGD的准确率: 0.628
Bseline-第 8 个epoch，DPSGD的准确率: 0.607 KF-DPSGD的准确率: 0.63
Bseline-第 9 个epoch，DPSGD的准确率: 0.608 KF-DPSGD的准确率: 0.63
Bseline-第 10 个epoch，DPSGD的准确率: 0.608 KF-DPSGD的准确率: 0.633
Bseline-第 11 个epoch，DPSGD的准确率: 0.609 KF-DPSGD的准确率: 0.635
Bseline-第 12 个epoch，DPSGD的准确率: 0.608 KF-DPSGD的准确率: 0.639
Bseline-第 13 个epoch，DPSGD的准确率: 0.61 KF-DPSGD的准确率: 0.642
Bseline-第 14 个epoch，DPSGD的准确率: 0.609 KF-DPSGD的准确率: 0.651
Bseline-第 15 个epoch，DPSGD的准确率: 0.61 KF-DPSGD的准确率: 0.653
Bseline-第 16 个epoch，DPSGD的准确率: 0.611 KF-DPSGD的准确率: 0.658
Bseline-第 17 个epoch，DPSGD的准确率: 0.611 KF-DPSGD的准确率: 0.662
Bseline-第 18 个epoch，DPSGD的准确率: 0.612 KF-DPSGD的准确率: 0.665
Bseline-第 19 个epoch，DPSGD的准确率: 0.612 KF-DPSGD的准确率: 0.666
Bseline-第 20 个epoch，DPSGD的准确率: 0.612 KF-DPSGD的准确率: 0.669
Bseline-第 21 个epoch，DPSGD的准确率: 0.614 KF-DPSGD的准确率: 0.67
Bseline-第 22 个epoch，DPSGD的准确率: 0.615 KF-DPSGD的准确率: 0.671
Bseline-第 23 个epoch，DPSGD的准确率: 0.616 KF-DPSGD的准确率: 0.676
Bseline-第 24 个epoch，DPSGD的准确率: 0.617 KF-DPSGD的准确率: 0.679
Bseline-第 25 个epoch，DPSGD的准确率: 0.62 KF-DPSGD的准确率: 0.679
Bseline-第 26 个epoch，DPSGD的准确率: 0.621 KF-DPSGD的准确率: 0.686
Bseline-第 27 个epoch，DPSGD的准确率: 0.62 KF-DPSGD的准确率: 0.691
Bseline-第 28 个epoch，DPSGD的准确率: 0.621 KF-DPSGD的准确率: 0.693
Bseline-第 29 个epoch，DPSGD的准确率: 0.623 KF-DPSGD的准确率: 0.695
Bseline-第 30 个epoch，DPSGD的准确率: 0.625 KF-DPSGD的准确率: 0.698
Bseline-第 31 个epoch，DPSGD的准确率: 0.626 KF-DPSGD的准确率: 0.701
Bseline-第 32 个epoch，DPSGD的准确率: 0.626 KF-DPSGD的准确率: 0.704
Bseline-第 33 个epoch，DPSGD的准确率: 0.627 KF-DPSGD的准确率: 0.71
Bseline-第 34 个epoch，DPSGD的准确率: 0.627 KF-DPSGD的准确率: 0.715
Bseline-第 35 个epoch，DPSGD的准确率: 0.628 KF-DPSGD的准确率: 0.714
Bseline-第 36 个epoch，DPSGD的准确率: 0.627 KF-DPSGD的准确率: 0.716
Bseline-第 37 个epoch，DPSGD的准确率: 0.627 KF-DPSGD的准确率: 0.715
Bseline-第 38 个epoch，DPSGD的准确率: 0.627 KF-DPSGD的准确率: 0.719
Bseline-第 39 个epoch，DPSGD的准确率: 0.627 KF-DPSGD的准确率: 0.718
Bseline-第 40 个epoch，DPSGD的准确率: 0.628 KF-DPSGD的准确率: 0.719
Bseline-第 41 个epoch，DPSGD的准确率: 0.629 KF-DPSGD的准确率: 0.722
Bseline-第 42 个epoch，DPSGD的准确率: 0.631 KF-DPSGD的准确率: 0.721
Bseline-第 43 个epoch，DPSGD的准确率: 0.634 KF-DPSGD的准确率: 0.723
Bseline-第 44 个epoch，DPSGD的准确率: 0.636 KF-DPSGD的准确率: 0.724
Bseline-第 45 个epoch，DPSGD的准确率: 0.636 KF-DPSGD的准确率: 0.729
Bseline-第 46 个epoch，DPSGD的准确率: 0.635 KF-DPSGD的准确率: 0.729
Bseline-第 47 个epoch，DPSGD的准确率: 0.636 KF-DPSGD的准确率: 0.731
Bseline-第 48 个epoch，DPSGD的准确率: 0.636 KF-DPSGD的准确率: 0.731
Bseline-第 49 个epoch，DPSGD的准确率: 0.638 KF-DPSGD的准确率: 0.733
Bseline-第 50 个epoch，DPSGD的准确率: 0.64 KF-DPSGD的准确率: 0.733
Bseline-第 51 个epoch，DPSGD的准确率: 0.64 KF-DPSGD的准确率: 0.733
Bseline-第 52 个epoch，DPSGD的准确率: 0.643 KF-DPSGD的准确率: 0.733
Bseline-第 53 个epoch，DPSGD的准确率: 0.643 KF-DPSGD的准确率: 0.736
Bseline-第 54 个epoch，DPSGD的准确率: 0.644 KF-DPSGD的准确率: 0.736
Bseline-第 55 个epoch，DPSGD的准确率: 0.644 KF-DPSGD的准确率: 0.735
Bseline-第 56 个epoch，DPSGD的准确率: 0.647 KF-DPSGD的准确率: 0.738
Bseline-第 57 个epoch，DPSGD的准确率: 0.647 KF-DPSGD的准确率: 0.738
Bseline-第 58 个epoch，DPSGD的准确率: 0.648 KF-DPSGD的准确率: 0.742
Bseline-第 59 个epoch，DPSGD的准确率: 0.651 KF-DPSGD的准确率: 0.744
Bseline-第 60 个epoch，DPSGD的准确率: 0.652 KF-DPSGD的准确率: 0.744
Bseline-第 61 个epoch，DPSGD的准确率: 0.652 KF-DPSGD的准确率: 0.745
Bseline-第 62 个epoch，DPSGD的准确率: 0.654 KF-DPSGD的准确率: 0.745
Bseline-第 63 个epoch，DPSGD的准确率: 0.655 KF-DPSGD的准确率: 0.747
Bseline-第 64 个epoch，DPSGD的准确率: 0.656 KF-DPSGD的准确率: 0.748
Bseline-第 65 个epoch，DPSGD的准确率: 0.656 KF-DPSGD的准确率: 0.747
Bseline-第 66 个epoch，DPSGD的准确率: 0.655 KF-DPSGD的准确率: 0.75
Bseline-第 67 个epoch，DPSGD的准确率: 0.656 KF-DPSGD的准确率: 0.748
Bseline-第 68 个epoch，DPSGD的准确率: 0.656 KF-DPSGD的准确率: 0.748
Bseline-第 69 个epoch，DPSGD的准确率: 0.655 KF-DPSGD的准确率: 0.748
Baseline方法结束
KCIF-第0个epoch，准确率为:0.585
KCIF-第1个epoch，准确率为:0.7364
KCIF-第2个epoch，准确率为:0.7775
KCIF-第3个epoch，准确率为:0.8063
KCIF-第4个epoch，准确率为:0.8227
KCIF-第5个epoch，准确率为:0.8374
KCIF-第6个epoch，准确率为:0.8495
KCIF-第7个epoch，准确率为:0.8588
KCIF-第8个epoch，准确率为:0.8649
KCIF-第9个epoch，准确率为:0.8697
KCIF-第10个epoch，准确率为:0.8741
KCIF-第11个epoch，准确率为:0.8769
KCIF-第12个epoch，准确率为:0.8799
KCIF-第13个epoch，准确率为:0.8828
KCIF-第14个epoch，准确率为:0.8858
KCIF-第15个epoch，准确率为:0.8879
KCIF-第16个epoch，准确率为:0.8899
KCIF-第17个epoch，准确率为:0.8914
KCIF-第18个epoch，准确率为:0.8922
KCIF-第19个epoch，准确率为:0.8942
KCIF-第20个epoch，准确率为:0.8955
KCIF-第21个epoch，准确率为:0.8968
KCIF-第22个epoch，准确率为:0.8975
KCIF-第23个epoch，准确率为:0.8984
KCIF-第24个epoch，准确率为:0.9002
KCIF-第25个epoch，准确率为:0.9012
KCIF-第26个epoch，准确率为:0.9026
KCIF-第27个epoch，准确率为:0.9039
KCIF-第28个epoch，准确率为:0.9046
KCIF-第29个epoch，准确率为:0.9061
KCIF-第30个epoch，准确率为:0.9068
KCIF-第31个epoch，准确率为:0.9075
KCIF-第32个epoch，准确率为:0.9078
KCIF-第33个epoch，准确率为:0.9084
KCIF-第34个epoch，准确率为:0.9092
KCIF-第35个epoch，准确率为:0.9097
KCIF-第36个epoch，准确率为:0.9103
KCIF-第37个epoch，准确率为:0.9107
KCIF-第38个epoch，准确率为:0.9114
KCIF-第39个epoch，准确率为:0.9116
KCIF-第40个epoch，准确率为:0.9116
KCIF-第41个epoch，准确率为:0.9124
KCIF-第42个epoch，准确率为:0.9132
KCIF-第43个epoch，准确率为:0.9142
KCIF-第44个epoch，准确率为:0.9145
KCIF-第45个epoch，准确率为:0.915
KCIF-第46个epoch，准确率为:0.9159
KCIF-第47个epoch，准确率为:0.9163
KCIF-第48个epoch，准确率为:0.9172
KCIF-第49个epoch，准确率为:0.9182
KCIF-第50个epoch，准确率为:0.9185
KCIF-第51个epoch，准确率为:0.9193
KCIF-第52个epoch，准确率为:0.9197
KCIF-第53个epoch，准确率为:0.9202
KCIF-第54个epoch，准确率为:0.9203
KCIF-第55个epoch，准确率为:0.9209
KCIF-第56个epoch，准确率为:0.9215
KCIF-第57个epoch，准确率为:0.922
KCIF-第58个epoch，准确率为:0.9222
KCIF-第59个epoch，准确率为:0.9224
KCIF-第60个epoch，准确率为:0.923
KCIF-第61个epoch，准确率为:0.9234
KCIF-第62个epoch，准确率为:0.9236
KCIF-第63个epoch，准确率为:0.9233
KCIF-第64个epoch，准确率为:0.9239
KCIF-第65个epoch，准确率为:0.9243
KCIF-第66个epoch，准确率为:0.9248
KCIF-第67个epoch，准确率为:0.9249
KCIF-第68个epoch，准确率为:0.9252
KCIF-第69个epoch，准确率为:0.9253
KCIF方法结束
Bseline-第 0 个epoch，DPSGD的准确率: 0.1969 KF-DPSGD的准确率: 0.5719
Bseline-第 1 个epoch，DPSGD的准确率: 0.3455 KF-DPSGD的准确率: 0.7198
Bseline-第 2 个epoch，DPSGD的准确率: 0.4767 KF-DPSGD的准确率: 0.7685
Bseline-第 3 个epoch，DPSGD的准确率: 0.5771 KF-DPSGD的准确率: 0.7969
Bseline-第 4 个epoch，DPSGD的准确率: 0.6385 KF-DPSGD的准确率: 0.8096
Bseline-第 5 个epoch，DPSGD的准确率: 0.6791 KF-DPSGD的准确率: 0.8256
Bseline-第 6 个epoch，DPSGD的准确率: 0.7079 KF-DPSGD的准确率: 0.8338
Bseline-第 7 个epoch，DPSGD的准确率: 0.7242 KF-DPSGD的准确率: 0.8464
Bseline-第 8 个epoch，DPSGD的准确率: 0.7399 KF-DPSGD的准确率: 0.8561
Bseline-第 9 个epoch，DPSGD的准确率: 0.7489 KF-DPSGD的准确率: 0.8589
Bseline-第 10 个epoch，DPSGD的准确率: 0.7608 KF-DPSGD的准确率: 0.8663
Bseline-第 11 个epoch，DPSGD的准确率: 0.7694 KF-DPSGD的准确率: 0.8694
Bseline-第 12 个epoch，DPSGD的准确率: 0.7783 KF-DPSGD的准确率: 0.874
Bseline-第 13 个epoch，DPSGD的准确率: 0.7859 KF-DPSGD的准确率: 0.8773
Bseline-第 14 个epoch，DPSGD的准确率: 0.7939 KF-DPSGD的准确率: 0.8799
Bseline-第 15 个epoch，DPSGD的准确率: 0.7976 KF-DPSGD的准确率: 0.8817
Bseline-第 16 个epoch，DPSGD的准确率: 0.8039 KF-DPSGD的准确率: 0.8851
Bseline-第 17 个epoch，DPSGD的准确率: 0.8098 KF-DPSGD的准确率: 0.8876
Bseline-第 18 个epoch，DPSGD的准确率: 0.8137 KF-DPSGD的准确率: 0.8877
Bseline-第 19 个epoch，DPSGD的准确率: 0.8168 KF-DPSGD的准确率: 0.8911
Bseline-第 20 个epoch，DPSGD的准确率: 0.8207 KF-DPSGD的准确率: 0.8923
Bseline-第 21 个epoch，DPSGD的准确率: 0.8241 KF-DPSGD的准确率: 0.8931
Bseline-第 22 个epoch，DPSGD的准确率: 0.8281 KF-DPSGD的准确率: 0.895
Bseline-第 23 个epoch，DPSGD的准确率: 0.8321 KF-DPSGD的准确率: 0.8951
Bseline-第 24 个epoch，DPSGD的准确率: 0.8363 KF-DPSGD的准确率: 0.897
Bseline-第 25 个epoch，DPSGD的准确率: 0.8382 KF-DPSGD的准确率: 0.8974
Bseline-第 26 个epoch，DPSGD的准确率: 0.841 KF-DPSGD的准确率: 0.8995
Bseline-第 27 个epoch，DPSGD的准确率: 0.8432 KF-DPSGD的准确率: 0.8999
Bseline-第 28 个epoch，DPSGD的准确率: 0.8457 KF-DPSGD的准确率: 0.9006
Bseline-第 29 个epoch，DPSGD的准确率: 0.8484 KF-DPSGD的准确率: 0.9008
Bseline-第 30 个epoch，DPSGD的准确率: 0.8505 KF-DPSGD的准确率: 0.9012
Bseline-第 31 个epoch，DPSGD的准确率: 0.8513 KF-DPSGD的准确率: 0.9018
Bseline-第 32 个epoch，DPSGD的准确率: 0.8538 KF-DPSGD的准确率: 0.9036
Bseline-第 33 个epoch，DPSGD的准确率: 0.8546 KF-DPSGD的准确率: 0.9043
Bseline-第 34 个epoch，DPSGD的准确率: 0.8572 KF-DPSGD的准确率: 0.9055
Bseline-第 35 个epoch，DPSGD的准确率: 0.8588 KF-DPSGD的准确率: 0.9058
Bseline-第 36 个epoch，DPSGD的准确率: 0.8612 KF-DPSGD的准确率: 0.9064
Bseline-第 37 个epoch，DPSGD的准确率: 0.8621 KF-DPSGD的准确率: 0.9077
Bseline-第 38 个epoch，DPSGD的准确率: 0.8639 KF-DPSGD的准确率: 0.9089
Bseline-第 39 个epoch，DPSGD的准确率: 0.8649 KF-DPSGD的准确率: 0.9094
Bseline-第 40 个epoch，DPSGD的准确率: 0.8666 KF-DPSGD的准确率: 0.9107
Bseline-第 41 个epoch，DPSGD的准确率: 0.8677 KF-DPSGD的准确率: 0.9106
Bseline-第 42 个epoch，DPSGD的准确率: 0.8688 KF-DPSGD的准确率: 0.9119
Bseline-第 43 个epoch，DPSGD的准确率: 0.8702 KF-DPSGD的准确率: 0.9119
Bseline-第 44 个epoch，DPSGD的准确率: 0.8711 KF-DPSGD的准确率: 0.9118
Bseline-第 45 个epoch，DPSGD的准确率: 0.8715 KF-DPSGD的准确率: 0.9118
Bseline-第 46 个epoch，DPSGD的准确率: 0.8728 KF-DPSGD的准确率: 0.9129
Bseline-第 47 个epoch，DPSGD的准确率: 0.874 KF-DPSGD的准确率: 0.9124
Bseline-第 48 个epoch，DPSGD的准确率: 0.8758 KF-DPSGD的准确率: 0.9141
Bseline-第 49 个epoch，DPSGD的准确率: 0.8769 KF-DPSGD的准确率: 0.9145
Bseline-第 50 个epoch，DPSGD的准确率: 0.877 KF-DPSGD的准确率: 0.9148
Bseline-第 51 个epoch，DPSGD的准确率: 0.8781 KF-DPSGD的准确率: 0.9153
Bseline-第 52 个epoch，DPSGD的准确率: 0.879 KF-DPSGD的准确率: 0.916
Bseline-第 53 个epoch，DPSGD的准确率: 0.879 KF-DPSGD的准确率: 0.9155
Bseline-第 54 个epoch，DPSGD的准确率: 0.8799 KF-DPSGD的准确率: 0.9156
Bseline-第 55 个epoch，DPSGD的准确率: 0.8805 KF-DPSGD的准确率: 0.9169
Bseline-第 56 个epoch，DPSGD的准确率: 0.8814 KF-DPSGD的准确率: 0.9176
Bseline-第 57 个epoch，DPSGD的准确率: 0.882 KF-DPSGD的准确率: 0.9178
Bseline-第 58 个epoch，DPSGD的准确率: 0.8823 KF-DPSGD的准确率: 0.9183
Bseline-第 59 个epoch，DPSGD的准确率: 0.8832 KF-DPSGD的准确率: 0.9182
Bseline-第 60 个epoch，DPSGD的准确率: 0.884 KF-DPSGD的准确率: 0.918
Bseline-第 61 个epoch，DPSGD的准确率: 0.8846 KF-DPSGD的准确率: 0.9189
Bseline-第 62 个epoch，DPSGD的准确率: 0.8845 KF-DPSGD的准确率: 0.9203
Bseline-第 63 个epoch，DPSGD的准确率: 0.8851 KF-DPSGD的准确率: 0.9195
Bseline-第 64 个epoch，DPSGD的准确率: 0.8851 KF-DPSGD的准确率: 0.9198
Bseline-第 65 个epoch，DPSGD的准确率: 0.8856 KF-DPSGD的准确率: 0.92
Bseline-第 66 个epoch，DPSGD的准确率: 0.8855 KF-DPSGD的准确率: 0.9203
Bseline-第 67 个epoch，DPSGD的准确率: 0.8864 KF-DPSGD的准确率: 0.921
Bseline-第 68 个epoch，DPSGD的准确率: 0.8866 KF-DPSGD的准确率: 0.9222
Bseline-第 69 个epoch，DPSGD的准确率: 0.8868 KF-DPSGD的准确率: 0.922
Baseline方法结束
KCIF-第0个epoch，准确率为:0.4416
KCIF-第1个epoch，准确率为:0.7283
KCIF-第2个epoch，准确率为:0.7934
KCIF-第3个epoch，准确率为:0.8248
KCIF-第4个epoch，准确率为:0.8408
KCIF-第5个epoch，准确率为:0.8547
KCIF-第6个epoch，准确率为:0.8673
KCIF-第7个epoch，准确率为:0.878
KCIF-第8个epoch，准确率为:0.8852
KCIF-第9个epoch，准确率为:0.8924
KCIF-第10个epoch，准确率为:0.8966
KCIF-第11个epoch，准确率为:0.8996
KCIF-第12个epoch，准确率为:0.9036
KCIF-第13个epoch，准确率为:0.9068
KCIF-第14个epoch，准确率为:0.9112
KCIF-第15个epoch，准确率为:0.9127
KCIF-第16个epoch，准确率为:0.9151
KCIF-第17个epoch，准确率为:0.9174
KCIF-第18个epoch，准确率为:0.9193
KCIF-第19个epoch，准确率为:0.9223
KCIF-第20个epoch，准确率为:0.9229
KCIF-第21个epoch，准确率为:0.9247
KCIF-第22个epoch，准确率为:0.9263
KCIF-第23个epoch，准确率为:0.9277
KCIF-第24个epoch，准确率为:0.9286
KCIF-第25个epoch，准确率为:0.9296
KCIF-第26个epoch，准确率为:0.9301
KCIF-第27个epoch，准确率为:0.931
KCIF-第28个epoch，准确率为:0.9317
KCIF-第29个epoch，准确率为:0.9328
KCIF-第30个epoch，准确率为:0.9342
KCIF-第31个epoch，准确率为:0.9356
KCIF-第32个epoch，准确率为:0.9357
KCIF-第33个epoch，准确率为:0.9373
KCIF-第34个epoch，准确率为:0.9388
KCIF-第35个epoch，准确率为:0.9392
KCIF-第36个epoch，准确率为:0.9402
KCIF-第37个epoch，准确率为:0.9408
KCIF-第38个epoch，准确率为:0.9414
KCIF-第39个epoch，准确率为:0.9428
KCIF-第40个epoch，准确率为:0.9433
KCIF-第41个epoch，准确率为:0.9439
KCIF-第42个epoch，准确率为:0.9445
KCIF-第43个epoch，准确率为:0.9449
KCIF-第44个epoch，准确率为:0.9454
KCIF-第45个epoch，准确率为:0.9459
KCIF-第46个epoch，准确率为:0.9475
KCIF-第47个epoch，准确率为:0.9481
KCIF-第48个epoch，准确率为:0.9487
KCIF-第49个epoch，准确率为:0.9491
KCIF-第50个epoch，准确率为:0.9493
KCIF-第51个epoch，准确率为:0.95
KCIF-第52个epoch，准确率为:0.9491
KCIF-第53个epoch，准确率为:0.9506
KCIF-第54个epoch，准确率为:0.9505
KCIF-第55个epoch，准确率为:0.951
KCIF-第56个epoch，准确率为:0.9511
KCIF-第57个epoch，准确率为:0.952
KCIF-第58个epoch，准确率为:0.9529
KCIF-第59个epoch，准确率为:0.9535
KCIF-第60个epoch，准确率为:0.9539
KCIF-第61个epoch，准确率为:0.954
KCIF-第62个epoch，准确率为:0.9543
KCIF-第63个epoch，准确率为:0.9549
KCIF-第64个epoch，准确率为:0.9555
KCIF-第65个epoch，准确率为:0.9554
KCIF-第66个epoch，准确率为:0.9552
KCIF-第67个epoch，准确率为:0.9559
KCIF-第68个epoch，准确率为:0.9567
KCIF-第69个epoch，准确率为:0.957
KCIF方法结束
Bseline-第 0 个epoch，DPSGD的准确率: 0.1538 KF-DPSGD的准确率: 0.4418
Bseline-第 1 个epoch，DPSGD的准确率: 0.226 KF-DPSGD的准确率: 0.693
Bseline-第 2 个epoch，DPSGD的准确率: 0.3171 KF-DPSGD的准确率: 0.7906
Bseline-第 3 个epoch，DPSGD的准确率: 0.4336 KF-DPSGD的准确率: 0.8072
Bseline-第 4 个epoch，DPSGD的准确率: 0.5306 KF-DPSGD的准确率: 0.8345
Bseline-第 5 个epoch，DPSGD的准确率: 0.618 KF-DPSGD的准确率: 0.8546
Bseline-第 6 个epoch，DPSGD的准确率: 0.6784 KF-DPSGD的准确率: 0.8615
Bseline-第 7 个epoch，DPSGD的准确率: 0.7248 KF-DPSGD的准确率: 0.87
Bseline-第 8 个epoch，DPSGD的准确率: 0.7462 KF-DPSGD的准确率: 0.8792
Bseline-第 9 个epoch，DPSGD的准确率: 0.7667 KF-DPSGD的准确率: 0.8825
Bseline-第 10 个epoch，DPSGD的准确率: 0.7777 KF-DPSGD的准确率: 0.8914
Bseline-第 11 个epoch，DPSGD的准确率: 0.7881 KF-DPSGD的准确率: 0.8935
Bseline-第 12 个epoch，DPSGD的准确率: 0.7954 KF-DPSGD的准确率: 0.896
Bseline-第 13 个epoch，DPSGD的准确率: 0.8034 KF-DPSGD的准确率: 0.8999
Bseline-第 14 个epoch，DPSGD的准确率: 0.8131 KF-DPSGD的准确率: 0.9022
Bseline-第 15 个epoch，DPSGD的准确率: 0.8176 KF-DPSGD的准确率: 0.9083
Bseline-第 16 个epoch，DPSGD的准确率: 0.8245 KF-DPSGD的准确率: 0.91
Bseline-第 17 个epoch，DPSGD的准确率: 0.8276 KF-DPSGD的准确率: 0.9112
Bseline-第 18 个epoch，DPSGD的准确率: 0.8317 KF-DPSGD的准确率: 0.9117
Bseline-第 19 个epoch，DPSGD的准确率: 0.8355 KF-DPSGD的准确率: 0.9161
Bseline-第 20 个epoch，DPSGD的准确率: 0.8377 KF-DPSGD的准确率: 0.9189
Bseline-第 21 个epoch，DPSGD的准确率: 0.8419 KF-DPSGD的准确率: 0.9201
Bseline-第 22 个epoch，DPSGD的准确率: 0.8453 KF-DPSGD的准确率: 0.9193
Bseline-第 23 个epoch，DPSGD的准确率: 0.8488 KF-DPSGD的准确率: 0.9226
Bseline-第 24 个epoch，DPSGD的准确率: 0.8524 KF-DPSGD的准确率: 0.9239
Bseline-第 25 个epoch，DPSGD的准确率: 0.8541 KF-DPSGD的准确率: 0.9242
Bseline-第 26 个epoch，DPSGD的准确率: 0.8574 KF-DPSGD的准确率: 0.9252
Bseline-第 27 个epoch，DPSGD的准确率: 0.8602 KF-DPSGD的准确率: 0.9254
Bseline-第 28 个epoch，DPSGD的准确率: 0.8623 KF-DPSGD的准确率: 0.9263
Bseline-第 29 个epoch，DPSGD的准确率: 0.8644 KF-DPSGD的准确率: 0.9277
Bseline-第 30 个epoch，DPSGD的准确率: 0.8668 KF-DPSGD的准确率: 0.9286
Bseline-第 31 个epoch，DPSGD的准确率: 0.8693 KF-DPSGD的准确率: 0.9303
Bseline-第 32 个epoch，DPSGD的准确率: 0.8737 KF-DPSGD的准确率: 0.9338
Bseline-第 33 个epoch，DPSGD的准确率: 0.8755 KF-DPSGD的准确率: 0.933
Bseline-第 34 个epoch，DPSGD的准确率: 0.8772 KF-DPSGD的准确率: 0.9336
Bseline-第 35 个epoch，DPSGD的准确率: 0.8796 KF-DPSGD的准确率: 0.9359
Bseline-第 36 个epoch，DPSGD的准确率: 0.8801 KF-DPSGD的准确率: 0.9352
Bseline-第 37 个epoch，DPSGD的准确率: 0.8824 KF-DPSGD的准确率: 0.9368
Bseline-第 38 个epoch，DPSGD的准确率: 0.8848 KF-DPSGD的准确率: 0.9382
Bseline-第 39 个epoch，DPSGD的准确率: 0.8866 KF-DPSGD的准确率: 0.9374
Bseline-第 40 个epoch，DPSGD的准确率: 0.8871 KF-DPSGD的准确率: 0.9398
Bseline-第 41 个epoch，DPSGD的准确率: 0.8882 KF-DPSGD的准确率: 0.9412
Bseline-第 42 个epoch，DPSGD的准确率: 0.8895 KF-DPSGD的准确率: 0.9408
Bseline-第 43 个epoch，DPSGD的准确率: 0.8908 KF-DPSGD的准确率: 0.9416
Bseline-第 44 个epoch，DPSGD的准确率: 0.8912 KF-DPSGD的准确率: 0.9411
Bseline-第 45 个epoch，DPSGD的准确率: 0.8928 KF-DPSGD的准确率: 0.9413
Bseline-第 46 个epoch，DPSGD的准确率: 0.8951 KF-DPSGD的准确率: 0.9417
Bseline-第 47 个epoch，DPSGD的准确率: 0.8954 KF-DPSGD的准确率: 0.943
Bseline-第 48 个epoch，DPSGD的准确率: 0.8961 KF-DPSGD的准确率: 0.9438
Bseline-第 49 个epoch，DPSGD的准确率: 0.8968 KF-DPSGD的准确率: 0.9426
Bseline-第 50 个epoch，DPSGD的准确率: 0.8988 KF-DPSGD的准确率: 0.9453
Bseline-第 51 个epoch，DPSGD的准确率: 0.9 KF-DPSGD的准确率: 0.945
Bseline-第 52 个epoch，DPSGD的准确率: 0.9004 KF-DPSGD的准确率: 0.9451
Bseline-第 53 个epoch，DPSGD的准确率: 0.9026 KF-DPSGD的准确率: 0.9471
Bseline-第 54 个epoch，DPSGD的准确率: 0.9017 KF-DPSGD的准确率: 0.9454
Bseline-第 55 个epoch，DPSGD的准确率: 0.9033 KF-DPSGD的准确率: 0.9462
Bseline-第 56 个epoch，DPSGD的准确率: 0.9036 KF-DPSGD的准确率: 0.9466
Bseline-第 57 个epoch，DPSGD的准确率: 0.9048 KF-DPSGD的准确率: 0.948
Bseline-第 58 个epoch，DPSGD的准确率: 0.9048 KF-DPSGD的准确率: 0.9479
Bseline-第 59 个epoch，DPSGD的准确率: 0.9056 KF-DPSGD的准确率: 0.948
Bseline-第 60 个epoch，DPSGD的准确率: 0.908 KF-DPSGD的准确率: 0.9488
Bseline-第 61 个epoch，DPSGD的准确率: 0.9083 KF-DPSGD的准确率: 0.9477
Bseline-第 62 个epoch，DPSGD的准确率: 0.9074 KF-DPSGD的准确率: 0.9498
Bseline-第 63 个epoch，DPSGD的准确率: 0.9098 KF-DPSGD的准确率: 0.9501
Bseline-第 64 个epoch，DPSGD的准确率: 0.9096 KF-DPSGD的准确率: 0.9498
Bseline-第 65 个epoch，DPSGD的准确率: 0.9107 KF-DPSGD的准确率: 0.9512
Bseline-第 66 个epoch，DPSGD的准确率: 0.9125 KF-DPSGD的准确率: 0.952
Bseline-第 67 个epoch，DPSGD的准确率: 0.9129 KF-DPSGD的准确率: 0.9519
Bseline-第 68 个epoch，DPSGD的准确率: 0.9122 KF-DPSGD的准确率: 0.9515
Bseline-第 69 个epoch，DPSGD的准确率: 0.9135 KF-DPSGD的准确率: 0.9516
Baseline方法结束
KCIF-第0个epoch，准确率为:0.2011
KCIF-第1个epoch，准确率为:0.2405
KCIF-第2个epoch，准确率为:0.2551
KCIF-第3个epoch，准确率为:0.2663
KCIF-第4个epoch，准确率为:0.2747
KCIF-第5个epoch，准确率为:0.2833
KCIF-第6个epoch，准确率为:0.2935
KCIF-第7个epoch，准确率为:0.3011
KCIF-第8个epoch，准确率为:0.3109
KCIF-第9个epoch，准确率为:0.3183
KCIF-第10个epoch，准确率为:0.3259
KCIF-第11个epoch，准确率为:0.3322
KCIF-第12个epoch，准确率为:0.3387
KCIF-第13个epoch，准确率为:0.3435
KCIF-第14个epoch，准确率为:0.35
KCIF-第15个epoch，准确率为:0.3536
KCIF-第16个epoch，准确率为:0.3602
KCIF-第17个epoch，准确率为:0.3627
KCIF-第18个epoch，准确率为:0.3677
KCIF-第19个epoch，准确率为:0.3717
KCIF-第20个epoch，准确率为:0.3759
KCIF-第21个epoch，准确率为:0.3776
KCIF-第22个epoch，准确率为:0.3785
KCIF-第23个epoch，准确率为:0.3799
KCIF-第24个epoch，准确率为:0.3819
KCIF-第25个epoch，准确率为:0.3848
KCIF-第26个epoch，准确率为:0.3873
KCIF-第27个epoch，准确率为:0.389
KCIF-第28个epoch，准确率为:0.3928
KCIF-第29个epoch，准确率为:0.3943
KCIF-第30个epoch，准确率为:0.3958
KCIF-第31个epoch，准确率为:0.4003
KCIF-第32个epoch，准确率为:0.4
KCIF-第33个epoch，准确率为:0.4015
KCIF-第34个epoch，准确率为:0.4038
KCIF-第35个epoch，准确率为:0.4075
KCIF-第36个epoch，准确率为:0.4093
KCIF-第37个epoch，准确率为:0.412
KCIF-第38个epoch，准确率为:0.413
KCIF-第39个epoch，准确率为:0.4155
KCIF-第40个epoch，准确率为:0.4177
KCIF-第41个epoch，准确率为:0.4183
KCIF-第42个epoch，准确率为:0.4217
KCIF-第43个epoch，准确率为:0.4236
KCIF-第44个epoch，准确率为:0.4248
KCIF-第45个epoch，准确率为:0.428
KCIF-第46个epoch，准确率为:0.4292
KCIF-第47个epoch，准确率为:0.4286
KCIF-第48个epoch，准确率为:0.4301
KCIF-第49个epoch，准确率为:0.432
KCIF-第50个epoch，准确率为:0.4321
KCIF-第51个epoch，准确率为:0.4347
KCIF-第52个epoch，准确率为:0.4337
KCIF-第53个epoch，准确率为:0.4351
KCIF-第54个epoch，准确率为:0.4349
KCIF-第55个epoch，准确率为:0.4366
KCIF-第56个epoch，准确率为:0.436
KCIF-第57个epoch，准确率为:0.4389
KCIF-第58个epoch，准确率为:0.4406
KCIF-第59个epoch，准确率为:0.4391
KCIF-第60个epoch，准确率为:0.4394
KCIF-第61个epoch，准确率为:0.4423
KCIF-第62个epoch，准确率为:0.442
KCIF-第63个epoch，准确率为:0.445
KCIF-第64个epoch，准确率为:0.4442
KCIF-第65个epoch，准确率为:0.4469
KCIF-第66个epoch，准确率为:0.4467
KCIF-第67个epoch，准确率为:0.4482
KCIF-第68个epoch，准确率为:0.4469
KCIF-第69个epoch，准确率为:0.4474
KCIF方法结束
Bseline-第 0 个epoch，DPSGD的准确率: 0.1219 KF-DPSGD的准确率: 0.19
Bseline-第 1 个epoch，DPSGD的准确率: 0.1531 KF-DPSGD的准确率: 0.2255
Bseline-第 2 个epoch，DPSGD的准确率: 0.1769 KF-DPSGD的准确率: 0.2467
Bseline-第 3 个epoch，DPSGD的准确率: 0.1928 KF-DPSGD的准确率: 0.2591
Bseline-第 4 个epoch，DPSGD的准确率: 0.2086 KF-DPSGD的准确率: 0.2662
Bseline-第 5 个epoch，DPSGD的准确率: 0.2201 KF-DPSGD的准确率: 0.2781
Bseline-第 6 个epoch，DPSGD的准确率: 0.2293 KF-DPSGD的准确率: 0.2807
Bseline-第 7 个epoch，DPSGD的准确率: 0.2365 KF-DPSGD的准确率: 0.2893
Bseline-第 8 个epoch，DPSGD的准确率: 0.2406 KF-DPSGD的准确率: 0.2974
Bseline-第 9 个epoch，DPSGD的准确率: 0.2447 KF-DPSGD的准确率: 0.3038
Bseline-第 10 个epoch，DPSGD的准确率: 0.2457 KF-DPSGD的准确率: 0.3069
Bseline-第 11 个epoch，DPSGD的准确率: 0.2512 KF-DPSGD的准确率: 0.3206
Bseline-第 12 个epoch，DPSGD的准确率: 0.2523 KF-DPSGD的准确率: 0.3278
Bseline-第 13 个epoch，DPSGD的准确率: 0.2535 KF-DPSGD的准确率: 0.3281
Bseline-第 14 个epoch，DPSGD的准确率: 0.2586 KF-DPSGD的准确率: 0.3381
Bseline-第 15 个epoch，DPSGD的准确率: 0.2609 KF-DPSGD的准确率: 0.3443
Bseline-第 16 个epoch，DPSGD的准确率: 0.2616 KF-DPSGD的准确率: 0.3499
Bseline-第 17 个epoch，DPSGD的准确率: 0.2637 KF-DPSGD的准确率: 0.3543
Bseline-第 18 个epoch，DPSGD的准确率: 0.267 KF-DPSGD的准确率: 0.3593
Bseline-第 19 个epoch，DPSGD的准确率: 0.2692 KF-DPSGD的准确率: 0.3661
Bseline-第 20 个epoch，DPSGD的准确率: 0.2717 KF-DPSGD的准确率: 0.367
Bseline-第 21 个epoch，DPSGD的准确率: 0.272 KF-DPSGD的准确率: 0.3682
Bseline-第 22 个epoch，DPSGD的准确率: 0.274 KF-DPSGD的准确率: 0.3728
Bseline-第 23 个epoch，DPSGD的准确率: 0.2765 KF-DPSGD的准确率: 0.3753
Bseline-第 24 个epoch，DPSGD的准确率: 0.2786 KF-DPSGD的准确率: 0.3763
Bseline-第 25 个epoch，DPSGD的准确率: 0.2824 KF-DPSGD的准确率: 0.3781
Bseline-第 26 个epoch，DPSGD的准确率: 0.2839 KF-DPSGD的准确率: 0.3837
Bseline-第 27 个epoch，DPSGD的准确率: 0.2878 KF-DPSGD的准确率: 0.3865
Bseline-第 28 个epoch，DPSGD的准确率: 0.2901 KF-DPSGD的准确率: 0.3864
Bseline-第 29 个epoch，DPSGD的准确率: 0.2917 KF-DPSGD的准确率: 0.3877
Bseline-第 30 个epoch，DPSGD的准确率: 0.294 KF-DPSGD的准确率: 0.3927
Bseline-第 31 个epoch，DPSGD的准确率: 0.2956 KF-DPSGD的准确率: 0.3974
Bseline-第 32 个epoch，DPSGD的准确率: 0.2977 KF-DPSGD的准确率: 0.3997
Bseline-第 33 个epoch，DPSGD的准确率: 0.2993 KF-DPSGD的准确率: 0.3984
Bseline-第 34 个epoch，DPSGD的准确率: 0.2996 KF-DPSGD的准确率: 0.3984
Bseline-第 35 个epoch，DPSGD的准确率: 0.304 KF-DPSGD的准确率: 0.4038
Bseline-第 36 个epoch，DPSGD的准确率: 0.306 KF-DPSGD的准确率: 0.4056
Bseline-第 37 个epoch，DPSGD的准确率: 0.3066 KF-DPSGD的准确率: 0.4035
Bseline-第 38 个epoch，DPSGD的准确率: 0.308 KF-DPSGD的准确率: 0.4101
Bseline-第 39 个epoch，DPSGD的准确率: 0.3108 KF-DPSGD的准确率: 0.4157
Bseline-第 40 个epoch，DPSGD的准确率: 0.3124 KF-DPSGD的准确率: 0.4113
Bseline-第 41 个epoch，DPSGD的准确率: 0.3143 KF-DPSGD的准确率: 0.4141
Bseline-第 42 个epoch，DPSGD的准确率: 0.3163 KF-DPSGD的准确率: 0.4161
Bseline-第 43 个epoch，DPSGD的准确率: 0.3184 KF-DPSGD的准确率: 0.4215
Bseline-第 44 个epoch，DPSGD的准确率: 0.321 KF-DPSGD的准确率: 0.4236
Bseline-第 45 个epoch，DPSGD的准确率: 0.3219 KF-DPSGD的准确率: 0.4219
Bseline-第 46 个epoch，DPSGD的准确率: 0.3219 KF-DPSGD的准确率: 0.4228
Bseline-第 47 个epoch，DPSGD的准确率: 0.3231 KF-DPSGD的准确率: 0.423
Bseline-第 48 个epoch，DPSGD的准确率: 0.3251 KF-DPSGD的准确率: 0.4261
Bseline-第 49 个epoch，DPSGD的准确率: 0.3277 KF-DPSGD的准确率: 0.4252
Bseline-第 50 个epoch，DPSGD的准确率: 0.33 KF-DPSGD的准确率: 0.4262
Bseline-第 51 个epoch，DPSGD的准确率: 0.3328 KF-DPSGD的准确率: 0.4291
Bseline-第 52 个epoch，DPSGD的准确率: 0.3324 KF-DPSGD的准确率: 0.4319
Bseline-第 53 个epoch，DPSGD的准确率: 0.334 KF-DPSGD的准确率: 0.4322
Bseline-第 54 个epoch，DPSGD的准确率: 0.3378 KF-DPSGD的准确率: 0.4317
Bseline-第 55 个epoch，DPSGD的准确率: 0.3396 KF-DPSGD的准确率: 0.4366
Bseline-第 56 个epoch，DPSGD的准确率: 0.3405 KF-DPSGD的准确率: 0.4348
Bseline-第 57 个epoch，DPSGD的准确率: 0.3418 KF-DPSGD的准确率: 0.4368
Bseline-第 58 个epoch，DPSGD的准确率: 0.3438 KF-DPSGD的准确率: 0.4375
Bseline-第 59 个epoch，DPSGD的准确率: 0.3419 KF-DPSGD的准确率: 0.437
Bseline-第 60 个epoch，DPSGD的准确率: 0.3445 KF-DPSGD的准确率: 0.438
Bseline-第 61 个epoch，DPSGD的准确率: 0.3471 KF-DPSGD的准确率: 0.4402
Bseline-第 62 个epoch，DPSGD的准确率: 0.3487 KF-DPSGD的准确率: 0.4396
Bseline-第 63 个epoch，DPSGD的准确率: 0.3502 KF-DPSGD的准确率: 0.4379
Bseline-第 64 个epoch，DPSGD的准确率: 0.3505 KF-DPSGD的准确率: 0.4424
Bseline-第 65 个epoch，DPSGD的准确率: 0.3516 KF-DPSGD的准确率: 0.4434
Bseline-第 66 个epoch，DPSGD的准确率: 0.3527 KF-DPSGD的准确率: 0.4427
Bseline-第 67 个epoch，DPSGD的准确率: 0.3537 KF-DPSGD的准确率: 0.4457
Bseline-第 68 个epoch，DPSGD的准确率: 0.3576 KF-DPSGD的准确率: 0.4489
Bseline-第 69 个epoch，DPSGD的准确率: 0.3565 KF-DPSGD的准确率: 0.4458
Baseline方法结束
KCIF-第0个epoch，准确率为:0.601
KCIF-第1个epoch，准确率为:0.606
KCIF-第2个epoch，准确率为:0.609
KCIF-第3个epoch，准确率为:0.61
KCIF-第4个epoch，准确率为:0.614
KCIF-第5个epoch，准确率为:0.618
KCIF-第6个epoch，准确率为:0.622
KCIF-第7个epoch，准确率为:0.628
KCIF-第8个epoch，准确率为:0.629
KCIF-第9个epoch，准确率为:0.63
KCIF-第10个epoch，准确率为:0.637
KCIF-第11个epoch，准确率为:0.641
KCIF-第12个epoch，准确率为:0.644
KCIF-第13个epoch，准确率为:0.648
KCIF-第14个epoch，准确率为:0.653
KCIF-第15个epoch，准确率为:0.655
KCIF-第16个epoch，准确率为:0.66
KCIF-第17个epoch，准确率为:0.663
KCIF-第18个epoch，准确率为:0.665
KCIF-第19个epoch，准确率为:0.67
KCIF-第20个epoch，准确率为:0.672
KCIF-第21个epoch，准确率为:0.672
KCIF-第22个epoch，准确率为:0.676
KCIF-第23个epoch，准确率为:0.681
KCIF-第24个epoch，准确率为:0.684
KCIF-第25个epoch，准确率为:0.688
KCIF-第26个epoch，准确率为:0.691
KCIF-第27个epoch，准确率为:0.691
KCIF-第28个epoch，准确率为:0.693
KCIF-第29个epoch，准确率为:0.695
KCIF-第30个epoch，准确率为:0.701
KCIF-第31个epoch，准确率为:0.702
KCIF-第32个epoch，准确率为:0.709
KCIF-第33个epoch，准确率为:0.714
KCIF-第34个epoch，准确率为:0.715
KCIF-第35个epoch，准确率为:0.717
KCIF-第36个epoch，准确率为:0.717
KCIF-第37个epoch，准确率为:0.717
KCIF-第38个epoch，准确率为:0.72
KCIF-第39个epoch，准确率为:0.721
KCIF-第40个epoch，准确率为:0.723
KCIF-第41个epoch，准确率为:0.723
KCIF-第42个epoch，准确率为:0.724
KCIF-第43个epoch，准确率为:0.724
KCIF-第44个epoch，准确率为:0.725
KCIF-第45个epoch，准确率为:0.728
KCIF-第46个epoch，准确率为:0.729
KCIF-第47个epoch，准确率为:0.732
KCIF-第48个epoch，准确率为:0.731
KCIF-第49个epoch，准确率为:0.732
KCIF-第50个epoch，准确率为:0.734
KCIF-第51个epoch，准确率为:0.735
KCIF-第52个epoch，准确率为:0.736
KCIF-第53个epoch，准确率为:0.736
KCIF-第54个epoch，准确率为:0.738
KCIF-第55个epoch，准确率为:0.738
KCIF-第56个epoch，准确率为:0.74
KCIF-第57个epoch，准确率为:0.742
KCIF-第58个epoch，准确率为:0.743
KCIF-第59个epoch，准确率为:0.746
KCIF-第60个epoch，准确率为:0.746
KCIF-第61个epoch，准确率为:0.748
KCIF-第62个epoch，准确率为:0.749
KCIF-第63个epoch，准确率为:0.75
KCIF-第64个epoch，准确率为:0.75
KCIF-第65个epoch，准确率为:0.75
KCIF-第66个epoch，准确率为:0.749
KCIF-第67个epoch，准确率为:0.749
KCIF-第68个epoch，准确率为:0.749
KCIF-第69个epoch，准确率为:0.75
KCIF方法结束
Bseline-第 0 个epoch，DPSGD的准确率: 0.594 KF-DPSGD的准确率: 0.601
Bseline-第 1 个epoch，DPSGD的准确率: 0.598 KF-DPSGD的准确率: 0.605
Bseline-第 2 个epoch，DPSGD的准确率: 0.599 KF-DPSGD的准确率: 0.61
Bseline-第 3 个epoch，DPSGD的准确率: 0.6 KF-DPSGD的准确率: 0.61
Bseline-第 4 个epoch，DPSGD的准确率: 0.602 KF-DPSGD的准确率: 0.611
Bseline-第 5 个epoch，DPSGD的准确率: 0.604 KF-DPSGD的准确率: 0.616
Bseline-第 6 个epoch，DPSGD的准确率: 0.604 KF-DPSGD的准确率: 0.62
Bseline-第 7 个epoch，DPSGD的准确率: 0.605 KF-DPSGD的准确率: 0.625
Bseline-第 8 个epoch，DPSGD的准确率: 0.607 KF-DPSGD的准确率: 0.629
Bseline-第 9 个epoch，DPSGD的准确率: 0.607 KF-DPSGD的准确率: 0.629
Bseline-第 10 个epoch，DPSGD的准确率: 0.607 KF-DPSGD的准确率: 0.632
Bseline-第 11 个epoch，DPSGD的准确率: 0.609 KF-DPSGD的准确率: 0.637
Bseline-第 12 个epoch，DPSGD的准确率: 0.609 KF-DPSGD的准确率: 0.641
Bseline-第 13 个epoch，DPSGD的准确率: 0.61 KF-DPSGD的准确率: 0.643
Bseline-第 14 个epoch，DPSGD的准确率: 0.609 KF-DPSGD的准确率: 0.647
Bseline-第 15 个epoch，DPSGD的准确率: 0.609 KF-DPSGD的准确率: 0.651
Bseline-第 16 个epoch，DPSGD的准确率: 0.61 KF-DPSGD的准确率: 0.654
Bseline-第 17 个epoch，DPSGD的准确率: 0.612 KF-DPSGD的准确率: 0.657
Bseline-第 18 个epoch，DPSGD的准确率: 0.612 KF-DPSGD的准确率: 0.66
Bseline-第 19 个epoch，DPSGD的准确率: 0.611 KF-DPSGD的准确率: 0.664
Bseline-第 20 个epoch，DPSGD的准确率: 0.613 KF-DPSGD的准确率: 0.667
Bseline-第 21 个epoch，DPSGD的准确率: 0.615 KF-DPSGD的准确率: 0.672
Bseline-第 22 个epoch，DPSGD的准确率: 0.615 KF-DPSGD的准确率: 0.674
Bseline-第 23 个epoch，DPSGD的准确率: 0.617 KF-DPSGD的准确率: 0.678
Bseline-第 24 个epoch，DPSGD的准确率: 0.617 KF-DPSGD的准确率: 0.681
Bseline-第 25 个epoch，DPSGD的准确率: 0.619 KF-DPSGD的准确率: 0.683
Bseline-第 26 个epoch，DPSGD的准确率: 0.621 KF-DPSGD的准确率: 0.685
Bseline-第 27 个epoch，DPSGD的准确率: 0.621 KF-DPSGD的准确率: 0.687
Bseline-第 28 个epoch，DPSGD的准确率: 0.621 KF-DPSGD的准确率: 0.689
Bseline-第 29 个epoch，DPSGD的准确率: 0.623 KF-DPSGD的准确率: 0.692
Bseline-第 30 个epoch，DPSGD的准确率: 0.624 KF-DPSGD的准确率: 0.696
Bseline-第 31 个epoch，DPSGD的准确率: 0.625 KF-DPSGD的准确率: 0.699
Bseline-第 32 个epoch，DPSGD的准确率: 0.626 KF-DPSGD的准确率: 0.704
Bseline-第 33 个epoch，DPSGD的准确率: 0.628 KF-DPSGD的准确率: 0.708
Bseline-第 34 个epoch，DPSGD的准确率: 0.627 KF-DPSGD的准确率: 0.71
Bseline-第 35 个epoch，DPSGD的准确率: 0.628 KF-DPSGD的准确率: 0.71
Bseline-第 36 个epoch，DPSGD的准确率: 0.628 KF-DPSGD的准确率: 0.712
Bseline-第 37 个epoch，DPSGD的准确率: 0.626 KF-DPSGD的准确率: 0.712
Bseline-第 38 个epoch，DPSGD的准确率: 0.627 KF-DPSGD的准确率: 0.717
Bseline-第 39 个epoch，DPSGD的准确率: 0.629 KF-DPSGD的准确率: 0.719
Bseline-第 40 个epoch，DPSGD的准确率: 0.629 KF-DPSGD的准确率: 0.718
Bseline-第 41 个epoch，DPSGD的准确率: 0.63 KF-DPSGD的准确率: 0.72
Bseline-第 42 个epoch，DPSGD的准确率: 0.631 KF-DPSGD的准确率: 0.723
Bseline-第 43 个epoch，DPSGD的准确率: 0.632 KF-DPSGD的准确率: 0.723
Bseline-第 44 个epoch，DPSGD的准确率: 0.633 KF-DPSGD的准确率: 0.723
Bseline-第 45 个epoch，DPSGD的准确率: 0.634 KF-DPSGD的准确率: 0.728
Bseline-第 46 个epoch，DPSGD的准确率: 0.634 KF-DPSGD的准确率: 0.729
Bseline-第 47 个epoch，DPSGD的准确率: 0.636 KF-DPSGD的准确率: 0.73
Bseline-第 48 个epoch，DPSGD的准确率: 0.635 KF-DPSGD的准确率: 0.733
Bseline-第 49 个epoch，DPSGD的准确率: 0.64 KF-DPSGD的准确率: 0.733
Bseline-第 50 个epoch，DPSGD的准确率: 0.641 KF-DPSGD的准确率: 0.732
Bseline-第 51 个epoch，DPSGD的准确率: 0.642 KF-DPSGD的准确率: 0.732
Bseline-第 52 个epoch，DPSGD的准确率: 0.642 KF-DPSGD的准确率: 0.733
Bseline-第 53 个epoch，DPSGD的准确率: 0.642 KF-DPSGD的准确率: 0.733
Bseline-第 54 个epoch，DPSGD的准确率: 0.644 KF-DPSGD的准确率: 0.735
Bseline-第 55 个epoch，DPSGD的准确率: 0.643 KF-DPSGD的准确率: 0.737
Bseline-第 56 个epoch，DPSGD的准确率: 0.646 KF-DPSGD的准确率: 0.737
Bseline-第 57 个epoch，DPSGD的准确率: 0.646 KF-DPSGD的准确率: 0.739
Bseline-第 58 个epoch，DPSGD的准确率: 0.649 KF-DPSGD的准确率: 0.742
Bseline-第 59 个epoch，DPSGD的准确率: 0.649 KF-DPSGD的准确率: 0.743
Bseline-第 60 个epoch，DPSGD的准确率: 0.652 KF-DPSGD的准确率: 0.743
Bseline-第 61 个epoch，DPSGD的准确率: 0.653 KF-DPSGD的准确率: 0.743
Bseline-第 62 个epoch，DPSGD的准确率: 0.654 KF-DPSGD的准确率: 0.745
Bseline-第 63 个epoch，DPSGD的准确率: 0.656 KF-DPSGD的准确率: 0.745
Bseline-第 64 个epoch，DPSGD的准确率: 0.655 KF-DPSGD的准确率: 0.745
Bseline-第 65 个epoch，DPSGD的准确率: 0.654 KF-DPSGD的准确率: 0.748
Bseline-第 66 个epoch，DPSGD的准确率: 0.655 KF-DPSGD的准确率: 0.749
Bseline-第 67 个epoch，DPSGD的准确率: 0.656 KF-DPSGD的准确率: 0.75
Bseline-第 68 个epoch，DPSGD的准确率: 0.655 KF-DPSGD的准确率: 0.75
Bseline-第 69 个epoch，DPSGD的准确率: 0.655 KF-DPSGD的准确率: 0.75
Baseline方法结束
KCIF-第0个epoch，准确率为:0.5949
KCIF-第1个epoch，准确率为:0.7351
KCIF-第2个epoch，准确率为:0.7829
KCIF-第3个epoch，准确率为:0.8087
KCIF-第4个epoch，准确率为:0.8251
KCIF-第5个epoch，准确率为:0.8408
KCIF-第6个epoch，准确率为:0.848
KCIF-第7个epoch，准确率为:0.8562
KCIF-第8个epoch，准确率为:0.8633
KCIF-第9个epoch，准确率为:0.8683
KCIF-第10个epoch，准确率为:0.8724
KCIF-第11个epoch，准确率为:0.8762
KCIF-第12个epoch，准确率为:0.8804
KCIF-第13个epoch，准确率为:0.8831
KCIF-第14个epoch，准确率为:0.8863
KCIF-第15个epoch，准确率为:0.8874
KCIF-第16个epoch，准确率为:0.8896
KCIF-第17个epoch，准确率为:0.8913
KCIF-第18个epoch，准确率为:0.8933
KCIF-第19个epoch，准确率为:0.8945
KCIF-第20个epoch，准确率为:0.8967
KCIF-第21个epoch，准确率为:0.8974
KCIF-第22个epoch，准确率为:0.8985
KCIF-第23个epoch，准确率为:0.8998
KCIF-第24个epoch，准确率为:0.9015
KCIF-第25个epoch，准确率为:0.9023
KCIF-第26个epoch，准确率为:0.9026
KCIF-第27个epoch，准确率为:0.9031
KCIF-第28个epoch，准确率为:0.9041
KCIF-第29个epoch，准确率为:0.9055
KCIF-第30个epoch，准确率为:0.9062
KCIF-第31个epoch，准确率为:0.9069
KCIF-第32个epoch，准确率为:0.9079
KCIF-第33个epoch，准确率为:0.9081
KCIF-第34个epoch，准确率为:0.9087
KCIF-第35个epoch，准确率为:0.9104
KCIF-第36个epoch，准确率为:0.9111
KCIF-第37个epoch，准确率为:0.9119
KCIF-第38个epoch，准确率为:0.9127
KCIF-第39个epoch，准确率为:0.9134
KCIF-第40个epoch，准确率为:0.9134
KCIF-第41个epoch，准确率为:0.9141
KCIF-第42个epoch，准确率为:0.9146
KCIF-第43个epoch，准确率为:0.9152
KCIF-第44个epoch，准确率为:0.9159
KCIF-第45个epoch，准确率为:0.9166
KCIF-第46个epoch，准确率为:0.9175
KCIF-第47个epoch，准确率为:0.9179
KCIF-第48个epoch，准确率为:0.9185
KCIF-第49个epoch，准确率为:0.9187
KCIF-第50个epoch，准确率为:0.9192
KCIF-第51个epoch，准确率为:0.9193
KCIF-第52个epoch，准确率为:0.9195
KCIF-第53个epoch，准确率为:0.9202
KCIF-第54个epoch，准确率为:0.9207
KCIF-第55个epoch，准确率为:0.9209
KCIF-第56个epoch，准确率为:0.9214
KCIF-第57个epoch，准确率为:0.9218
KCIF-第58个epoch，准确率为:0.9224
KCIF-第59个epoch，准确率为:0.9217
KCIF-第60个epoch，准确率为:0.9225
KCIF-第61个epoch，准确率为:0.923
KCIF-第62个epoch，准确率为:0.923
KCIF-第63个epoch，准确率为:0.9235
KCIF-第64个epoch，准确率为:0.9238
KCIF-第65个epoch，准确率为:0.924
KCIF-第66个epoch，准确率为:0.924
KCIF-第67个epoch，准确率为:0.9247
KCIF-第68个epoch，准确率为:0.9245
KCIF-第69个epoch，准确率为:0.9251
KCIF方法结束
Bseline-第 0 个epoch，DPSGD的准确率: 0.1935 KF-DPSGD的准确率: 0.5663
Bseline-第 1 个epoch，DPSGD的准确率: 0.3418 KF-DPSGD的准确率: 0.7267
Bseline-第 2 个epoch，DPSGD的准确率: 0.472 KF-DPSGD的准确率: 0.7761
Bseline-第 3 个epoch，DPSGD的准确率: 0.5727 KF-DPSGD的准确率: 0.8013
Bseline-第 4 个epoch，DPSGD的准确率: 0.6346 KF-DPSGD的准确率: 0.8169
Bseline-第 5 个epoch，DPSGD的准确率: 0.6797 KF-DPSGD的准确率: 0.8328
Bseline-第 6 个epoch，DPSGD的准确率: 0.708 KF-DPSGD的准确率: 0.8428
Bseline-第 7 个epoch，DPSGD的准确率: 0.7283 KF-DPSGD的准确率: 0.8506
Bseline-第 8 个epoch，DPSGD的准确率: 0.7417 KF-DPSGD的准确率: 0.8578
Bseline-第 9 个epoch，DPSGD的准确率: 0.7567 KF-DPSGD的准确率: 0.8632
Bseline-第 10 个epoch，DPSGD的准确率: 0.7683 KF-DPSGD的准确率: 0.8677
Bseline-第 11 个epoch，DPSGD的准确率: 0.776 KF-DPSGD的准确率: 0.8714
Bseline-第 12 个epoch，DPSGD的准确率: 0.7836 KF-DPSGD的准确率: 0.8759
Bseline-第 13 个epoch，DPSGD的准确率: 0.7917 KF-DPSGD的准确率: 0.8801
Bseline-第 14 个epoch，DPSGD的准确率: 0.7972 KF-DPSGD的准确率: 0.8823
Bseline-第 15 个epoch，DPSGD的准确率: 0.802 KF-DPSGD的准确率: 0.885
Bseline-第 16 个epoch，DPSGD的准确率: 0.8071 KF-DPSGD的准确率: 0.8869
Bseline-第 17 个epoch，DPSGD的准确率: 0.8121 KF-DPSGD的准确率: 0.8883
Bseline-第 18 个epoch，DPSGD的准确率: 0.8164 KF-DPSGD的准确率: 0.8897
Bseline-第 19 个epoch，DPSGD的准确率: 0.8201 KF-DPSGD的准确率: 0.8902
Bseline-第 20 个epoch，DPSGD的准确率: 0.8239 KF-DPSGD的准确率: 0.8928
Bseline-第 21 个epoch，DPSGD的准确率: 0.8276 KF-DPSGD的准确率: 0.8937
Bseline-第 22 个epoch，DPSGD的准确率: 0.831 KF-DPSGD的准确率: 0.8945
Bseline-第 23 个epoch，DPSGD的准确率: 0.8337 KF-DPSGD的准确率: 0.8957
Bseline-第 24 个epoch，DPSGD的准确率: 0.8369 KF-DPSGD的准确率: 0.8967
Bseline-第 25 个epoch，DPSGD的准确率: 0.8391 KF-DPSGD的准确率: 0.8981
Bseline-第 26 个epoch，DPSGD的准确率: 0.841 KF-DPSGD的准确率: 0.8993
Bseline-第 27 个epoch，DPSGD的准确率: 0.843 KF-DPSGD的准确率: 0.8999
Bseline-第 28 个epoch，DPSGD的准确率: 0.8456 KF-DPSGD的准确率: 0.9019
Bseline-第 29 个epoch，DPSGD的准确率: 0.8481 KF-DPSGD的准确率: 0.9016
Bseline-第 30 个epoch，DPSGD的准确率: 0.8499 KF-DPSGD的准确率: 0.9022
Bseline-第 31 个epoch，DPSGD的准确率: 0.8514 KF-DPSGD的准确率: 0.9036
Bseline-第 32 个epoch，DPSGD的准确率: 0.8535 KF-DPSGD的准确率: 0.9048
Bseline-第 33 个epoch，DPSGD的准确率: 0.8563 KF-DPSGD的准确率: 0.9055
Bseline-第 34 个epoch，DPSGD的准确率: 0.858 KF-DPSGD的准确率: 0.907
Bseline-第 35 个epoch，DPSGD的准确率: 0.8599 KF-DPSGD的准确率: 0.9072
Bseline-第 36 个epoch，DPSGD的准确率: 0.8608 KF-DPSGD的准确率: 0.9071
Bseline-第 37 个epoch，DPSGD的准确率: 0.8622 KF-DPSGD的准确率: 0.9094
Bseline-第 38 个epoch，DPSGD的准确率: 0.8642 KF-DPSGD的准确率: 0.9093
Bseline-第 39 个epoch，DPSGD的准确率: 0.865 KF-DPSGD的准确率: 0.9105
Bseline-第 40 个epoch，DPSGD的准确率: 0.8658 KF-DPSGD的准确率: 0.9108
Bseline-第 41 个epoch，DPSGD的准确率: 0.8666 KF-DPSGD的准确率: 0.9109
Bseline-第 42 个epoch，DPSGD的准确率: 0.8682 KF-DPSGD的准确率: 0.9116
Bseline-第 43 个epoch，DPSGD的准确率: 0.869 KF-DPSGD的准确率: 0.9123
Bseline-第 44 个epoch，DPSGD的准确率: 0.871 KF-DPSGD的准确率: 0.9139
Bseline-第 45 个epoch，DPSGD的准确率: 0.8717 KF-DPSGD的准确率: 0.914
Bseline-第 46 个epoch，DPSGD的准确率: 0.8728 KF-DPSGD的准确率: 0.9146
Bseline-第 47 个epoch，DPSGD的准确率: 0.8745 KF-DPSGD的准确率: 0.9154
Bseline-第 48 个epoch，DPSGD的准确率: 0.8756 KF-DPSGD的准确率: 0.916
Bseline-第 49 个epoch，DPSGD的准确率: 0.8766 KF-DPSGD的准确率: 0.9171
Bseline-第 50 个epoch，DPSGD的准确率: 0.8778 KF-DPSGD的准确率: 0.9176
Bseline-第 51 个epoch，DPSGD的准确率: 0.8782 KF-DPSGD的准确率: 0.9177
Bseline-第 52 个epoch，DPSGD的准确率: 0.8791 KF-DPSGD的准确率: 0.9174
Bseline-第 53 个epoch，DPSGD的准确率: 0.8804 KF-DPSGD的准确率: 0.9185
Bseline-第 54 个epoch，DPSGD的准确率: 0.8815 KF-DPSGD的准确率: 0.9185
Bseline-第 55 个epoch，DPSGD的准确率: 0.8822 KF-DPSGD的准确率: 0.919
Bseline-第 56 个epoch，DPSGD的准确率: 0.8823 KF-DPSGD的准确率: 0.9189
Bseline-第 57 个epoch，DPSGD的准确率: 0.883 KF-DPSGD的准确率: 0.9199
Bseline-第 58 个epoch，DPSGD的准确率: 0.8833 KF-DPSGD的准确率: 0.9203
Bseline-第 59 个epoch，DPSGD的准确率: 0.8837 KF-DPSGD的准确率: 0.9212
Bseline-第 60 个epoch，DPSGD的准确率: 0.8845 KF-DPSGD的准确率: 0.922
Bseline-第 61 个epoch，DPSGD的准确率: 0.8849 KF-DPSGD的准确率: 0.9217
Bseline-第 62 个epoch，DPSGD的准确率: 0.885 KF-DPSGD的准确率: 0.9212
Bseline-第 63 个epoch，DPSGD的准确率: 0.8863 KF-DPSGD的准确率: 0.9227
Bseline-第 64 个epoch，DPSGD的准确率: 0.8872 KF-DPSGD的准确率: 0.9229
Bseline-第 65 个epoch，DPSGD的准确率: 0.8876 KF-DPSGD的准确率: 0.9228
Bseline-第 66 个epoch，DPSGD的准确率: 0.8876 KF-DPSGD的准确率: 0.9237
Bseline-第 67 个epoch，DPSGD的准确率: 0.8881 KF-DPSGD的准确率: 0.9234
Bseline-第 68 个epoch，DPSGD的准确率: 0.8886 KF-DPSGD的准确率: 0.9231
Bseline-第 69 个epoch，DPSGD的准确率: 0.8888 KF-DPSGD的准确率: 0.9235
Baseline方法结束
KCIF-第0个epoch，准确率为:0.4585
KCIF-第1个epoch，准确率为:0.737
KCIF-第2个epoch，准确率为:0.7958
KCIF-第3个epoch，准确率为:0.8225
KCIF-第4个epoch，准确率为:0.8394
KCIF-第5个epoch，准确率为:0.8548
KCIF-第6个epoch，准确率为:0.8679
KCIF-第7个epoch，准确率为:0.8756
KCIF-第8个epoch，准确率为:0.8837
KCIF-第9个epoch，准确率为:0.8909
KCIF-第10个epoch，准确率为:0.8963
KCIF-第11个epoch，准确率为:0.9006
KCIF-第12个epoch，准确率为:0.9034
KCIF-第13个epoch，准确率为:0.907
KCIF-第14个epoch，准确率为:0.911
KCIF-第15个epoch，准确率为:0.9136
KCIF-第16个epoch，准确率为:0.9163
KCIF-第17个epoch，准确率为:0.918
KCIF-第18个epoch，准确率为:0.9191
KCIF-第19个epoch，准确率为:0.9214
KCIF-第20个epoch，准确率为:0.922
KCIF-第21个epoch，准确率为:0.9235
KCIF-第22个epoch，准确率为:0.9249
KCIF-第23个epoch，准确率为:0.9259
KCIF-第24个epoch，准确率为:0.9272
KCIF-第25个epoch，准确率为:0.9286
KCIF-第26个epoch，准确率为:0.9301
KCIF-第27个epoch，准确率为:0.9307
KCIF-第28个epoch，准确率为:0.932
KCIF-第29个epoch，准确率为:0.9333
KCIF-第30个epoch，准确率为:0.9344
KCIF-第31个epoch，准确率为:0.9363
KCIF-第32个epoch，准确率为:0.9371
KCIF-第33个epoch，准确率为:0.9388
KCIF-第34个epoch，准确率为:0.9391
KCIF-第35个epoch，准确率为:0.9396
KCIF-第36个epoch，准确率为:0.9392
KCIF-第37个epoch，准确率为:0.9397
KCIF-第38个epoch，准确率为:0.9403
KCIF-第39个epoch，准确率为:0.9416
KCIF-第40个epoch，准确率为:0.9422
KCIF-第41个epoch，准确率为:0.9429
KCIF-第42个epoch，准确率为:0.9436
KCIF-第43个epoch，准确率为:0.9436
KCIF-第44个epoch，准确率为:0.9446
KCIF-第45个epoch，准确率为:0.9453
KCIF-第46个epoch，准确率为:0.9456
KCIF-第47个epoch，准确率为:0.9465
KCIF-第48个epoch，准确率为:0.9473
KCIF-第49个epoch，准确率为:0.9478
KCIF-第50个epoch，准确率为:0.9484
KCIF-第51个epoch，准确率为:0.9485
KCIF-第52个epoch，准确率为:0.9484
KCIF-第53个epoch，准确率为:0.9493
KCIF-第54个epoch，准确率为:0.9496
KCIF-第55个epoch，准确率为:0.95
KCIF-第56个epoch，准确率为:0.9499
KCIF-第57个epoch，准确率为:0.9503
KCIF-第58个epoch，准确率为:0.9508
KCIF-第59个epoch，准确率为:0.9515
KCIF-第60个epoch，准确率为:0.952
KCIF-第61个epoch，准确率为:0.9522
KCIF-第62个epoch，准确率为:0.9522
KCIF-第63个epoch，准确率为:0.9529
KCIF-第64个epoch，准确率为:0.9534
KCIF-第65个epoch，准确率为:0.9539
KCIF-第66个epoch，准确率为:0.9542
KCIF-第67个epoch，准确率为:0.9542
KCIF-第68个epoch，准确率为:0.9541
KCIF-第69个epoch，准确率为:0.9548
KCIF方法结束
Bseline-第 0 个epoch，DPSGD的准确率: 0.148 KF-DPSGD的准确率: 0.4089
Bseline-第 1 个epoch，DPSGD的准确率: 0.2282 KF-DPSGD的准确率: 0.7156
Bseline-第 2 个epoch，DPSGD的准确率: 0.3164 KF-DPSGD的准确率: 0.7908
Bseline-第 3 个epoch，DPSGD的准确率: 0.4251 KF-DPSGD的准确率: 0.8191
Bseline-第 4 个epoch，DPSGD的准确率: 0.5302 KF-DPSGD的准确率: 0.8378
Bseline-第 5 个epoch，DPSGD的准确率: 0.6184 KF-DPSGD的准确率: 0.8496
Bseline-第 6 个epoch，DPSGD的准确率: 0.6827 KF-DPSGD的准确率: 0.859
Bseline-第 7 个epoch，DPSGD的准确率: 0.7235 KF-DPSGD的准确率: 0.8722
Bseline-第 8 个epoch，DPSGD的准确率: 0.7495 KF-DPSGD的准确率: 0.8811
Bseline-第 9 个epoch，DPSGD的准确率: 0.7706 KF-DPSGD的准确率: 0.8848
Bseline-第 10 个epoch，DPSGD的准确率: 0.7816 KF-DPSGD的准确率: 0.8908
Bseline-第 11 个epoch，DPSGD的准确率: 0.7937 KF-DPSGD的准确率: 0.895
Bseline-第 12 个epoch，DPSGD的准确率: 0.8049 KF-DPSGD的准确率: 0.8996
Bseline-第 13 个epoch，DPSGD的准确率: 0.8107 KF-DPSGD的准确率: 0.9043
Bseline-第 14 个epoch，DPSGD的准确率: 0.8191 KF-DPSGD的准确率: 0.9067
Bseline-第 15 个epoch，DPSGD的准确率: 0.8256 KF-DPSGD的准确率: 0.9089
Bseline-第 16 个epoch，DPSGD的准确率: 0.8299 KF-DPSGD的准确率: 0.9128
Bseline-第 17 个epoch，DPSGD的准确率: 0.8325 KF-DPSGD的准确率: 0.9158
Bseline-第 18 个epoch，DPSGD的准确率: 0.8345 KF-DPSGD的准确率: 0.9181
Bseline-第 19 个epoch，DPSGD的准确率: 0.8385 KF-DPSGD的准确率: 0.9193
Bseline-第 20 个epoch，DPSGD的准确率: 0.8412 KF-DPSGD的准确率: 0.9176
Bseline-第 21 个epoch，DPSGD的准确率: 0.8452 KF-DPSGD的准确率: 0.9203
Bseline-第 22 个epoch，DPSGD的准确率: 0.8484 KF-DPSGD的准确率: 0.9234
Bseline-第 23 个epoch，DPSGD的准确率: 0.8509 KF-DPSGD的准确率: 0.9234
Bseline-第 24 个epoch，DPSGD的准确率: 0.8554 KF-DPSGD的准确率: 0.9272
Bseline-第 25 个epoch，DPSGD的准确率: 0.8571 KF-DPSGD的准确率: 0.9268
Bseline-第 26 个epoch，DPSGD的准确率: 0.8614 KF-DPSGD的准确率: 0.9288
Bseline-第 27 个epoch，DPSGD的准确率: 0.8641 KF-DPSGD的准确率: 0.9296
Bseline-第 28 个epoch，DPSGD的准确率: 0.8668 KF-DPSGD的准确率: 0.9312
Bseline-第 29 个epoch，DPSGD的准确率: 0.8685 KF-DPSGD的准确率: 0.9321
Bseline-第 30 个epoch，DPSGD的准确率: 0.8697 KF-DPSGD的准确率: 0.9325
Bseline-第 31 个epoch，DPSGD的准确率: 0.8718 KF-DPSGD的准确率: 0.9349
Bseline-第 32 个epoch，DPSGD的准确率: 0.875 KF-DPSGD的准确率: 0.9345
Bseline-第 33 个epoch，DPSGD的准确率: 0.8785 KF-DPSGD的准确率: 0.9361
Bseline-第 34 个epoch，DPSGD的准确率: 0.8804 KF-DPSGD的准确率: 0.9374
Bseline-第 35 个epoch，DPSGD的准确率: 0.8813 KF-DPSGD的准确率: 0.9382
Bseline-第 36 个epoch，DPSGD的准确率: 0.8813 KF-DPSGD的准确率: 0.9386
Bseline-第 37 个epoch，DPSGD的准确率: 0.8841 KF-DPSGD的准确率: 0.9394
Bseline-第 38 个epoch，DPSGD的准确率: 0.8869 KF-DPSGD的准确率: 0.9405
Bseline-第 39 个epoch，DPSGD的准确率: 0.8875 KF-DPSGD的准确率: 0.9413
Bseline-第 40 个epoch，DPSGD的准确率: 0.89 KF-DPSGD的准确率: 0.9409
Bseline-第 41 个epoch，DPSGD的准确率: 0.8908 KF-DPSGD的准确率: 0.9408
Bseline-第 42 个epoch，DPSGD的准确率: 0.8923 KF-DPSGD的准确率: 0.9433
Bseline-第 43 个epoch，DPSGD的准确率: 0.8932 KF-DPSGD的准确率: 0.9434
Bseline-第 44 个epoch，DPSGD的准确率: 0.8948 KF-DPSGD的准确率: 0.9443
Bseline-第 45 个epoch，DPSGD的准确率: 0.8951 KF-DPSGD的准确率: 0.9444
Bseline-第 46 个epoch，DPSGD的准确率: 0.8969 KF-DPSGD的准确率: 0.9455
Bseline-第 47 个epoch，DPSGD的准确率: 0.8973 KF-DPSGD的准确率: 0.9446
Bseline-第 48 个epoch，DPSGD的准确率: 0.8984 KF-DPSGD的准确率: 0.9461
Bseline-第 49 个epoch，DPSGD的准确率: 0.8988 KF-DPSGD的准确率: 0.9461
Bseline-第 50 个epoch，DPSGD的准确率: 0.8998 KF-DPSGD的准确率: 0.9467
Bseline-第 51 个epoch，DPSGD的准确率: 0.9006 KF-DPSGD的准确率: 0.9466
Bseline-第 52 个epoch，DPSGD的准确率: 0.9015 KF-DPSGD的准确率: 0.9478
Bseline-第 53 个epoch，DPSGD的准确率: 0.9021 KF-DPSGD的准确率: 0.949
Bseline-第 54 个epoch，DPSGD的准确率: 0.9022 KF-DPSGD的准确率: 0.9475
Bseline-第 55 个epoch，DPSGD的准确率: 0.9034 KF-DPSGD的准确率: 0.9492
Bseline-第 56 个epoch，DPSGD的准确率: 0.904 KF-DPSGD的准确率: 0.9497
Bseline-第 57 个epoch，DPSGD的准确率: 0.9059 KF-DPSGD的准确率: 0.9506
Bseline-第 58 个epoch，DPSGD的准确率: 0.9061 KF-DPSGD的准确率: 0.9504
Bseline-第 59 个epoch，DPSGD的准确率: 0.9068 KF-DPSGD的准确率: 0.9501
Bseline-第 60 个epoch，DPSGD的准确率: 0.9081 KF-DPSGD的准确率: 0.9515
Bseline-第 61 个epoch，DPSGD的准确率: 0.9093 KF-DPSGD的准确率: 0.9524
Bseline-第 62 个epoch，DPSGD的准确率: 0.9102 KF-DPSGD的准确率: 0.952
Bseline-第 63 个epoch，DPSGD的准确率: 0.9101 KF-DPSGD的准确率: 0.9521
Bseline-第 64 个epoch，DPSGD的准确率: 0.9109 KF-DPSGD的准确率: 0.9531
Bseline-第 65 个epoch，DPSGD的准确率: 0.9111 KF-DPSGD的准确率: 0.9523
Bseline-第 66 个epoch，DPSGD的准确率: 0.9127 KF-DPSGD的准确率: 0.953
Bseline-第 67 个epoch，DPSGD的准确率: 0.9126 KF-DPSGD的准确率: 0.9542
Bseline-第 68 个epoch，DPSGD的准确率: 0.9142 KF-DPSGD的准确率: 0.9535
Bseline-第 69 个epoch，DPSGD的准确率: 0.9143 KF-DPSGD的准确率: 0.9546
Baseline方法结束
KCIF-第0个epoch，准确率为:0.1957
KCIF-第1个epoch，准确率为:0.2408
KCIF-第2个epoch，准确率为:0.255
KCIF-第3个epoch，准确率为:0.2667
KCIF-第4个epoch，准确率为:0.2758
KCIF-第5个epoch，准确率为:0.2852
KCIF-第6个epoch，准确率为:0.295
KCIF-第7个epoch，准确率为:0.3034
KCIF-第8个epoch，准确率为:0.3093
KCIF-第9个epoch，准确率为:0.3159
KCIF-第10个epoch，准确率为:0.3223
KCIF-第11个epoch，准确率为:0.332
KCIF-第12个epoch，准确率为:0.338
KCIF-第13个epoch，准确率为:0.3454
KCIF-第14个epoch，准确率为:0.3509
KCIF-第15个epoch，准确率为:0.3551
KCIF-第16个epoch，准确率为:0.3588
KCIF-第17个epoch，准确率为:0.3632
KCIF-第18个epoch，准确率为:0.3663
KCIF-第19个epoch，准确率为:0.3702
KCIF-第20个epoch，准确率为:0.3728
KCIF-第21个epoch，准确率为:0.3737
KCIF-第22个epoch，准确率为:0.3761
KCIF-第23个epoch，准确率为:0.3791
KCIF-第24个epoch，准确率为:0.3805
KCIF-第25个epoch，准确率为:0.3824
KCIF-第26个epoch，准确率为:0.3837
KCIF-第27个epoch，准确率为:0.3858
KCIF-第28个epoch，准确率为:0.3888
KCIF-第29个epoch，准确率为:0.3908
KCIF-第30个epoch，准确率为:0.3933
KCIF-第31个epoch，准确率为:0.3943
KCIF-第32个epoch，准确率为:0.3977
KCIF-第33个epoch，准确率为:0.4008
KCIF-第34个epoch，准确率为:0.4026
KCIF-第35个epoch，准确率为:0.4054
KCIF-第36个epoch，准确率为:0.4068
KCIF-第37个epoch，准确率为:0.4096
KCIF-第38个epoch，准确率为:0.413
KCIF-第39个epoch，准确率为:0.4138
KCIF-第40个epoch，准确率为:0.4166
KCIF-第41个epoch，准确率为:0.4183
KCIF-第42个epoch，准确率为:0.4214
KCIF-第43个epoch，准确率为:0.4236
KCIF-第44个epoch，准确率为:0.4235
KCIF-第45个epoch，准确率为:0.4253
KCIF-第46个epoch，准确率为:0.4264
KCIF-第47个epoch，准确率为:0.4275
KCIF-第48个epoch，准确率为:0.4284
KCIF-第49个epoch，准确率为:0.4303
KCIF-第50个epoch，准确率为:0.4322
KCIF-第51个epoch，准确率为:0.4344
KCIF-第52个epoch，准确率为:0.4338
KCIF-第53个epoch，准确率为:0.4343
KCIF-第54个epoch，准确率为:0.4379
KCIF-第55个epoch，准确率为:0.4374
KCIF-第56个epoch，准确率为:0.4374
KCIF-第57个epoch，准确率为:0.4388
KCIF-第58个epoch，准确率为:0.4395
KCIF-第59个epoch，准确率为:0.4414
KCIF-第60个epoch，准确率为:0.4422
KCIF-第61个epoch，准确率为:0.4429
KCIF-第62个epoch，准确率为:0.445
KCIF-第63个epoch，准确率为:0.4455
KCIF-第64个epoch，准确率为:0.4453
KCIF-第65个epoch，准确率为:0.4474
KCIF-第66个epoch，准确率为:0.4494
KCIF-第67个epoch，准确率为:0.4478
KCIF-第68个epoch，准确率为:0.4489
KCIF-第69个epoch，准确率为:0.4499
KCIF方法结束
Bseline-第 0 个epoch，DPSGD的准确率: 0.1206 KF-DPSGD的准确率: 0.1925
Bseline-第 1 个epoch，DPSGD的准确率: 0.1538 KF-DPSGD的准确率: 0.2383
Bseline-第 2 个epoch，DPSGD的准确率: 0.1756 KF-DPSGD的准确率: 0.2533
Bseline-第 3 个epoch，DPSGD的准确率: 0.1941 KF-DPSGD的准确率: 0.2625
Bseline-第 4 个epoch，DPSGD的准确率: 0.2063 KF-DPSGD的准确率: 0.2705
Bseline-第 5 个epoch，DPSGD的准确率: 0.2202 KF-DPSGD的准确率: 0.2808
Bseline-第 6 个epoch，DPSGD的准确率: 0.229 KF-DPSGD的准确率: 0.2891
Bseline-第 7 个epoch，DPSGD的准确率: 0.2349 KF-DPSGD的准确率: 0.2968
Bseline-第 8 个epoch，DPSGD的准确率: 0.2414 KF-DPSGD的准确率: 0.3029
Bseline-第 9 个epoch，DPSGD的准确率: 0.2456 KF-DPSGD的准确率: 0.3119
Bseline-第 10 个epoch，DPSGD的准确率: 0.2469 KF-DPSGD的准确率: 0.3167
Bseline-第 11 个epoch，DPSGD的准确率: 0.2519 KF-DPSGD的准确率: 0.3265
Bseline-第 12 个epoch，DPSGD的准确率: 0.2549 KF-DPSGD的准确率: 0.334
Bseline-第 13 个epoch，DPSGD的准确率: 0.2563 KF-DPSGD的准确率: 0.3427
Bseline-第 14 个epoch，DPSGD的准确率: 0.2592 KF-DPSGD的准确率: 0.3454
Bseline-第 15 个epoch，DPSGD的准确率: 0.2598 KF-DPSGD的准确率: 0.3513
Bseline-第 16 个epoch，DPSGD的准确率: 0.263 KF-DPSGD的准确率: 0.3559
Bseline-第 17 个epoch，DPSGD的准确率: 0.2647 KF-DPSGD的准确率: 0.3613
Bseline-第 18 个epoch，DPSGD的准确率: 0.2683 KF-DPSGD的准确率: 0.3658
Bseline-第 19 个epoch，DPSGD的准确率: 0.2721 KF-DPSGD的准确率: 0.3689
Bseline-第 20 个epoch，DPSGD的准确率: 0.2738 KF-DPSGD的准确率: 0.3723
Bseline-第 21 个epoch，DPSGD的准确率: 0.2764 KF-DPSGD的准确率: 0.3739
Bseline-第 22 个epoch，DPSGD的准确率: 0.277 KF-DPSGD的准确率: 0.3763
Bseline-第 23 个epoch，DPSGD的准确率: 0.2796 KF-DPSGD的准确率: 0.3744
Bseline-第 24 个epoch，DPSGD的准确率: 0.2816 KF-DPSGD的准确率: 0.3792
Bseline-第 25 个epoch，DPSGD的准确率: 0.2843 KF-DPSGD的准确率: 0.3817
Bseline-第 26 个epoch，DPSGD的准确率: 0.2869 KF-DPSGD的准确率: 0.3836
Bseline-第 27 个epoch，DPSGD的准确率: 0.2897 KF-DPSGD的准确率: 0.3861
Bseline-第 28 个epoch，DPSGD的准确率: 0.2914 KF-DPSGD的准确率: 0.3877
Bseline-第 29 个epoch，DPSGD的准确率: 0.2928 KF-DPSGD的准确率: 0.3885
Bseline-第 30 个epoch，DPSGD的准确率: 0.2955 KF-DPSGD的准确率: 0.3925
Bseline-第 31 个epoch，DPSGD的准确率: 0.298 KF-DPSGD的准确率: 0.3937
Bseline-第 32 个epoch，DPSGD的准确率: 0.2992 KF-DPSGD的准确率: 0.3957
Bseline-第 33 个epoch，DPSGD的准确率: 0.3007 KF-DPSGD的准确率: 0.3964
Bseline-第 34 个epoch，DPSGD的准确率: 0.3032 KF-DPSGD的准确率: 0.3972
Bseline-第 35 个epoch，DPSGD的准确率: 0.3042 KF-DPSGD的准确率: 0.4022
Bseline-第 36 个epoch，DPSGD的准确率: 0.3057 KF-DPSGD的准确率: 0.4038
Bseline-第 37 个epoch，DPSGD的准确率: 0.307 KF-DPSGD的准确率: 0.4069
Bseline-第 38 个epoch，DPSGD的准确率: 0.3111 KF-DPSGD的准确率: 0.4087
Bseline-第 39 个epoch，DPSGD的准确率: 0.3116 KF-DPSGD的准确率: 0.4094
Bseline-第 40 个epoch，DPSGD的准确率: 0.3156 KF-DPSGD的准确率: 0.4137
Bseline-第 41 个epoch，DPSGD的准确率: 0.3178 KF-DPSGD的准确率: 0.4159
Bseline-第 42 个epoch，DPSGD的准确率: 0.3187 KF-DPSGD的准确率: 0.4144
Bseline-第 43 个epoch，DPSGD的准确率: 0.3206 KF-DPSGD的准确率: 0.4156
Bseline-第 44 个epoch，DPSGD的准确率: 0.3234 KF-DPSGD的准确率: 0.4181
Bseline-第 45 个epoch，DPSGD的准确率: 0.3258 KF-DPSGD的准确率: 0.421
Bseline-第 46 个epoch，DPSGD的准确率: 0.3268 KF-DPSGD的准确率: 0.4192
Bseline-第 47 个epoch，DPSGD的准确率: 0.3273 KF-DPSGD的准确率: 0.4214
Bseline-第 48 个epoch，DPSGD的准确率: 0.3278 KF-DPSGD的准确率: 0.4227
Bseline-第 49 个epoch，DPSGD的准确率: 0.3291 KF-DPSGD的准确率: 0.4251
Bseline-第 50 个epoch，DPSGD的准确率: 0.3319 KF-DPSGD的准确率: 0.4283
Bseline-第 51 个epoch，DPSGD的准确率: 0.334 KF-DPSGD的准确率: 0.4278
Bseline-第 52 个epoch，DPSGD的准确率: 0.3359 KF-DPSGD的准确率: 0.4286
Bseline-第 53 个epoch，DPSGD的准确率: 0.3375 KF-DPSGD的准确率: 0.4328
Bseline-第 54 个epoch，DPSGD的准确率: 0.3423 KF-DPSGD的准确率: 0.4331
Bseline-第 55 个epoch，DPSGD的准确率: 0.343 KF-DPSGD的准确率: 0.434
Bseline-第 56 个epoch，DPSGD的准确率: 0.3441 KF-DPSGD的准确率: 0.436
Bseline-第 57 个epoch，DPSGD的准确率: 0.3454 KF-DPSGD的准确率: 0.4359
Bseline-第 58 个epoch，DPSGD的准确率: 0.3463 KF-DPSGD的准确率: 0.4366
Bseline-第 59 个epoch，DPSGD的准确率: 0.3488 KF-DPSGD的准确率: 0.4378
Bseline-第 60 个epoch，DPSGD的准确率: 0.3506 KF-DPSGD的准确率: 0.4385
Bseline-第 61 个epoch，DPSGD的准确率: 0.3525 KF-DPSGD的准确率: 0.4398
Bseline-第 62 个epoch，DPSGD的准确率: 0.3535 KF-DPSGD的准确率: 0.4396
Bseline-第 63 个epoch，DPSGD的准确率: 0.3543 KF-DPSGD的准确率: 0.4396
Bseline-第 64 个epoch，DPSGD的准确率: 0.3555 KF-DPSGD的准确率: 0.4401
Bseline-第 65 个epoch，DPSGD的准确率: 0.3569 KF-DPSGD的准确率: 0.4394
Bseline-第 66 个epoch，DPSGD的准确率: 0.3584 KF-DPSGD的准确率: 0.4416
Bseline-第 67 个epoch，DPSGD的准确率: 0.3593 KF-DPSGD的准确率: 0.4422
Bseline-第 68 个epoch，DPSGD的准确率: 0.3603 KF-DPSGD的准确率: 0.4441
Bseline-第 69 个epoch，DPSGD的准确率: 0.3601 KF-DPSGD的准确率: 0.4453
Baseline方法结束
KCIF-第0个epoch，准确率为:0.6
KCIF-第1个epoch，准确率为:0.606
KCIF-第2个epoch，准确率为:0.608
KCIF-第3个epoch，准确率为:0.612
KCIF-第4个epoch，准确率为:0.612
KCIF-第5个epoch，准确率为:0.616
KCIF-第6个epoch，准确率为:0.622
KCIF-第7个epoch，准确率为:0.626
KCIF-第8个epoch，准确率为:0.63
KCIF-第9个epoch，准确率为:0.631
KCIF-第10个epoch，准确率为:0.637
KCIF-第11个epoch，准确率为:0.642
KCIF-第12个epoch，准确率为:0.643
KCIF-第13个epoch，准确率为:0.649
KCIF-第14个epoch，准确率为:0.652
KCIF-第15个epoch，准确率为:0.654
KCIF-第16个epoch，准确率为:0.659
KCIF-第17个epoch，准确率为:0.661
KCIF-第18个epoch，准确率为:0.666
KCIF-第19个epoch，准确率为:0.671
KCIF-第20个epoch，准确率为:0.673
KCIF-第21个epoch，准确率为:0.678
KCIF-第22个epoch，准确率为:0.681
KCIF-第23个epoch，准确率为:0.684
KCIF-第24个epoch，准确率为:0.684
KCIF-第25个epoch，准确率为:0.684
KCIF-第26个epoch，准确率为:0.688
KCIF-第27个epoch，准确率为:0.691
KCIF-第28个epoch，准确率为:0.697
KCIF-第29个epoch，准确率为:0.699
KCIF-第30个epoch，准确率为:0.7
KCIF-第31个epoch，准确率为:0.704
KCIF-第32个epoch，准确率为:0.708
KCIF-第33个epoch，准确率为:0.713
KCIF-第34个epoch，准确率为:0.713
KCIF-第35个epoch，准确率为:0.716
KCIF-第36个epoch，准确率为:0.719
KCIF-第37个epoch，准确率为:0.719
KCIF-第38个epoch，准确率为:0.721
KCIF-第39个epoch，准确率为:0.72
KCIF-第40个epoch，准确率为:0.718
KCIF-第41个epoch，准确率为:0.72
KCIF-第42个epoch，准确率为:0.721
KCIF-第43个epoch，准确率为:0.724
KCIF-第44个epoch，准确率为:0.728
KCIF-第45个epoch，准确率为:0.73
KCIF-第46个epoch，准确率为:0.732
KCIF-第47个epoch，准确率为:0.733
KCIF-第48个epoch，准确率为:0.733
KCIF-第49个epoch，准确率为:0.732
KCIF-第50个epoch，准确率为:0.733
KCIF-第51个epoch，准确率为:0.733
KCIF-第52个epoch，准确率为:0.735
KCIF-第53个epoch，准确率为:0.736
KCIF-第54个epoch，准确率为:0.735
KCIF-第55个epoch，准确率为:0.739
KCIF-第56个epoch，准确率为:0.742
KCIF-第57个epoch，准确率为:0.742
KCIF-第58个epoch，准确率为:0.742
KCIF-第59个epoch，准确率为:0.745
KCIF-第60个epoch，准确率为:0.744
KCIF-第61个epoch，准确率为:0.746
KCIF-第62个epoch，准确率为:0.746
KCIF-第63个epoch，准确率为:0.748
KCIF-第64个epoch，准确率为:0.749
KCIF-第65个epoch，准确率为:0.751
KCIF-第66个epoch，准确率为:0.751
KCIF-第67个epoch，准确率为:0.751
KCIF-第68个epoch，准确率为:0.75
KCIF-第69个epoch，准确率为:0.75
KCIF方法结束
Bseline-第 0 个epoch，DPSGD的准确率: 0.594 KF-DPSGD的准确率: 0.599
Bseline-第 1 个epoch，DPSGD的准确率: 0.598 KF-DPSGD的准确率: 0.606
Bseline-第 2 个epoch，DPSGD的准确率: 0.599 KF-DPSGD的准确率: 0.607
Bseline-第 3 个epoch，DPSGD的准确率: 0.6 KF-DPSGD的准确率: 0.61
Bseline-第 4 个epoch，DPSGD的准确率: 0.602 KF-DPSGD的准确率: 0.613
Bseline-第 5 个epoch，DPSGD的准确率: 0.604 KF-DPSGD的准确率: 0.617
Bseline-第 6 个epoch，DPSGD的准确率: 0.604 KF-DPSGD的准确率: 0.623
Bseline-第 7 个epoch，DPSGD的准确率: 0.606 KF-DPSGD的准确率: 0.627
Bseline-第 8 个epoch，DPSGD的准确率: 0.607 KF-DPSGD的准确率: 0.631
Bseline-第 9 个epoch，DPSGD的准确率: 0.608 KF-DPSGD的准确率: 0.631
Bseline-第 10 个epoch，DPSGD的准确率: 0.608 KF-DPSGD的准确率: 0.636
Bseline-第 11 个epoch，DPSGD的准确率: 0.607 KF-DPSGD的准确率: 0.639
Bseline-第 12 个epoch，DPSGD的准确率: 0.608 KF-DPSGD的准确率: 0.641
Bseline-第 13 个epoch，DPSGD的准确率: 0.608 KF-DPSGD的准确率: 0.644
Bseline-第 14 个epoch，DPSGD的准确率: 0.609 KF-DPSGD的准确率: 0.652
Bseline-第 15 个epoch，DPSGD的准确率: 0.609 KF-DPSGD的准确率: 0.654
Bseline-第 16 个epoch，DPSGD的准确率: 0.61 KF-DPSGD的准确率: 0.657
Bseline-第 17 个epoch，DPSGD的准确率: 0.612 KF-DPSGD的准确率: 0.661
Bseline-第 18 个epoch，DPSGD的准确率: 0.612 KF-DPSGD的准确率: 0.666
Bseline-第 19 个epoch，DPSGD的准确率: 0.612 KF-DPSGD的准确率: 0.666
Bseline-第 20 个epoch，DPSGD的准确率: 0.611 KF-DPSGD的准确率: 0.67
Bseline-第 21 个epoch，DPSGD的准确率: 0.614 KF-DPSGD的准确率: 0.67
Bseline-第 22 个epoch，DPSGD的准确率: 0.615 KF-DPSGD的准确率: 0.672
Bseline-第 23 个epoch，DPSGD的准确率: 0.616 KF-DPSGD的准确率: 0.677
Bseline-第 24 个epoch，DPSGD的准确率: 0.617 KF-DPSGD的准确率: 0.681
Bseline-第 25 个epoch，DPSGD的准确率: 0.619 KF-DPSGD的准确率: 0.681
Bseline-第 26 个epoch，DPSGD的准确率: 0.622 KF-DPSGD的准确率: 0.684
Bseline-第 27 个epoch，DPSGD的准确率: 0.621 KF-DPSGD的准确率: 0.691
Bseline-第 28 个epoch，DPSGD的准确率: 0.621 KF-DPSGD的准确率: 0.693
Bseline-第 29 个epoch，DPSGD的准确率: 0.622 KF-DPSGD的准确率: 0.695
Bseline-第 30 个epoch，DPSGD的准确率: 0.624 KF-DPSGD的准确率: 0.697
Bseline-第 31 个epoch，DPSGD的准确率: 0.626 KF-DPSGD的准确率: 0.7
Bseline-第 32 个epoch，DPSGD的准确率: 0.627 KF-DPSGD的准确率: 0.706
Bseline-第 33 个epoch，DPSGD的准确率: 0.627 KF-DPSGD的准确率: 0.709
Bseline-第 34 个epoch，DPSGD的准确率: 0.628 KF-DPSGD的准确率: 0.715
Bseline-第 35 个epoch，DPSGD的准确率: 0.627 KF-DPSGD的准确率: 0.714
Bseline-第 36 个epoch，DPSGD的准确率: 0.627 KF-DPSGD的准确率: 0.717
Bseline-第 37 个epoch，DPSGD的准确率: 0.628 KF-DPSGD的准确率: 0.719
Bseline-第 38 个epoch，DPSGD的准确率: 0.627 KF-DPSGD的准确率: 0.72
Bseline-第 39 个epoch，DPSGD的准确率: 0.628 KF-DPSGD的准确率: 0.721
Bseline-第 40 个epoch，DPSGD的准确率: 0.629 KF-DPSGD的准确率: 0.72
Bseline-第 41 个epoch，DPSGD的准确率: 0.629 KF-DPSGD的准确率: 0.722
Bseline-第 42 个epoch，DPSGD的准确率: 0.629 KF-DPSGD的准确率: 0.723
Bseline-第 43 个epoch，DPSGD的准确率: 0.636 KF-DPSGD的准确率: 0.723
Bseline-第 44 个epoch，DPSGD的准确率: 0.635 KF-DPSGD的准确率: 0.723
Bseline-第 45 个epoch，DPSGD的准确率: 0.635 KF-DPSGD的准确率: 0.725
Bseline-第 46 个epoch，DPSGD的准确率: 0.634 KF-DPSGD的准确率: 0.73
Bseline-第 47 个epoch，DPSGD的准确率: 0.635 KF-DPSGD的准确率: 0.73
Bseline-第 48 个epoch，DPSGD的准确率: 0.636 KF-DPSGD的准确率: 0.731
Bseline-第 49 个epoch，DPSGD的准确率: 0.637 KF-DPSGD的准确率: 0.731
Bseline-第 50 个epoch，DPSGD的准确率: 0.641 KF-DPSGD的准确率: 0.732
Bseline-第 51 个epoch，DPSGD的准确率: 0.641 KF-DPSGD的准确率: 0.732
Bseline-第 52 个epoch，DPSGD的准确率: 0.641 KF-DPSGD的准确率: 0.734
Bseline-第 53 个epoch，DPSGD的准确率: 0.642 KF-DPSGD的准确率: 0.735
Bseline-第 54 个epoch，DPSGD的准确率: 0.641 KF-DPSGD的准确率: 0.738
Bseline-第 55 个epoch，DPSGD的准确率: 0.643 KF-DPSGD的准确率: 0.74
Bseline-第 56 个epoch，DPSGD的准确率: 0.645 KF-DPSGD的准确率: 0.74
Bseline-第 57 个epoch，DPSGD的准确率: 0.645 KF-DPSGD的准确率: 0.741
Bseline-第 58 个epoch，DPSGD的准确率: 0.648 KF-DPSGD的准确率: 0.743
Bseline-第 59 个epoch，DPSGD的准确率: 0.649 KF-DPSGD的准确率: 0.745
Bseline-第 60 个epoch，DPSGD的准确率: 0.651 KF-DPSGD的准确率: 0.745
Bseline-第 61 个epoch，DPSGD的准确率: 0.651 KF-DPSGD的准确率: 0.745
Bseline-第 62 个epoch，DPSGD的准确率: 0.652 KF-DPSGD的准确率: 0.744
Bseline-第 63 个epoch，DPSGD的准确率: 0.653 KF-DPSGD的准确率: 0.746
Bseline-第 64 个epoch，DPSGD的准确率: 0.655 KF-DPSGD的准确率: 0.747
Bseline-第 65 个epoch，DPSGD的准确率: 0.656 KF-DPSGD的准确率: 0.748
Bseline-第 66 个epoch，DPSGD的准确率: 0.656 KF-DPSGD的准确率: 0.75
Bseline-第 67 个epoch，DPSGD的准确率: 0.656 KF-DPSGD的准确率: 0.75
Bseline-第 68 个epoch，DPSGD的准确率: 0.657 KF-DPSGD的准确率: 0.751
Bseline-第 69 个epoch，DPSGD的准确率: 0.655 KF-DPSGD的准确率: 0.751
Baseline方法结束
KCIF-第0个epoch，准确率为:0.5945
KCIF-第1个epoch，准确率为:0.7344
KCIF-第2个epoch，准确率为:0.7819
KCIF-第3个epoch，准确率为:0.8068
KCIF-第4个epoch，准确率为:0.8238
KCIF-第5个epoch，准确率为:0.8385
KCIF-第6个epoch，准确率为:0.8483
KCIF-第7个epoch，准确率为:0.8561
KCIF-第8个epoch，准确率为:0.8654
KCIF-第9个epoch，准确率为:0.87
KCIF-第10个epoch，准确率为:0.8736
KCIF-第11个epoch，准确率为:0.8778
KCIF-第12个epoch，准确率为:0.8813
KCIF-第13个epoch，准确率为:0.884
KCIF-第14个epoch，准确率为:0.8865
KCIF-第15个epoch，准确率为:0.8884
KCIF-第16个epoch，准确率为:0.8901
KCIF-第17个epoch，准确率为:0.8919
KCIF-第18个epoch，准确率为:0.894
KCIF-第19个epoch，准确率为:0.8946
KCIF-第20个epoch，准确率为:0.8957
KCIF-第21个epoch，准确率为:0.8967
KCIF-第22个epoch，准确率为:0.8978
KCIF-第23个epoch，准确率为:0.8993
KCIF-第24个epoch，准确率为:0.8994
KCIF-第25个epoch，准确率为:0.9
KCIF-第26个epoch，准确率为:0.9017
KCIF-第27个epoch，准确率为:0.9026
KCIF-第28个epoch，准确率为:0.9035
KCIF-第29个epoch，准确率为:0.9041
KCIF-第30个epoch，准确率为:0.9054
KCIF-第31个epoch，准确率为:0.9059
KCIF-第32个epoch，准确率为:0.9076
KCIF-第33个epoch，准确率为:0.908
KCIF-第34个epoch，准确率为:0.9092
KCIF-第35个epoch，准确率为:0.9094
KCIF-第36个epoch，准确率为:0.911
KCIF-第37个epoch，准确率为:0.9113
KCIF-第38个epoch，准确率为:0.9127
KCIF-第39个epoch，准确率为:0.9128
KCIF-第40个epoch，准确率为:0.9134
KCIF-第41个epoch，准确率为:0.9142
KCIF-第42个epoch，准确率为:0.9142
KCIF-第43个epoch，准确率为:0.9147
KCIF-第44个epoch，准确率为:0.9161
KCIF-第45个epoch，准确率为:0.9164
KCIF-第46个epoch，准确率为:0.9179
KCIF-第47个epoch，准确率为:0.9177
KCIF-第48个epoch，准确率为:0.9183
KCIF-第49个epoch，准确率为:0.9186
KCIF-第50个epoch，准确率为:0.9193
KCIF-第51个epoch，准确率为:0.9201
KCIF-第52个epoch，准确率为:0.9201
KCIF-第53个epoch，准确率为:0.9206
KCIF-第54个epoch，准确率为:0.921
KCIF-第55个epoch，准确率为:0.921
KCIF-第56个epoch，准确率为:0.922
KCIF-第57个epoch，准确率为:0.9219
KCIF-第58个epoch，准确率为:0.9223
KCIF-第59个epoch，准确率为:0.9232
KCIF-第60个epoch，准确率为:0.9231
KCIF-第61个epoch，准确率为:0.9237
KCIF-第62个epoch，准确率为:0.9247
KCIF-第63个epoch，准确率为:0.9247
KCIF-第64个epoch，准确率为:0.9249
KCIF-第65个epoch，准确率为:0.9254
KCIF-第66个epoch，准确率为:0.9257
KCIF-第67个epoch，准确率为:0.9259
KCIF-第68个epoch，准确率为:0.9269
KCIF-第69个epoch，准确率为:0.9272
KCIF方法结束
Bseline-第 0 个epoch，DPSGD的准确率: 0.1928 KF-DPSGD的准确率: 0.5649
Bseline-第 1 个epoch，DPSGD的准确率: 0.3382 KF-DPSGD的准确率: 0.7251
Bseline-第 2 个epoch，DPSGD的准确率: 0.4691 KF-DPSGD的准确率: 0.7693
Bseline-第 3 个epoch，DPSGD的准确率: 0.571 KF-DPSGD的准确率: 0.7977
Bseline-第 4 个epoch，DPSGD的准确率: 0.6325 KF-DPSGD的准确率: 0.8193
Bseline-第 5 个epoch，DPSGD的准确率: 0.6789 KF-DPSGD的准确率: 0.8334
Bseline-第 6 个epoch，DPSGD的准确率: 0.7079 KF-DPSGD的准确率: 0.8435
Bseline-第 7 个epoch，DPSGD的准确率: 0.7283 KF-DPSGD的准确率: 0.8518
Bseline-第 8 个epoch，DPSGD的准确率: 0.7423 KF-DPSGD的准确率: 0.8562
Bseline-第 9 个epoch，DPSGD的准确率: 0.7579 KF-DPSGD的准确率: 0.8657
Bseline-第 10 个epoch，DPSGD的准确率: 0.768 KF-DPSGD的准确率: 0.8702
Bseline-第 11 个epoch，DPSGD的准确率: 0.7782 KF-DPSGD的准确率: 0.8747
Bseline-第 12 个epoch，DPSGD的准确率: 0.7855 KF-DPSGD的准确率: 0.8773
Bseline-第 13 个epoch，DPSGD的准确率: 0.7911 KF-DPSGD的准确率: 0.8803
Bseline-第 14 个epoch，DPSGD的准确率: 0.7981 KF-DPSGD的准确率: 0.884
Bseline-第 15 个epoch，DPSGD的准确率: 0.8031 KF-DPSGD的准确率: 0.8858
Bseline-第 16 个epoch，DPSGD的准确率: 0.8065 KF-DPSGD的准确率: 0.8881
Bseline-第 17 个epoch，DPSGD的准确率: 0.811 KF-DPSGD的准确率: 0.8903
Bseline-第 18 个epoch，DPSGD的准确率: 0.8163 KF-DPSGD的准确率: 0.8912
Bseline-第 19 个epoch，DPSGD的准确率: 0.821 KF-DPSGD的准确率: 0.892
Bseline-第 20 个epoch，DPSGD的准确率: 0.8246 KF-DPSGD的准确率: 0.8932
Bseline-第 21 个epoch，DPSGD的准确率: 0.8277 KF-DPSGD的准确率: 0.8938
Bseline-第 22 个epoch，DPSGD的准确率: 0.831 KF-DPSGD的准确率: 0.8952
Bseline-第 23 个epoch，DPSGD的准确率: 0.8344 KF-DPSGD的准确率: 0.8976
Bseline-第 24 个epoch，DPSGD的准确率: 0.8387 KF-DPSGD的准确率: 0.8984
Bseline-第 25 个epoch，DPSGD的准确率: 0.8402 KF-DPSGD的准确率: 0.8995
Bseline-第 26 个epoch，DPSGD的准确率: 0.842 KF-DPSGD的准确率: 0.9001
Bseline-第 27 个epoch，DPSGD的准确率: 0.8445 KF-DPSGD的准确率: 0.9013
Bseline-第 28 个epoch，DPSGD的准确率: 0.8471 KF-DPSGD的准确率: 0.9018
Bseline-第 29 个epoch，DPSGD的准确率: 0.8483 KF-DPSGD的准确率: 0.9029
Bseline-第 30 个epoch，DPSGD的准确率: 0.8505 KF-DPSGD的准确率: 0.9039
Bseline-第 31 个epoch，DPSGD的准确率: 0.8523 KF-DPSGD的准确率: 0.9053
Bseline-第 32 个epoch，DPSGD的准确率: 0.8547 KF-DPSGD的准确率: 0.9059
Bseline-第 33 个epoch，DPSGD的准确率: 0.8559 KF-DPSGD的准确率: 0.9066
Bseline-第 34 个epoch，DPSGD的准确率: 0.8577 KF-DPSGD的准确率: 0.9067
Bseline-第 35 个epoch，DPSGD的准确率: 0.8593 KF-DPSGD的准确率: 0.9079
Bseline-第 36 个epoch，DPSGD的准确率: 0.8622 KF-DPSGD的准确率: 0.9081
Bseline-第 37 个epoch，DPSGD的准确率: 0.8636 KF-DPSGD的准确率: 0.9095
Bseline-第 38 个epoch，DPSGD的准确率: 0.8651 KF-DPSGD的准确率: 0.9095
Bseline-第 39 个epoch，DPSGD的准确率: 0.8663 KF-DPSGD的准确率: 0.9096
Bseline-第 40 个epoch，DPSGD的准确率: 0.867 KF-DPSGD的准确率: 0.91
Bseline-第 41 个epoch，DPSGD的准确率: 0.8678 KF-DPSGD的准确率: 0.9106
Bseline-第 42 个epoch，DPSGD的准确率: 0.8694 KF-DPSGD的准确率: 0.9116
Bseline-第 43 个epoch，DPSGD的准确率: 0.87 KF-DPSGD的准确率: 0.9117
Bseline-第 44 个epoch，DPSGD的准确率: 0.8712 KF-DPSGD的准确率: 0.9121
Bseline-第 45 个epoch，DPSGD的准确率: 0.8727 KF-DPSGD的准确率: 0.9135
Bseline-第 46 个epoch，DPSGD的准确率: 0.8736 KF-DPSGD的准确率: 0.9144
Bseline-第 47 个epoch，DPSGD的准确率: 0.8741 KF-DPSGD的准确率: 0.9147
Bseline-第 48 个epoch，DPSGD的准确率: 0.8753 KF-DPSGD的准确率: 0.9157
Bseline-第 49 个epoch，DPSGD的准确率: 0.8766 KF-DPSGD的准确率: 0.9161
Bseline-第 50 个epoch，DPSGD的准确率: 0.8777 KF-DPSGD的准确率: 0.9162
Bseline-第 51 个epoch，DPSGD的准确率: 0.8785 KF-DPSGD的准确率: 0.9168
Bseline-第 52 个epoch，DPSGD的准确率: 0.8792 KF-DPSGD的准确率: 0.917
Bseline-第 53 个epoch，DPSGD的准确率: 0.8803 KF-DPSGD的准确率: 0.9172
Bseline-第 54 个epoch，DPSGD的准确率: 0.8811 KF-DPSGD的准确率: 0.9182
Bseline-第 55 个epoch，DPSGD的准确率: 0.8817 KF-DPSGD的准确率: 0.9184
Bseline-第 56 个epoch，DPSGD的准确率: 0.8821 KF-DPSGD的准确率: 0.9189
Bseline-第 57 个epoch，DPSGD的准确率: 0.8824 KF-DPSGD的准确率: 0.9194
Bseline-第 58 个epoch，DPSGD的准确率: 0.8831 KF-DPSGD的准确率: 0.9199
Bseline-第 59 个epoch，DPSGD的准确率: 0.884 KF-DPSGD的准确率: 0.9202
Bseline-第 60 个epoch，DPSGD的准确率: 0.8845 KF-DPSGD的准确率: 0.9212
Bseline-第 61 个epoch，DPSGD的准确率: 0.885 KF-DPSGD的准确率: 0.9208
Bseline-第 62 个epoch，DPSGD的准确率: 0.8853 KF-DPSGD的准确率: 0.9217
Bseline-第 63 个epoch，DPSGD的准确率: 0.8862 KF-DPSGD的准确率: 0.9225
Bseline-第 64 个epoch，DPSGD的准确率: 0.8865 KF-DPSGD的准确率: 0.9231
Bseline-第 65 个epoch，DPSGD的准确率: 0.8868 KF-DPSGD的准确率: 0.923
Bseline-第 66 个epoch，DPSGD的准确率: 0.8874 KF-DPSGD的准确率: 0.9231
Bseline-第 67 个epoch，DPSGD的准确率: 0.8879 KF-DPSGD的准确率: 0.923
Bseline-第 68 个epoch，DPSGD的准确率: 0.8882 KF-DPSGD的准确率: 0.9234
Bseline-第 69 个epoch，DPSGD的准确率: 0.8885 KF-DPSGD的准确率: 0.9239
Baseline方法结束
KCIF-第0个epoch，准确率为:0.4472
KCIF-第1个epoch，准确率为:0.738
KCIF-第2个epoch，准确率为:0.8035
KCIF-第3个epoch，准确率为:0.8305
KCIF-第4个epoch，准确率为:0.8443
KCIF-第5个epoch，准确率为:0.8574
KCIF-第6个epoch，准确率为:0.8696
KCIF-第7个epoch，准确率为:0.8778
KCIF-第8个epoch，准确率为:0.8837
KCIF-第9个epoch，准确率为:0.8901
KCIF-第10个epoch，准确率为:0.8958
KCIF-第11个epoch，准确率为:0.8989
KCIF-第12个epoch，准确率为:0.9029
KCIF-第13个epoch，准确率为:0.9072
KCIF-第14个epoch，准确率为:0.9104
KCIF-第15个epoch，准确率为:0.9118
KCIF-第16个epoch，准确率为:0.9147
KCIF-第17个epoch，准确率为:0.9169
KCIF-第18个epoch，准确率为:0.9187
KCIF-第19个epoch，准确率为:0.9206
KCIF-第20个epoch，准确率为:0.9217
KCIF-第21个epoch，准确率为:0.9236
KCIF-第22个epoch，准确率为:0.9248
KCIF-第23个epoch，准确率为:0.9262
KCIF-第24个epoch，准确率为:0.9277
KCIF-第25个epoch，准确率为:0.9285
KCIF-第26个epoch，准确率为:0.9291
KCIF-第27个epoch，准确率为:0.9306
KCIF-第28个epoch，准确率为:0.9314
KCIF-第29个epoch，准确率为:0.9334
KCIF-第30个epoch，准确率为:0.9337
KCIF-第31个epoch，准确率为:0.9352
KCIF-第32个epoch，准确率为:0.9356
KCIF-第33个epoch，准确率为:0.9365
KCIF-第34个epoch，准确率为:0.9372
KCIF-第35个epoch，准确率为:0.938
KCIF-第36个epoch，准确率为:0.9389
KCIF-第37个epoch，准确率为:0.9393
KCIF-第38个epoch，准确率为:0.9408
KCIF-第39个epoch，准确率为:0.9414
KCIF-第40个epoch，准确率为:0.9419
KCIF-第41个epoch，准确率为:0.9428
KCIF-第42个epoch，准确率为:0.9425
KCIF-第43个epoch，准确率为:0.9434
KCIF-第44个epoch，准确率为:0.944
KCIF-第45个epoch，准确率为:0.9446
KCIF-第46个epoch，准确率为:0.9452
KCIF-第47个epoch，准确率为:0.9456
KCIF-第48个epoch，准确率为:0.9463
KCIF-第49个epoch，准确率为:0.9464
KCIF-第50个epoch，准确率为:0.9474
KCIF-第51个epoch，准确率为:0.9478
KCIF-第52个epoch，准确率为:0.9486
KCIF-第53个epoch，准确率为:0.9485
KCIF-第54个epoch，准确率为:0.9483
KCIF-第55个epoch，准确率为:0.9483
KCIF-第56个epoch，准确率为:0.9488
KCIF-第57个epoch，准确率为:0.9498
KCIF-第58个epoch，准确率为:0.9501
KCIF-第59个epoch，准确率为:0.9504
KCIF-第60个epoch，准确率为:0.9511
KCIF-第61个epoch，准确率为:0.9515
KCIF-第62个epoch，准确率为:0.9513
KCIF-第63个epoch，准确率为:0.9519
KCIF-第64个epoch，准确率为:0.9529
KCIF-第65个epoch，准确率为:0.9535
KCIF-第66个epoch，准确率为:0.954
KCIF-第67个epoch，准确率为:0.9542
KCIF-第68个epoch，准确率为:0.9548
KCIF-第69个epoch，准确率为:0.9554
KCIF方法结束
Bseline-第 0 个epoch，DPSGD的准确率: 0.1536 KF-DPSGD的准确率: 0.4458
Bseline-第 1 个epoch，DPSGD的准确率: 0.2263 KF-DPSGD的准确率: 0.7175
Bseline-第 2 个epoch，DPSGD的准确率: 0.3195 KF-DPSGD的准确率: 0.7913
Bseline-第 3 个epoch，DPSGD的准确率: 0.4356 KF-DPSGD的准确率: 0.8271
Bseline-第 4 个epoch，DPSGD的准确率: 0.5277 KF-DPSGD的准确率: 0.8347
Bseline-第 5 个epoch，DPSGD的准确率: 0.6118 KF-DPSGD的准确率: 0.8487
Bseline-第 6 个epoch，DPSGD的准确率: 0.6792 KF-DPSGD的准确率: 0.8582
Bseline-第 7 个epoch，DPSGD的准确率: 0.7231 KF-DPSGD的准确率: 0.8735
Bseline-第 8 个epoch，DPSGD的准确率: 0.7502 KF-DPSGD的准确率: 0.8795
Bseline-第 9 个epoch，DPSGD的准确率: 0.7675 KF-DPSGD的准确率: 0.884
Bseline-第 10 个epoch，DPSGD的准确率: 0.7799 KF-DPSGD的准确率: 0.8918
Bseline-第 11 个epoch，DPSGD的准确率: 0.7924 KF-DPSGD的准确率: 0.8964
Bseline-第 12 个epoch，DPSGD的准确率: 0.8016 KF-DPSGD的准确率: 0.898
Bseline-第 13 个epoch，DPSGD的准确率: 0.8113 KF-DPSGD的准确率: 0.9042
Bseline-第 14 个epoch，DPSGD的准确率: 0.8161 KF-DPSGD的准确率: 0.9068
Bseline-第 15 个epoch，DPSGD的准确率: 0.8241 KF-DPSGD的准确率: 0.9087
Bseline-第 16 个epoch，DPSGD的准确率: 0.8275 KF-DPSGD的准确率: 0.9106
Bseline-第 17 个epoch，DPSGD的准确率: 0.8332 KF-DPSGD的准确率: 0.9131
Bseline-第 18 个epoch，DPSGD的准确率: 0.8348 KF-DPSGD的准确率: 0.9163
Bseline-第 19 个epoch，DPSGD的准确率: 0.8363 KF-DPSGD的准确率: 0.917
Bseline-第 20 个epoch，DPSGD的准确率: 0.8412 KF-DPSGD的准确率: 0.9198
Bseline-第 21 个epoch，DPSGD的准确率: 0.8431 KF-DPSGD的准确率: 0.9221
Bseline-第 22 个epoch，DPSGD的准确率: 0.8475 KF-DPSGD的准确率: 0.9217
Bseline-第 23 个epoch，DPSGD的准确率: 0.8512 KF-DPSGD的准确率: 0.9235
Bseline-第 24 个epoch，DPSGD的准确率: 0.8544 KF-DPSGD的准确率: 0.9251
Bseline-第 25 个epoch，DPSGD的准确率: 0.8575 KF-DPSGD的准确率: 0.9258
Bseline-第 26 个epoch，DPSGD的准确率: 0.8602 KF-DPSGD的准确率: 0.9277
Bseline-第 27 个epoch，DPSGD的准确率: 0.8623 KF-DPSGD的准确率: 0.9286
Bseline-第 28 个epoch，DPSGD的准确率: 0.8657 KF-DPSGD的准确率: 0.9288
Bseline-第 29 个epoch，DPSGD的准确率: 0.8665 KF-DPSGD的准确率: 0.9296
Bseline-第 30 个epoch，DPSGD的准确率: 0.8687 KF-DPSGD的准确率: 0.9305
Bseline-第 31 个epoch，DPSGD的准确率: 0.8719 KF-DPSGD的准确率: 0.9331
Bseline-第 32 个epoch，DPSGD的准确率: 0.8744 KF-DPSGD的准确率: 0.9335
Bseline-第 33 个epoch，DPSGD的准确率: 0.8756 KF-DPSGD的准确率: 0.9331
Bseline-第 34 个epoch，DPSGD的准确率: 0.877 KF-DPSGD的准确率: 0.9347
Bseline-第 35 个epoch，DPSGD的准确率: 0.8806 KF-DPSGD的准确率: 0.9365
Bseline-第 36 个epoch，DPSGD的准确率: 0.8806 KF-DPSGD的准确率: 0.9362
Bseline-第 37 个epoch，DPSGD的准确率: 0.8832 KF-DPSGD的准确率: 0.9384
Bseline-第 38 个epoch，DPSGD的准确率: 0.885 KF-DPSGD的准确率: 0.9394
Bseline-第 39 个epoch，DPSGD的准确率: 0.8863 KF-DPSGD的准确率: 0.9404
Bseline-第 40 个epoch，DPSGD的准确率: 0.8883 KF-DPSGD的准确率: 0.9406
Bseline-第 41 个epoch，DPSGD的准确率: 0.8912 KF-DPSGD的准确率: 0.9426
Bseline-第 42 个epoch，DPSGD的准确率: 0.8916 KF-DPSGD的准确率: 0.9422
Bseline-第 43 个epoch，DPSGD的准确率: 0.8921 KF-DPSGD的准确率: 0.9429
Bseline-第 44 个epoch，DPSGD的准确率: 0.8929 KF-DPSGD的准确率: 0.9442
Bseline-第 45 个epoch，DPSGD的准确率: 0.8944 KF-DPSGD的准确率: 0.9431
Bseline-第 46 个epoch，DPSGD的准确率: 0.8955 KF-DPSGD的准确率: 0.9447
Bseline-第 47 个epoch，DPSGD的准确率: 0.8961 KF-DPSGD的准确率: 0.9454
Bseline-第 48 个epoch，DPSGD的准确率: 0.897 KF-DPSGD的准确率: 0.9453
Bseline-第 49 个epoch，DPSGD的准确率: 0.898 KF-DPSGD的准确率: 0.9452
Bseline-第 50 个epoch，DPSGD的准确率: 0.8989 KF-DPSGD的准确率: 0.9469
Bseline-第 51 个epoch，DPSGD的准确率: 0.8996 KF-DPSGD的准确率: 0.9469
Bseline-第 52 个epoch，DPSGD的准确率: 0.9008 KF-DPSGD的准确率: 0.9474
Bseline-第 53 个epoch，DPSGD的准确率: 0.9019 KF-DPSGD的准确率: 0.9478
Bseline-第 54 个epoch，DPSGD的准确率: 0.9019 KF-DPSGD的准确率: 0.9484
Bseline-第 55 个epoch，DPSGD的准确率: 0.9036 KF-DPSGD的准确率: 0.9494
Bseline-第 56 个epoch，DPSGD的准确率: 0.9042 KF-DPSGD的准确率: 0.9496
Bseline-第 57 个epoch，DPSGD的准确率: 0.9051 KF-DPSGD的准确率: 0.9496
Bseline-第 58 个epoch，DPSGD的准确率: 0.9055 KF-DPSGD的准确率: 0.9504
Bseline-第 59 个epoch，DPSGD的准确率: 0.9065 KF-DPSGD的准确率: 0.95
Bseline-第 60 个epoch，DPSGD的准确率: 0.9074 KF-DPSGD的准确率: 0.9517
Bseline-第 61 个epoch，DPSGD的准确率: 0.9082 KF-DPSGD的准确率: 0.9512
Bseline-第 62 个epoch，DPSGD的准确率: 0.9087 KF-DPSGD的准确率: 0.951
Bseline-第 63 个epoch，DPSGD的准确率: 0.9095 KF-DPSGD的准确率: 0.9525
Bseline-第 64 个epoch，DPSGD的准确率: 0.9105 KF-DPSGD的准确率: 0.9522
Bseline-第 65 个epoch，DPSGD的准确率: 0.9115 KF-DPSGD的准确率: 0.9538
Bseline-第 66 个epoch，DPSGD的准确率: 0.9124 KF-DPSGD的准确率: 0.9536
Bseline-第 67 个epoch，DPSGD的准确率: 0.9131 KF-DPSGD的准确率: 0.9541
Bseline-第 68 个epoch，DPSGD的准确率: 0.9129 KF-DPSGD的准确率: 0.9538
Bseline-第 69 个epoch，DPSGD的准确率: 0.913 KF-DPSGD的准确率: 0.9547
Baseline方法结束
KCIF-第0个epoch，准确率为:0.1967
KCIF-第1个epoch，准确率为:0.2345
KCIF-第2个epoch，准确率为:0.2526
KCIF-第3个epoch，准确率为:0.2628
KCIF-第4个epoch，准确率为:0.2717
KCIF-第5个epoch，准确率为:0.281
KCIF-第6个epoch，准确率为:0.2914
KCIF-第7个epoch，准确率为:0.299
KCIF-第8个epoch，准确率为:0.307
KCIF-第9个epoch，准确率为:0.3149
KCIF-第10个epoch，准确率为:0.322
KCIF-第11个epoch，准确率为:0.3301
KCIF-第12个epoch，准确率为:0.339
KCIF-第13个epoch，准确率为:0.3441
KCIF-第14个epoch，准确率为:0.3515
KCIF-第15个epoch，准确率为:0.3533
KCIF-第16个epoch，准确率为:0.3596
KCIF-第17个epoch，准确率为:0.3641
KCIF-第18个epoch，准确率为:0.3693
KCIF-第19个epoch，准确率为:0.3714
KCIF-第20个epoch，准确率为:0.3744
KCIF-第21个epoch，准确率为:0.3778
KCIF-第22个epoch，准确率为:0.38
KCIF-第23个epoch，准确率为:0.3798
KCIF-第24个epoch，准确率为:0.3824
KCIF-第25个epoch，准确率为:0.3832
KCIF-第26个epoch，准确率为:0.3836
KCIF-第27个epoch，准确率为:0.3881
KCIF-第28个epoch，准确率为:0.3897
KCIF-第29个epoch，准确率为:0.3906
KCIF-第30个epoch，准确率为:0.3944
KCIF-第31个epoch，准确率为:0.3959
KCIF-第32个epoch，准确率为:0.3981
KCIF-第33个epoch，准确率为:0.4004
KCIF-第34个epoch，准确率为:0.4014
KCIF-第35个epoch，准确率为:0.4041
KCIF-第36个epoch，准确率为:0.4061
KCIF-第37个epoch，准确率为:0.4086
KCIF-第38个epoch，准确率为:0.4123
KCIF-第39个epoch，准确率为:0.4134
KCIF-第40个epoch，准确率为:0.4149
KCIF-第41个epoch，准确率为:0.4177
KCIF-第42个epoch，准确率为:0.4201
KCIF-第43个epoch，准确率为:0.4208
KCIF-第44个epoch，准确率为:0.4234
KCIF-第45个epoch，准确率为:0.4244
KCIF-第46个epoch，准确率为:0.4243
KCIF-第47个epoch，准确率为:0.4267
KCIF-第48个epoch，准确率为:0.4278
KCIF-第49个epoch，准确率为:0.4296
KCIF-第50个epoch，准确率为:0.4292
KCIF-第51个epoch，准确率为:0.4307
KCIF-第52个epoch，准确率为:0.4311
KCIF-第53个epoch，准确率为:0.433
KCIF-第54个epoch，准确率为:0.4344
KCIF-第55个epoch，准确率为:0.4352
KCIF-第56个epoch，准确率为:0.4357
KCIF-第57个epoch，准确率为:0.4383
KCIF-第58个epoch，准确率为:0.4384
KCIF-第59个epoch，准确率为:0.4412
KCIF-第60个epoch，准确率为:0.4409
KCIF-第61个epoch，准确率为:0.4425
KCIF-第62个epoch，准确率为:0.4421
KCIF-第63个epoch，准确率为:0.4425
KCIF-第64个epoch，准确率为:0.4426
KCIF-第65个epoch，准确率为:0.4428
KCIF-第66个epoch，准确率为:0.4425
KCIF-第67个epoch，准确率为:0.4432
KCIF-第68个epoch，准确率为:0.4443
KCIF-第69个epoch，准确率为:0.4457
KCIF方法结束
Bseline-第 0 个epoch，DPSGD的准确率: 0.1194 KF-DPSGD的准确率: 0.1871
Bseline-第 1 个epoch，DPSGD的准确率: 0.1523 KF-DPSGD的准确率: 0.2321
Bseline-第 2 个epoch，DPSGD的准确率: 0.1717 KF-DPSGD的准确率: 0.2507
Bseline-第 3 个epoch，DPSGD的准确率: 0.1909 KF-DPSGD的准确率: 0.2611
Bseline-第 4 个epoch，DPSGD的准确率: 0.2041 KF-DPSGD的准确率: 0.2693
Bseline-第 5 个epoch，DPSGD的准确率: 0.2162 KF-DPSGD的准确率: 0.2769
Bseline-第 6 个epoch，DPSGD的准确率: 0.2265 KF-DPSGD的准确率: 0.2849
Bseline-第 7 个epoch，DPSGD的准确率: 0.2331 KF-DPSGD的准确率: 0.2944
Bseline-第 8 个epoch，DPSGD的准确率: 0.2384 KF-DPSGD的准确率: 0.2999
Bseline-第 9 个epoch，DPSGD的准确率: 0.2436 KF-DPSGD的准确率: 0.3098
Bseline-第 10 个epoch，DPSGD的准确率: 0.2475 KF-DPSGD的准确率: 0.3138
Bseline-第 11 个epoch，DPSGD的准确率: 0.2496 KF-DPSGD的准确率: 0.3248
Bseline-第 12 个epoch，DPSGD的准确率: 0.2527 KF-DPSGD的准确率: 0.3297
Bseline-第 13 个epoch，DPSGD的准确率: 0.2551 KF-DPSGD的准确率: 0.3383
Bseline-第 14 个epoch，DPSGD的准确率: 0.2578 KF-DPSGD的准确率: 0.3452
Bseline-第 15 个epoch，DPSGD的准确率: 0.2597 KF-DPSGD的准确率: 0.3511
Bseline-第 16 个epoch，DPSGD的准确率: 0.2616 KF-DPSGD的准确率: 0.3555
Bseline-第 17 个epoch，DPSGD的准确率: 0.2656 KF-DPSGD的准确率: 0.3586
Bseline-第 18 个epoch，DPSGD的准确率: 0.2687 KF-DPSGD的准确率: 0.3637
Bseline-第 19 个epoch，DPSGD的准确率: 0.2705 KF-DPSGD的准确率: 0.3668
Bseline-第 20 个epoch，DPSGD的准确率: 0.2724 KF-DPSGD的准确率: 0.3687
Bseline-第 21 个epoch，DPSGD的准确率: 0.2759 KF-DPSGD的准确率: 0.3705
Bseline-第 22 个epoch，DPSGD的准确率: 0.2785 KF-DPSGD的准确率: 0.3744
Bseline-第 23 个epoch，DPSGD的准确率: 0.28 KF-DPSGD的准确率: 0.3749
Bseline-第 24 个epoch，DPSGD的准确率: 0.2821 KF-DPSGD的准确率: 0.3787
Bseline-第 25 个epoch，DPSGD的准确率: 0.2837 KF-DPSGD的准确率: 0.3838
Bseline-第 26 个epoch，DPSGD的准确率: 0.2862 KF-DPSGD的准确率: 0.3855
Bseline-第 27 个epoch，DPSGD的准确率: 0.2884 KF-DPSGD的准确率: 0.3869
Bseline-第 28 个epoch，DPSGD的准确率: 0.2906 KF-DPSGD的准确率: 0.3868
Bseline-第 29 个epoch，DPSGD的准确率: 0.2934 KF-DPSGD的准确率: 0.3889
Bseline-第 30 个epoch，DPSGD的准确率: 0.2953 KF-DPSGD的准确率: 0.3925
Bseline-第 31 个epoch，DPSGD的准确率: 0.2967 KF-DPSGD的准确率: 0.3945
Bseline-第 32 个epoch，DPSGD的准确率: 0.3001 KF-DPSGD的准确率: 0.3961
Bseline-第 33 个epoch，DPSGD的准确率: 0.3024 KF-DPSGD的准确率: 0.4007
Bseline-第 34 个epoch，DPSGD的准确率: 0.3029 KF-DPSGD的准确率: 0.4017
Bseline-第 35 个epoch，DPSGD的准确率: 0.3038 KF-DPSGD的准确率: 0.4043
Bseline-第 36 个epoch，DPSGD的准确率: 0.3056 KF-DPSGD的准确率: 0.4053
Bseline-第 37 个epoch，DPSGD的准确率: 0.3078 KF-DPSGD的准确率: 0.4098
Bseline-第 38 个epoch，DPSGD的准确率: 0.3095 KF-DPSGD的准确率: 0.4082
Bseline-第 39 个epoch，DPSGD的准确率: 0.3121 KF-DPSGD的准确率: 0.4133
Bseline-第 40 个epoch，DPSGD的准确率: 0.3151 KF-DPSGD的准确率: 0.4169
Bseline-第 41 个epoch，DPSGD的准确率: 0.3172 KF-DPSGD的准确率: 0.4176
Bseline-第 42 个epoch，DPSGD的准确率: 0.3188 KF-DPSGD的准确率: 0.4142
Bseline-第 43 个epoch，DPSGD的准确率: 0.3225 KF-DPSGD的准确率: 0.4193
Bseline-第 44 个epoch，DPSGD的准确率: 0.3229 KF-DPSGD的准确率: 0.4191
Bseline-第 45 个epoch，DPSGD的准确率: 0.3236 KF-DPSGD的准确率: 0.4215
Bseline-第 46 个epoch，DPSGD的准确率: 0.3243 KF-DPSGD的准确率: 0.4237
Bseline-第 47 个epoch，DPSGD的准确率: 0.3256 KF-DPSGD的准确率: 0.4253
Bseline-第 48 个epoch，DPSGD的准确率: 0.3275 KF-DPSGD的准确率: 0.4259
Bseline-第 49 个epoch，DPSGD的准确率: 0.3282 KF-DPSGD的准确率: 0.4276
Bseline-第 50 个epoch，DPSGD的准确率: 0.3295 KF-DPSGD的准确率: 0.4286
Bseline-第 51 个epoch，DPSGD的准确率: 0.3315 KF-DPSGD的准确率: 0.4302
Bseline-第 52 个epoch，DPSGD的准确率: 0.3344 KF-DPSGD的准确率: 0.4337
Bseline-第 53 个epoch，DPSGD的准确率: 0.3357 KF-DPSGD的准确率: 0.431
Bseline-第 54 个epoch，DPSGD的准确率: 0.3394 KF-DPSGD的准确率: 0.4318
Bseline-第 55 个epoch，DPSGD的准确率: 0.3416 KF-DPSGD的准确率: 0.4338
Bseline-第 56 个epoch，DPSGD的准确率: 0.3434 KF-DPSGD的准确率: 0.4349
Bseline-第 57 个epoch，DPSGD的准确率: 0.3449 KF-DPSGD的准确率: 0.4365
Bseline-第 58 个epoch，DPSGD的准确率: 0.3464 KF-DPSGD的准确率: 0.4371
Bseline-第 59 个epoch，DPSGD的准确率: 0.3473 KF-DPSGD的准确率: 0.4368
Bseline-第 60 个epoch，DPSGD的准确率: 0.3491 KF-DPSGD的准确率: 0.4401
Bseline-第 61 个epoch，DPSGD的准确率: 0.3486 KF-DPSGD的准确率: 0.4385
Bseline-第 62 个epoch，DPSGD的准确率: 0.351 KF-DPSGD的准确率: 0.4415
Bseline-第 63 个epoch，DPSGD的准确率: 0.3518 KF-DPSGD的准确率: 0.4422
Bseline-第 64 个epoch，DPSGD的准确率: 0.3531 KF-DPSGD的准确率: 0.4435
Bseline-第 65 个epoch，DPSGD的准确率: 0.3547 KF-DPSGD的准确率: 0.4432
Bseline-第 66 个epoch，DPSGD的准确率: 0.356 KF-DPSGD的准确率: 0.4422
Bseline-第 67 个epoch，DPSGD的准确率: 0.3573 KF-DPSGD的准确率: 0.4429
Bseline-第 68 个epoch，DPSGD的准确率: 0.3579 KF-DPSGD的准确率: 0.4473
Bseline-第 69 个epoch，DPSGD的准确率: 0.3582 KF-DPSGD的准确率: 0.447
Baseline方法结束
KCIF-第0个epoch，准确率为:0.602
KCIF-第1个epoch，准确率为:0.606
KCIF-第2个epoch，准确率为:0.608
KCIF-第3个epoch，准确率为:0.612
KCIF-第4个epoch，准确率为:0.613
KCIF-第5个epoch，准确率为:0.617
KCIF-第6个epoch，准确率为:0.622
KCIF-第7个epoch，准确率为:0.625
KCIF-第8个epoch，准确率为:0.628
KCIF-第9个epoch，准确率为:0.632
KCIF-第10个epoch，准确率为:0.639
KCIF-第11个epoch，准确率为:0.642
KCIF-第12个epoch，准确率为:0.643
KCIF-第13个epoch，准确率为:0.649
KCIF-第14个epoch，准确率为:0.652
KCIF-第15个epoch，准确率为:0.654
KCIF-第16个epoch，准确率为:0.659
KCIF-第17个epoch，准确率为:0.662
KCIF-第18个epoch，准确率为:0.666
KCIF-第19个epoch，准确率为:0.672
KCIF-第20个epoch，准确率为:0.673
KCIF-第21个epoch，准确率为:0.677
KCIF-第22个epoch，准确率为:0.681
KCIF-第23个epoch，准确率为:0.684
KCIF-第24个epoch，准确率为:0.682
KCIF-第25个epoch，准确率为:0.686
KCIF-第26个epoch，准确率为:0.689
KCIF-第27个epoch，准确率为:0.694
KCIF-第28个epoch，准确率为:0.696
KCIF-第29个epoch，准确率为:0.697
KCIF-第30个epoch，准确率为:0.701
KCIF-第31个epoch，准确率为:0.707
KCIF-第32个epoch，准确率为:0.711
KCIF-第33个epoch，准确率为:0.712
KCIF-第34个epoch，准确率为:0.715
KCIF-第35个epoch，准确率为:0.714
KCIF-第36个epoch，准确率为:0.715
KCIF-第37个epoch，准确率为:0.717
KCIF-第38个epoch，准确率为:0.719
KCIF-第39个epoch，准确率为:0.718
KCIF-第40个epoch，准确率为:0.718
KCIF-第41个epoch，准确率为:0.719
KCIF-第42个epoch，准确率为:0.723
KCIF-第43个epoch，准确率为:0.727
KCIF-第44个epoch，准确率为:0.728
KCIF-第45个epoch，准确率为:0.731
KCIF-第46个epoch，准确率为:0.732
KCIF-第47个epoch，准确率为:0.732
KCIF-第48个epoch，准确率为:0.732
KCIF-第49个epoch，准确率为:0.733
KCIF-第50个epoch，准确率为:0.733
KCIF-第51个epoch，准确率为:0.734
KCIF-第52个epoch，准确率为:0.736
KCIF-第53个epoch，准确率为:0.738
KCIF-第54个epoch，准确率为:0.739
KCIF-第55个epoch，准确率为:0.74
KCIF-第56个epoch，准确率为:0.741
KCIF-第57个epoch，准确率为:0.741
KCIF-第58个epoch，准确率为:0.745
KCIF-第59个epoch，准确率为:0.745
KCIF-第60个epoch，准确率为:0.745
KCIF-第61个epoch，准确率为:0.745
KCIF-第62个epoch，准确率为:0.746
KCIF-第63个epoch，准确率为:0.746
KCIF-第64个epoch，准确率为:0.749
KCIF-第65个epoch，准确率为:0.749
KCIF-第66个epoch，准确率为:0.746
KCIF-第67个epoch，准确率为:0.746
KCIF-第68个epoch，准确率为:0.746
KCIF-第69个epoch，准确率为:0.747
KCIF方法结束
Bseline-第 0 个epoch，DPSGD的准确率: 0.594 KF-DPSGD的准确率: 0.6
Bseline-第 1 个epoch，DPSGD的准确率: 0.598 KF-DPSGD的准确率: 0.606
Bseline-第 2 个epoch，DPSGD的准确率: 0.599 KF-DPSGD的准确率: 0.608
Bseline-第 3 个epoch，DPSGD的准确率: 0.6 KF-DPSGD的准确率: 0.61
Bseline-第 4 个epoch，DPSGD的准确率: 0.602 KF-DPSGD的准确率: 0.613
Bseline-第 5 个epoch，DPSGD的准确率: 0.603 KF-DPSGD的准确率: 0.616
Bseline-第 6 个epoch，DPSGD的准确率: 0.605 KF-DPSGD的准确率: 0.62
Bseline-第 7 个epoch，DPSGD的准确率: 0.605 KF-DPSGD的准确率: 0.624
Bseline-第 8 个epoch，DPSGD的准确率: 0.607 KF-DPSGD的准确率: 0.627
Bseline-第 9 个epoch，DPSGD的准确率: 0.608 KF-DPSGD的准确率: 0.627
Bseline-第 10 个epoch，DPSGD的准确率: 0.609 KF-DPSGD的准确率: 0.631
Bseline-第 11 个epoch，DPSGD的准确率: 0.608 KF-DPSGD的准确率: 0.636
Bseline-第 12 个epoch，DPSGD的准确率: 0.607 KF-DPSGD的准确率: 0.64
Bseline-第 13 个epoch，DPSGD的准确率: 0.609 KF-DPSGD的准确率: 0.642
Bseline-第 14 个epoch，DPSGD的准确率: 0.609 KF-DPSGD的准确率: 0.648
Bseline-第 15 个epoch，DPSGD的准确率: 0.609 KF-DPSGD的准确率: 0.65
Bseline-第 16 个epoch，DPSGD的准确率: 0.61 KF-DPSGD的准确率: 0.656
Bseline-第 17 个epoch，DPSGD的准确率: 0.61 KF-DPSGD的准确率: 0.66
Bseline-第 18 个epoch，DPSGD的准确率: 0.612 KF-DPSGD的准确率: 0.661
Bseline-第 19 个epoch，DPSGD的准确率: 0.613 KF-DPSGD的准确率: 0.666
Bseline-第 20 个epoch，DPSGD的准确率: 0.613 KF-DPSGD的准确率: 0.666
Bseline-第 21 个epoch，DPSGD的准确率: 0.614 KF-DPSGD的准确率: 0.671
Bseline-第 22 个epoch，DPSGD的准确率: 0.615 KF-DPSGD的准确率: 0.672
Bseline-第 23 个epoch，DPSGD的准确率: 0.616 KF-DPSGD的准确率: 0.674
Bseline-第 24 个epoch，DPSGD的准确率: 0.618 KF-DPSGD的准确率: 0.679
Bseline-第 25 个epoch，DPSGD的准确率: 0.619 KF-DPSGD的准确率: 0.683
Bseline-第 26 个epoch，DPSGD的准确率: 0.621 KF-DPSGD的准确率: 0.686
Bseline-第 27 个epoch，DPSGD的准确率: 0.621 KF-DPSGD的准确率: 0.691
Bseline-第 28 个epoch，DPSGD的准确率: 0.622 KF-DPSGD的准确率: 0.69
Bseline-第 29 个epoch，DPSGD的准确率: 0.621 KF-DPSGD的准确率: 0.691
Bseline-第 30 个epoch，DPSGD的准确率: 0.625 KF-DPSGD的准确率: 0.694
Bseline-第 31 个epoch，DPSGD的准确率: 0.624 KF-DPSGD的准确率: 0.699
Bseline-第 32 个epoch，DPSGD的准确率: 0.626 KF-DPSGD的准确率: 0.701
Bseline-第 33 个epoch，DPSGD的准确率: 0.627 KF-DPSGD的准确率: 0.707
Bseline-第 34 个epoch，DPSGD的准确率: 0.628 KF-DPSGD的准确率: 0.711
Bseline-第 35 个epoch，DPSGD的准确率: 0.628 KF-DPSGD的准确率: 0.713
Bseline-第 36 个epoch，DPSGD的准确率: 0.628 KF-DPSGD的准确率: 0.713
Bseline-第 37 个epoch，DPSGD的准确率: 0.627 KF-DPSGD的准确率: 0.716
Bseline-第 38 个epoch，DPSGD的准确率: 0.627 KF-DPSGD的准确率: 0.719
Bseline-第 39 个epoch，DPSGD的准确率: 0.627 KF-DPSGD的准确率: 0.719
Bseline-第 40 个epoch，DPSGD的准确率: 0.629 KF-DPSGD的准确率: 0.719
Bseline-第 41 个epoch，DPSGD的准确率: 0.631 KF-DPSGD的准确率: 0.721
Bseline-第 42 个epoch，DPSGD的准确率: 0.631 KF-DPSGD的准确率: 0.72
Bseline-第 43 个epoch，DPSGD的准确率: 0.632 KF-DPSGD的准确率: 0.722
Bseline-第 44 个epoch，DPSGD的准确率: 0.635 KF-DPSGD的准确率: 0.724
Bseline-第 45 个epoch，DPSGD的准确率: 0.637 KF-DPSGD的准确率: 0.724
Bseline-第 46 个epoch，DPSGD的准确率: 0.637 KF-DPSGD的准确率: 0.727
Bseline-第 47 个epoch，DPSGD的准确率: 0.636 KF-DPSGD的准确率: 0.726
Bseline-第 48 个epoch，DPSGD的准确率: 0.637 KF-DPSGD的准确率: 0.729
Bseline-第 49 个epoch，DPSGD的准确率: 0.639 KF-DPSGD的准确率: 0.73
Bseline-第 50 个epoch，DPSGD的准确率: 0.64 KF-DPSGD的准确率: 0.732
Bseline-第 51 个epoch，DPSGD的准确率: 0.64 KF-DPSGD的准确率: 0.732
Bseline-第 52 个epoch，DPSGD的准确率: 0.642 KF-DPSGD的准确率: 0.731
Bseline-第 53 个epoch，DPSGD的准确率: 0.642 KF-DPSGD的准确率: 0.732
Bseline-第 54 个epoch，DPSGD的准确率: 0.642 KF-DPSGD的准确率: 0.736
Bseline-第 55 个epoch，DPSGD的准确率: 0.644 KF-DPSGD的准确率: 0.738
Bseline-第 56 个epoch，DPSGD的准确率: 0.646 KF-DPSGD的准确率: 0.74
Bseline-第 57 个epoch，DPSGD的准确率: 0.649 KF-DPSGD的准确率: 0.742
Bseline-第 58 个epoch，DPSGD的准确率: 0.648 KF-DPSGD的准确率: 0.743
Bseline-第 59 个epoch，DPSGD的准确率: 0.649 KF-DPSGD的准确率: 0.745
Bseline-第 60 个epoch，DPSGD的准确率: 0.651 KF-DPSGD的准确率: 0.745
Bseline-第 61 个epoch，DPSGD的准确率: 0.651 KF-DPSGD的准确率: 0.745
Bseline-第 62 个epoch，DPSGD的准确率: 0.651 KF-DPSGD的准确率: 0.745
Bseline-第 63 个epoch，DPSGD的准确率: 0.652 KF-DPSGD的准确率: 0.746
Bseline-第 64 个epoch，DPSGD的准确率: 0.655 KF-DPSGD的准确率: 0.747
Bseline-第 65 个epoch，DPSGD的准确率: 0.655 KF-DPSGD的准确率: 0.747
Bseline-第 66 个epoch，DPSGD的准确率: 0.655 KF-DPSGD的准确率: 0.748
Bseline-第 67 个epoch，DPSGD的准确率: 0.656 KF-DPSGD的准确率: 0.749
Bseline-第 68 个epoch，DPSGD的准确率: 0.658 KF-DPSGD的准确率: 0.75
Bseline-第 69 个epoch，DPSGD的准确率: 0.658 KF-DPSGD的准确率: 0.75
Baseline方法结束
KCIF-第0个epoch，准确率为:0.5913
KCIF-第1个epoch，准确率为:0.7307
KCIF-第2个epoch，准确率为:0.7786
KCIF-第3个epoch，准确率为:0.8039
KCIF-第4个epoch，准确率为:0.8245
KCIF-第5个epoch，准确率为:0.8382
KCIF-第6个epoch，准确率为:0.8482
KCIF-第7个epoch，准确率为:0.8564
KCIF-第8个epoch，准确率为:0.8638
KCIF-第9个epoch，准确率为:0.8691
KCIF-第10个epoch，准确率为:0.8735
KCIF-第11个epoch，准确率为:0.8771
KCIF-第12个epoch，准确率为:0.8803
KCIF-第13个epoch，准确率为:0.8837
KCIF-第14个epoch，准确率为:0.8845
KCIF-第15个epoch，准确率为:0.8879
KCIF-第16个epoch，准确率为:0.8894
KCIF-第17个epoch，准确率为:0.8919
KCIF-第18个epoch，准确率为:0.8932
KCIF-第19个epoch，准确率为:0.8943
KCIF-第20个epoch，准确率为:0.8961
KCIF-第21个epoch，准确率为:0.8969
KCIF-第22个epoch，准确率为:0.8981
KCIF-第23个epoch，准确率为:0.8989
KCIF-第24个epoch，准确率为:0.9003
KCIF-第25个epoch，准确率为:0.9012
KCIF-第26个epoch，准确率为:0.9024
KCIF-第27个epoch，准确率为:0.9031
KCIF-第28个epoch，准确率为:0.9039
KCIF-第29个epoch，准确率为:0.9051
KCIF-第30个epoch，准确率为:0.9056
KCIF-第31个epoch，准确率为:0.9063
KCIF-第32个epoch，准确率为:0.9071
KCIF-第33个epoch，准确率为:0.9076
KCIF-第34个epoch，准确率为:0.9088
KCIF-第35个epoch，准确率为:0.9088
KCIF-第36个epoch，准确率为:0.9098
KCIF-第37个epoch，准确率为:0.9106
KCIF-第38个epoch，准确率为:0.9117
KCIF-第39个epoch，准确率为:0.9115
KCIF-第40个epoch，准确率为:0.9123
KCIF-第41个epoch，准确率为:0.9125
KCIF-第42个epoch，准确率为:0.9132
KCIF-第43个epoch，准确率为:0.9142
KCIF-第44个epoch，准确率为:0.9146
KCIF-第45个epoch，准确率为:0.9156
KCIF-第46个epoch，准确率为:0.9162
KCIF-第47个epoch，准确率为:0.9178
KCIF-第48个epoch，准确率为:0.9183
KCIF-第49个epoch，准确率为:0.9188
KCIF-第50个epoch，准确率为:0.9191
KCIF-第51个epoch，准确率为:0.9189
KCIF-第52个epoch，准确率为:0.9197
KCIF-第53个epoch，准确率为:0.9203
KCIF-第54个epoch，准确率为:0.9205
KCIF-第55个epoch，准确率为:0.9205
KCIF-第56个epoch，准确率为:0.9213
KCIF-第57个epoch，准确率为:0.9217
KCIF-第58个epoch，准确率为:0.9222
KCIF-第59个epoch，准确率为:0.9224
KCIF-第60个epoch，准确率为:0.9219
KCIF-第61个epoch，准确率为:0.923
KCIF-第62个epoch，准确率为:0.9229
KCIF-第63个epoch，准确率为:0.923
KCIF-第64个epoch，准确率为:0.9234
KCIF-第65个epoch，准确率为:0.9238
KCIF-第66个epoch，准确率为:0.9242
KCIF-第67个epoch，准确率为:0.9249
KCIF-第68个epoch，准确率为:0.9249
KCIF-第69个epoch，准确率为:0.9253
KCIF方法结束
Bseline-第 0 个epoch，DPSGD的准确率: 0.1941 KF-DPSGD的准确率: 0.5694
Bseline-第 1 个epoch，DPSGD的准确率: 0.3428 KF-DPSGD的准确率: 0.7295
Bseline-第 2 个epoch，DPSGD的准确率: 0.4722 KF-DPSGD的准确率: 0.7775
Bseline-第 3 个epoch，DPSGD的准确率: 0.575 KF-DPSGD的准确率: 0.8004
Bseline-第 4 个epoch，DPSGD的准确率: 0.6379 KF-DPSGD的准确率: 0.8191
Bseline-第 5 个epoch，DPSGD的准确率: 0.682 KF-DPSGD的准确率: 0.8332
Bseline-第 6 个epoch，DPSGD的准确率: 0.7096 KF-DPSGD的准确率: 0.8426
Bseline-第 7 个epoch，DPSGD的准确率: 0.7291 KF-DPSGD的准确率: 0.8512
Bseline-第 8 个epoch，DPSGD的准确率: 0.7437 KF-DPSGD的准确率: 0.8585
Bseline-第 9 个epoch，DPSGD的准确率: 0.7575 KF-DPSGD的准确率: 0.8648
Bseline-第 10 个epoch，DPSGD的准确率: 0.7665 KF-DPSGD的准确率: 0.8695
Bseline-第 11 个epoch，DPSGD的准确率: 0.7756 KF-DPSGD的准确率: 0.8734
Bseline-第 12 个epoch，DPSGD的准确率: 0.7839 KF-DPSGD的准确率: 0.8783
Bseline-第 13 个epoch，DPSGD的准确率: 0.79 KF-DPSGD的准确率: 0.8799
Bseline-第 14 个epoch，DPSGD的准确率: 0.7969 KF-DPSGD的准确率: 0.8822
Bseline-第 15 个epoch，DPSGD的准确率: 0.8015 KF-DPSGD的准确率: 0.8842
Bseline-第 16 个epoch，DPSGD的准确率: 0.8075 KF-DPSGD的准确率: 0.8865
Bseline-第 17 个epoch，DPSGD的准确率: 0.8116 KF-DPSGD的准确率: 0.888
Bseline-第 18 个epoch，DPSGD的准确率: 0.8162 KF-DPSGD的准确率: 0.8906
Bseline-第 19 个epoch，DPSGD的准确率: 0.8205 KF-DPSGD的准确率: 0.8917
Bseline-第 20 个epoch，DPSGD的准确率: 0.8242 KF-DPSGD的准确率: 0.8929
Bseline-第 21 个epoch，DPSGD的准确率: 0.8269 KF-DPSGD的准确率: 0.8943
Bseline-第 22 个epoch，DPSGD的准确率: 0.8309 KF-DPSGD的准确率: 0.895
Bseline-第 23 个epoch，DPSGD的准确率: 0.8341 KF-DPSGD的准确率: 0.8962
Bseline-第 24 个epoch，DPSGD的准确率: 0.8372 KF-DPSGD的准确率: 0.8972
Bseline-第 25 个epoch，DPSGD的准确率: 0.8401 KF-DPSGD的准确率: 0.8981
Bseline-第 26 个epoch，DPSGD的准确率: 0.8425 KF-DPSGD的准确率: 0.8992
Bseline-第 27 个epoch，DPSGD的准确率: 0.8441 KF-DPSGD的准确率: 0.9008
Bseline-第 28 个epoch，DPSGD的准确率: 0.8449 KF-DPSGD的准确率: 0.9015
Bseline-第 29 个epoch，DPSGD的准确率: 0.8474 KF-DPSGD的准确率: 0.903
Bseline-第 30 个epoch，DPSGD的准确率: 0.8497 KF-DPSGD的准确率: 0.9038
Bseline-第 31 个epoch，DPSGD的准确率: 0.8514 KF-DPSGD的准确率: 0.9042
Bseline-第 32 个epoch，DPSGD的准确率: 0.8536 KF-DPSGD的准确率: 0.9048
Bseline-第 33 个epoch，DPSGD的准确率: 0.8553 KF-DPSGD的准确率: 0.9059
Bseline-第 34 个epoch，DPSGD的准确率: 0.8573 KF-DPSGD的准确率: 0.9064
Bseline-第 35 个epoch，DPSGD的准确率: 0.8591 KF-DPSGD的准确率: 0.9066
Bseline-第 36 个epoch，DPSGD的准确率: 0.8613 KF-DPSGD的准确率: 0.9081
Bseline-第 37 个epoch，DPSGD的准确率: 0.8626 KF-DPSGD的准确率: 0.9091
Bseline-第 38 个epoch，DPSGD的准确率: 0.864 KF-DPSGD的准确率: 0.9098
Bseline-第 39 个epoch，DPSGD的准确率: 0.8646 KF-DPSGD的准确率: 0.9106
Bseline-第 40 个epoch，DPSGD的准确率: 0.8662 KF-DPSGD的准确率: 0.9113
Bseline-第 41 个epoch，DPSGD的准确率: 0.8667 KF-DPSGD的准确率: 0.9125
Bseline-第 42 个epoch，DPSGD的准确率: 0.8675 KF-DPSGD的准确率: 0.9131
Bseline-第 43 个epoch，DPSGD的准确率: 0.8689 KF-DPSGD的准确率: 0.9137
Bseline-第 44 个epoch，DPSGD的准确率: 0.8702 KF-DPSGD的准确率: 0.9138
Bseline-第 45 个epoch，DPSGD的准确率: 0.8714 KF-DPSGD的准确率: 0.9151
Bseline-第 46 个epoch，DPSGD的准确率: 0.8726 KF-DPSGD的准确率: 0.9151
Bseline-第 47 个epoch，DPSGD的准确率: 0.8738 KF-DPSGD的准确率: 0.916
Bseline-第 48 个epoch，DPSGD的准确率: 0.875 KF-DPSGD的准确率: 0.9164
Bseline-第 49 个epoch，DPSGD的准确率: 0.8762 KF-DPSGD的准确率: 0.9177
Bseline-第 50 个epoch，DPSGD的准确率: 0.8772 KF-DPSGD的准确率: 0.9179
Bseline-第 51 个epoch，DPSGD的准确率: 0.8786 KF-DPSGD的准确率: 0.9181
Bseline-第 52 个epoch，DPSGD的准确率: 0.8789 KF-DPSGD的准确率: 0.9187
Bseline-第 53 个epoch，DPSGD的准确率: 0.8796 KF-DPSGD的准确率: 0.919
Bseline-第 54 个epoch，DPSGD的准确率: 0.88 KF-DPSGD的准确率: 0.9196
Bseline-第 55 个epoch，DPSGD的准确率: 0.881 KF-DPSGD的准确率: 0.9191
Bseline-第 56 个epoch，DPSGD的准确率: 0.8819 KF-DPSGD的准确率: 0.9192
Bseline-第 57 个epoch，DPSGD的准确率: 0.882 KF-DPSGD的准确率: 0.9193
Bseline-第 58 个epoch，DPSGD的准确率: 0.8826 KF-DPSGD的准确率: 0.9197
Bseline-第 59 个epoch，DPSGD的准确率: 0.8833 KF-DPSGD的准确率: 0.9204
Bseline-第 60 个epoch，DPSGD的准确率: 0.8839 KF-DPSGD的准确率: 0.9208
Bseline-第 61 个epoch，DPSGD的准确率: 0.8847 KF-DPSGD的准确率: 0.9213
Bseline-第 62 个epoch，DPSGD的准确率: 0.8851 KF-DPSGD的准确率: 0.921
Bseline-第 63 个epoch，DPSGD的准确率: 0.8854 KF-DPSGD的准确率: 0.9215
Bseline-第 64 个epoch，DPSGD的准确率: 0.886 KF-DPSGD的准确率: 0.9225
Bseline-第 65 个epoch，DPSGD的准确率: 0.8865 KF-DPSGD的准确率: 0.9218
Bseline-第 66 个epoch，DPSGD的准确率: 0.8872 KF-DPSGD的准确率: 0.9225
Bseline-第 67 个epoch，DPSGD的准确率: 0.8877 KF-DPSGD的准确率: 0.9216
Bseline-第 68 个epoch，DPSGD的准确率: 0.8881 KF-DPSGD的准确率: 0.923
Bseline-第 69 个epoch，DPSGD的准确率: 0.8888 KF-DPSGD的准确率: 0.9234
Baseline方法结束
KCIF-第0个epoch，准确率为:0.44
KCIF-第1个epoch，准确率为:0.7297
KCIF-第2个epoch，准确率为:0.7915
KCIF-第3个epoch，准确率为:0.8212
KCIF-第4个epoch，准确率为:0.8359
KCIF-第5个epoch，准确率为:0.852
KCIF-第6个epoch，准确率为:0.8657
KCIF-第7个epoch，准确率为:0.8736
KCIF-第8个epoch，准确率为:0.8815
KCIF-第9个epoch，准确率为:0.8886
KCIF-第10个epoch，准确率为:0.8948
KCIF-第11个epoch，准确率为:0.8999
KCIF-第12个epoch，准确率为:0.9026
KCIF-第13个epoch，准确率为:0.9054
KCIF-第14个epoch，准确率为:0.9093
KCIF-第15个epoch，准确率为:0.9117
KCIF-第16个epoch，准确率为:0.9152
KCIF-第17个epoch，准确率为:0.9173
KCIF-第18个epoch，准确率为:0.9185
KCIF-第19个epoch，准确率为:0.92
KCIF-第20个epoch，准确率为:0.9215
KCIF-第21个epoch，准确率为:0.9236
KCIF-第22个epoch，准确率为:0.9245
KCIF-第23个epoch，准确率为:0.9264
KCIF-第24个epoch，准确率为:0.9276
KCIF-第25个epoch，准确率为:0.9287
KCIF-第26个epoch，准确率为:0.9302
KCIF-第27个epoch，准确率为:0.9311
KCIF-第28个epoch，准确率为:0.9323
KCIF-第29个epoch，准确率为:0.9346
KCIF-第30个epoch，准确率为:0.9351
KCIF-第31个epoch，准确率为:0.9361
KCIF-第32个epoch，准确率为:0.9368
KCIF-第33个epoch，准确率为:0.9381
KCIF-第34个epoch，准确率为:0.9386
KCIF-第35个epoch，准确率为:0.9398
KCIF-第36个epoch，准确率为:0.9403
KCIF-第37个epoch，准确率为:0.9406
KCIF-第38个epoch，准确率为:0.9418
KCIF-第39个epoch，准确率为:0.9431
KCIF-第40个epoch，准确率为:0.9433
KCIF-第41个epoch，准确率为:0.9436
KCIF-第42个epoch，准确率为:0.9443
KCIF-第43个epoch，准确率为:0.9439
KCIF-第44个epoch，准确率为:0.9449
KCIF-第45个epoch，准确率为:0.9458
KCIF-第46个epoch，准确率为:0.9461
KCIF-第47个epoch，准确率为:0.9465
KCIF-第48个epoch，准确率为:0.9473
KCIF-第49个epoch，准确率为:0.9474
KCIF-第50个epoch，准确率为:0.9483
KCIF-第51个epoch，准确率为:0.9487
KCIF-第52个epoch，准确率为:0.9491
KCIF-第53个epoch，准确率为:0.9491
KCIF-第54个epoch，准确率为:0.9495
KCIF-第55个epoch，准确率为:0.9504
KCIF-第56个epoch，准确率为:0.9505
KCIF-第57个epoch，准确率为:0.9515
KCIF-第58个epoch，准确率为:0.9512
KCIF-第59个epoch，准确率为:0.9516
KCIF-第60个epoch，准确率为:0.9519
KCIF-第61个epoch，准确率为:0.9528
KCIF-第62个epoch，准确率为:0.9532
KCIF-第63个epoch，准确率为:0.9533
KCIF-第64个epoch，准确率为:0.9541
KCIF-第65个epoch，准确率为:0.9545
KCIF-第66个epoch，准确率为:0.9544
KCIF-第67个epoch，准确率为:0.9557
KCIF-第68个epoch，准确率为:0.9556
KCIF-第69个epoch，准确率为:0.9557
KCIF方法结束
Bseline-第 0 个epoch，DPSGD的准确率: 0.1497 KF-DPSGD的准确率: 0.4182
Bseline-第 1 个epoch，DPSGD的准确率: 0.2224 KF-DPSGD的准确率: 0.7131
Bseline-第 2 个epoch，DPSGD的准确率: 0.3172 KF-DPSGD的准确率: 0.7949
Bseline-第 3 个epoch，DPSGD的准确率: 0.4275 KF-DPSGD的准确率: 0.823
Bseline-第 4 个epoch，DPSGD的准确率: 0.5246 KF-DPSGD的准确率: 0.8424
Bseline-第 5 个epoch，DPSGD的准确率: 0.6161 KF-DPSGD的准确率: 0.8506
Bseline-第 6 个epoch，DPSGD的准确率: 0.6855 KF-DPSGD的准确率: 0.8624
Bseline-第 7 个epoch，DPSGD的准确率: 0.7266 KF-DPSGD的准确率: 0.8712
Bseline-第 8 个epoch，DPSGD的准确率: 0.7538 KF-DPSGD的准确率: 0.8786
Bseline-第 9 个epoch，DPSGD的准确率: 0.7733 KF-DPSGD的准确率: 0.8866
Bseline-第 10 个epoch，DPSGD的准确率: 0.7855 KF-DPSGD的准确率: 0.8908
Bseline-第 11 个epoch，DPSGD的准确率: 0.7964 KF-DPSGD的准确率: 0.8953
Bseline-第 12 个epoch，DPSGD的准确率: 0.8076 KF-DPSGD的准确率: 0.9007
Bseline-第 13 个epoch，DPSGD的准确率: 0.8153 KF-DPSGD的准确率: 0.902
Bseline-第 14 个epoch，DPSGD的准确率: 0.8207 KF-DPSGD的准确率: 0.9064
Bseline-第 15 个epoch，DPSGD的准确率: 0.8274 KF-DPSGD的准确率: 0.9097
Bseline-第 16 个epoch，DPSGD的准确率: 0.8297 KF-DPSGD的准确率: 0.9126
Bseline-第 17 个epoch，DPSGD的准确率: 0.8327 KF-DPSGD的准确率: 0.9148
Bseline-第 18 个epoch，DPSGD的准确率: 0.8359 KF-DPSGD的准确率: 0.9167
Bseline-第 19 个epoch，DPSGD的准确率: 0.8384 KF-DPSGD的准确率: 0.9185
Bseline-第 20 个epoch，DPSGD的准确率: 0.8437 KF-DPSGD的准确率: 0.9199
Bseline-第 21 个epoch，DPSGD的准确率: 0.8463 KF-DPSGD的准确率: 0.921
Bseline-第 22 个epoch，DPSGD的准确率: 0.8495 KF-DPSGD的准确率: 0.9222
Bseline-第 23 个epoch，DPSGD的准确率: 0.8535 KF-DPSGD的准确率: 0.9234
Bseline-第 24 个epoch，DPSGD的准确率: 0.8557 KF-DPSGD的准确率: 0.9242
Bseline-第 25 个epoch，DPSGD的准确率: 0.8583 KF-DPSGD的准确率: 0.9263
Bseline-第 26 个epoch，DPSGD的准确率: 0.8606 KF-DPSGD的准确率: 0.9264
Bseline-第 27 个epoch，DPSGD的准确率: 0.8628 KF-DPSGD的准确率: 0.9283
Bseline-第 28 个epoch，DPSGD的准确率: 0.8653 KF-DPSGD的准确率: 0.9293
Bseline-第 29 个epoch，DPSGD的准确率: 0.8673 KF-DPSGD的准确率: 0.9306
Bseline-第 30 个epoch，DPSGD的准确率: 0.8707 KF-DPSGD的准确率: 0.9318
Bseline-第 31 个epoch，DPSGD的准确率: 0.8724 KF-DPSGD的准确率: 0.9328
Bseline-第 32 个epoch，DPSGD的准确率: 0.8744 KF-DPSGD的准确率: 0.9329
Bseline-第 33 个epoch，DPSGD的准确率: 0.8765 KF-DPSGD的准确率: 0.9348
Bseline-第 34 个epoch，DPSGD的准确率: 0.8779 KF-DPSGD的准确率: 0.9356
Bseline-第 35 个epoch，DPSGD的准确率: 0.8799 KF-DPSGD的准确率: 0.9366
Bseline-第 36 个epoch，DPSGD的准确率: 0.882 KF-DPSGD的准确率: 0.9377
Bseline-第 37 个epoch，DPSGD的准确率: 0.8845 KF-DPSGD的准确率: 0.9386
Bseline-第 38 个epoch，DPSGD的准确率: 0.8853 KF-DPSGD的准确率: 0.9395
Bseline-第 39 个epoch，DPSGD的准确率: 0.8878 KF-DPSGD的准确率: 0.9401
Bseline-第 40 个epoch，DPSGD的准确率: 0.889 KF-DPSGD的准确率: 0.9399
Bseline-第 41 个epoch，DPSGD的准确率: 0.8898 KF-DPSGD的准确率: 0.9412
Bseline-第 42 个epoch，DPSGD的准确率: 0.8917 KF-DPSGD的准确率: 0.9425
Bseline-第 43 个epoch，DPSGD的准确率: 0.8919 KF-DPSGD的准确率: 0.9425
Bseline-第 44 个epoch，DPSGD的准确率: 0.8941 KF-DPSGD的准确率: 0.9436
Bseline-第 45 个epoch，DPSGD的准确率: 0.8951 KF-DPSGD的准确率: 0.944
Bseline-第 46 个epoch，DPSGD的准确率: 0.8948 KF-DPSGD的准确率: 0.9444
Bseline-第 47 个epoch，DPSGD的准确率: 0.8963 KF-DPSGD的准确率: 0.9445
Bseline-第 48 个epoch，DPSGD的准确率: 0.8972 KF-DPSGD的准确率: 0.9447
Bseline-第 49 个epoch，DPSGD的准确率: 0.8982 KF-DPSGD的准确率: 0.9459
Bseline-第 50 个epoch，DPSGD的准确率: 0.8993 KF-DPSGD的准确率: 0.9464
Bseline-第 51 个epoch，DPSGD的准确率: 0.9001 KF-DPSGD的准确率: 0.9472
Bseline-第 52 个epoch，DPSGD的准确率: 0.9017 KF-DPSGD的准确率: 0.9472
Bseline-第 53 个epoch，DPSGD的准确率: 0.9024 KF-DPSGD的准确率: 0.9472
Bseline-第 54 个epoch，DPSGD的准确率: 0.9023 KF-DPSGD的准确率: 0.9475
Bseline-第 55 个epoch，DPSGD的准确率: 0.9038 KF-DPSGD的准确率: 0.9483
Bseline-第 56 个epoch，DPSGD的准确率: 0.9047 KF-DPSGD的准确率: 0.9495
Bseline-第 57 个epoch，DPSGD的准确率: 0.9055 KF-DPSGD的准确率: 0.9485
Bseline-第 58 个epoch，DPSGD的准确率: 0.9062 KF-DPSGD的准确率: 0.9497
Bseline-第 59 个epoch，DPSGD的准确率: 0.9074 KF-DPSGD的准确率: 0.95
Bseline-第 60 个epoch，DPSGD的准确率: 0.9078 KF-DPSGD的准确率: 0.9495
Bseline-第 61 个epoch，DPSGD的准确率: 0.9084 KF-DPSGD的准确率: 0.9501
Bseline-第 62 个epoch，DPSGD的准确率: 0.9103 KF-DPSGD的准确率: 0.9517
Bseline-第 63 个epoch，DPSGD的准确率: 0.9106 KF-DPSGD的准确率: 0.9502
Bseline-第 64 个epoch，DPSGD的准确率: 0.9112 KF-DPSGD的准确率: 0.951
Bseline-第 65 个epoch，DPSGD的准确率: 0.9117 KF-DPSGD的准确率: 0.9519
Bseline-第 66 个epoch，DPSGD的准确率: 0.9127 KF-DPSGD的准确率: 0.9527
Bseline-第 67 个epoch，DPSGD的准确率: 0.9139 KF-DPSGD的准确率: 0.9529
Bseline-第 68 个epoch，DPSGD的准确率: 0.9136 KF-DPSGD的准确率: 0.9524
Bseline-第 69 个epoch，DPSGD的准确率: 0.914 KF-DPSGD的准确率: 0.9531
Baseline方法结束
KCIF-第0个epoch，准确率为:0.1886
KCIF-第1个epoch，准确率为:0.2372
KCIF-第2个epoch，准确率为:0.2529
KCIF-第3个epoch，准确率为:0.2602
KCIF-第4个epoch，准确率为:0.273
KCIF-第5个epoch，准确率为:0.2829
KCIF-第6个epoch，准确率为:0.2932
KCIF-第7个epoch，准确率为:0.2999
KCIF-第8个epoch，准确率为:0.3069
KCIF-第9个epoch，准确率为:0.314
KCIF-第10个epoch，准确率为:0.3221
KCIF-第11个epoch，准确率为:0.3298
KCIF-第12个epoch，准确率为:0.3369
KCIF-第13个epoch，准确率为:0.346
KCIF-第14个epoch，准确率为:0.3511
KCIF-第15个epoch，准确率为:0.3563
KCIF-第16个epoch，准确率为:0.3602
KCIF-第17个epoch，准确率为:0.3635
KCIF-第18个epoch，准确率为:0.3687
KCIF-第19个epoch，准确率为:0.3716
KCIF-第20个epoch，准确率为:0.3737
KCIF-第21个epoch，准确率为:0.3757
KCIF-第22个epoch，准确率为:0.3789
KCIF-第23个epoch，准确率为:0.3821
KCIF-第24个epoch，准确率为:0.3805
KCIF-第25个epoch，准确率为:0.3846
KCIF-第26个epoch，准确率为:0.3877
KCIF-第27个epoch，准确率为:0.3888
KCIF-第28个epoch，准确率为:0.3903
KCIF-第29个epoch，准确率为:0.393
KCIF-第30个epoch，准确率为:0.3947
KCIF-第31个epoch，准确率为:0.3966
KCIF-第32个epoch，准确率为:0.3991
KCIF-第33个epoch，准确率为:0.4034
KCIF-第34个epoch，准确率为:0.404
KCIF-第35个epoch，准确率为:0.4061
KCIF-第36个epoch，准确率为:0.4071
KCIF-第37个epoch，准确率为:0.4095
KCIF-第38个epoch，准确率为:0.4124
KCIF-第39个epoch，准确率为:0.4134
KCIF-第40个epoch，准确率为:0.4142
KCIF-第41个epoch，准确率为:0.4168
KCIF-第42个epoch，准确率为:0.4194
KCIF-第43个epoch，准确率为:0.421
KCIF-第44个epoch，准确率为:0.4227
KCIF-第45个epoch，准确率为:0.4252
KCIF-第46个epoch，准确率为:0.4263
KCIF-第47个epoch，准确率为:0.4277
KCIF-第48个epoch，准确率为:0.4293
KCIF-第49个epoch，准确率为:0.4293
KCIF-第50个epoch，准确率为:0.4307
KCIF-第51个epoch，准确率为:0.4314
KCIF-第52个epoch，准确率为:0.4345
KCIF-第53个epoch，准确率为:0.434
KCIF-第54个epoch，准确率为:0.4364
KCIF-第55个epoch，准确率为:0.4372
KCIF-第56个epoch，准确率为:0.4376
KCIF-第57个epoch，准确率为:0.4376
KCIF-第58个epoch，准确率为:0.4408
KCIF-第59个epoch，准确率为:0.4411
KCIF-第60个epoch，准确率为:0.4417
KCIF-第61个epoch，准确率为:0.4424
KCIF-第62个epoch，准确率为:0.4427
KCIF-第63个epoch，准确率为:0.4427
KCIF-第64个epoch，准确率为:0.4443
KCIF-第65个epoch，准确率为:0.4444
KCIF-第66个epoch，准确率为:0.4475
KCIF-第67个epoch，准确率为:0.4468
KCIF-第68个epoch，准确率为:0.4485
KCIF-第69个epoch，准确率为:0.4495
KCIF方法结束
Bseline-第 0 个epoch，DPSGD的准确率: 0.1203 KF-DPSGD的准确率: 0.1921
Bseline-第 1 个epoch，DPSGD的准确率: 0.1513 KF-DPSGD的准确率: 0.2318
Bseline-第 2 个epoch，DPSGD的准确率: 0.1743 KF-DPSGD的准确率: 0.2494
Bseline-第 3 个epoch，DPSGD的准确率: 0.1917 KF-DPSGD的准确率: 0.2611
Bseline-第 4 个epoch，DPSGD的准确率: 0.2059 KF-DPSGD的准确率: 0.27
Bseline-第 5 个epoch，DPSGD的准确率: 0.2193 KF-DPSGD的准确率: 0.2797
Bseline-第 6 个epoch，DPSGD的准确率: 0.2271 KF-DPSGD的准确率: 0.2862
Bseline-第 7 个epoch，DPSGD的准确率: 0.2338 KF-DPSGD的准确率: 0.2953
Bseline-第 8 个epoch，DPSGD的准确率: 0.2402 KF-DPSGD的准确率: 0.2999
Bseline-第 9 个epoch，DPSGD的准确率: 0.2436 KF-DPSGD的准确率: 0.3092
Bseline-第 10 个epoch，DPSGD的准确率: 0.2493 KF-DPSGD的准确率: 0.319
Bseline-第 11 个epoch，DPSGD的准确率: 0.2516 KF-DPSGD的准确率: 0.3231
Bseline-第 12 个epoch，DPSGD的准确率: 0.2547 KF-DPSGD的准确率: 0.3304
Bseline-第 13 个epoch，DPSGD的准确率: 0.2565 KF-DPSGD的准确率: 0.3364
Bseline-第 14 个epoch，DPSGD的准确率: 0.2605 KF-DPSGD的准确率: 0.3422
Bseline-第 15 个epoch，DPSGD的准确率: 0.2612 KF-DPSGD的准确率: 0.3456
Bseline-第 16 个epoch，DPSGD的准确率: 0.2637 KF-DPSGD的准确率: 0.3517
Bseline-第 17 个epoch，DPSGD的准确率: 0.2654 KF-DPSGD的准确率: 0.3546
Bseline-第 18 个epoch，DPSGD的准确率: 0.2677 KF-DPSGD的准确率: 0.3584
Bseline-第 19 个epoch，DPSGD的准确率: 0.2707 KF-DPSGD的准确率: 0.3628
Bseline-第 20 个epoch，DPSGD的准确率: 0.2741 KF-DPSGD的准确率: 0.3682
Bseline-第 21 个epoch，DPSGD的准确率: 0.2758 KF-DPSGD的准确率: 0.3707
Bseline-第 22 个epoch，DPSGD的准确率: 0.2796 KF-DPSGD的准确率: 0.3741
Bseline-第 23 个epoch，DPSGD的准确率: 0.2813 KF-DPSGD的准确率: 0.3754
Bseline-第 24 个epoch，DPSGD的准确率: 0.2826 KF-DPSGD的准确率: 0.3777
Bseline-第 25 个epoch，DPSGD的准确率: 0.2866 KF-DPSGD的准确率: 0.3819
Bseline-第 26 个epoch，DPSGD的准确率: 0.288 KF-DPSGD的准确率: 0.3812
Bseline-第 27 个epoch，DPSGD的准确率: 0.2916 KF-DPSGD的准确率: 0.3821
Bseline-第 28 个epoch，DPSGD的准确率: 0.2925 KF-DPSGD的准确率: 0.3861
Bseline-第 29 个epoch，DPSGD的准确率: 0.2946 KF-DPSGD的准确率: 0.3887
Bseline-第 30 个epoch，DPSGD的准确率: 0.2956 KF-DPSGD的准确率: 0.3891
Bseline-第 31 个epoch，DPSGD的准确率: 0.2967 KF-DPSGD的准确率: 0.3936
Bseline-第 32 个epoch，DPSGD的准确率: 0.2984 KF-DPSGD的准确率: 0.3933
Bseline-第 33 个epoch，DPSGD的准确率: 0.3004 KF-DPSGD的准确率: 0.3969
Bseline-第 34 个epoch，DPSGD的准确率: 0.3024 KF-DPSGD的准确率: 0.3981
Bseline-第 35 个epoch，DPSGD的准确率: 0.3042 KF-DPSGD的准确率: 0.3998
Bseline-第 36 个epoch，DPSGD的准确率: 0.3058 KF-DPSGD的准确率: 0.4039
Bseline-第 37 个epoch，DPSGD的准确率: 0.3082 KF-DPSGD的准确率: 0.4035
Bseline-第 38 个epoch，DPSGD的准确率: 0.3094 KF-DPSGD的准确率: 0.4051
Bseline-第 39 个epoch，DPSGD的准确率: 0.3122 KF-DPSGD的准确率: 0.4088
Bseline-第 40 个epoch，DPSGD的准确率: 0.3145 KF-DPSGD的准确率: 0.4109
Bseline-第 41 个epoch，DPSGD的准确率: 0.316 KF-DPSGD的准确率: 0.4117
Bseline-第 42 个epoch，DPSGD的准确率: 0.3187 KF-DPSGD的准确率: 0.413
Bseline-第 43 个epoch，DPSGD的准确率: 0.3211 KF-DPSGD的准确率: 0.4156
Bseline-第 44 个epoch，DPSGD的准确率: 0.3226 KF-DPSGD的准确率: 0.418
Bseline-第 45 个epoch，DPSGD的准确率: 0.3246 KF-DPSGD的准确率: 0.4193
Bseline-第 46 个epoch，DPSGD的准确率: 0.3253 KF-DPSGD的准确率: 0.4213
Bseline-第 47 个epoch，DPSGD的准确率: 0.3265 KF-DPSGD的准确率: 0.4234
Bseline-第 48 个epoch，DPSGD的准确率: 0.3284 KF-DPSGD的准确率: 0.424
Bseline-第 49 个epoch，DPSGD的准确率: 0.3293 KF-DPSGD的准确率: 0.4261
Bseline-第 50 个epoch，DPSGD的准确率: 0.3309 KF-DPSGD的准确率: 0.4283
Bseline-第 51 个epoch，DPSGD的准确率: 0.3338 KF-DPSGD的准确率: 0.429
Bseline-第 52 个epoch，DPSGD的准确率: 0.3366 KF-DPSGD的准确率: 0.4298
Bseline-第 53 个epoch，DPSGD的准确率: 0.3369 KF-DPSGD的准确率: 0.4303
Bseline-第 54 个epoch，DPSGD的准确率: 0.3392 KF-DPSGD的准确率: 0.4328
Bseline-第 55 个epoch，DPSGD的准确率: 0.3396 KF-DPSGD的准确率: 0.4331
Bseline-第 56 个epoch，DPSGD的准确率: 0.3409 KF-DPSGD的准确率: 0.434
Bseline-第 57 个epoch，DPSGD的准确率: 0.3433 KF-DPSGD的准确率: 0.434
Bseline-第 58 个epoch，DPSGD的准确率: 0.345 KF-DPSGD的准确率: 0.438
Bseline-第 59 个epoch，DPSGD的准确率: 0.3459 KF-DPSGD的准确率: 0.4394
Bseline-第 60 个epoch，DPSGD的准确率: 0.3489 KF-DPSGD的准确率: 0.4401
Bseline-第 61 个epoch，DPSGD的准确率: 0.3487 KF-DPSGD的准确率: 0.4404
Bseline-第 62 个epoch，DPSGD的准确率: 0.3499 KF-DPSGD的准确率: 0.4415
Bseline-第 63 个epoch，DPSGD的准确率: 0.351 KF-DPSGD的准确率: 0.4444
Bseline-第 64 个epoch，DPSGD的准确率: 0.352 KF-DPSGD的准确率: 0.4404
Bseline-第 65 个epoch，DPSGD的准确率: 0.3532 KF-DPSGD的准确率: 0.4424
Bseline-第 66 个epoch，DPSGD的准确率: 0.3545 KF-DPSGD的准确率: 0.4452
Bseline-第 67 个epoch，DPSGD的准确率: 0.3559 KF-DPSGD的准确率: 0.4447
Bseline-第 68 个epoch，DPSGD的准确率: 0.3577 KF-DPSGD的准确率: 0.4474
Bseline-第 69 个epoch，DPSGD的准确率: 0.3592 KF-DPSGD的准确率: 0.4457
Baseline方法结束
