nohup: 忽略输入
torch.Size([60000, 28, 28])
torch.Size([60000, 28, 28])
第 0 次迭代,DPSGD的准确率: 0.628 KF-DPSGD的准确率: 0.636
第 1 次迭代,DPSGD的准确率: 0.675 KF-DPSGD的准确率: 0.68
第 2 次迭代,DPSGD的准确率: 0.699 KF-DPSGD的准确率: 0.711
第 3 次迭代,DPSGD的准确率: 0.727 KF-DPSGD的准确率: 0.732
第 4 次迭代,DPSGD的准确率: 0.738 KF-DPSGD的准确率: 0.746
第 5 次迭代,DPSGD的准确率: 0.75 KF-DPSGD的准确率: 0.753
第 6 次迭代,DPSGD的准确率: 0.752 KF-DPSGD的准确率: 0.754
第 7 次迭代,DPSGD的准确率: 0.752 KF-DPSGD的准确率: 0.759
第 8 次迭代,DPSGD的准确率: 0.758 KF-DPSGD的准确率: 0.761
第 9 次迭代,DPSGD的准确率: 0.763 KF-DPSGD的准确率: 0.762
第 10 次迭代,DPSGD的准确率: 0.762 KF-DPSGD的准确率: 0.758
第 11 次迭代,DPSGD的准确率: 0.765 KF-DPSGD的准确率: 0.753
第 12 次迭代,DPSGD的准确率: 0.754 KF-DPSGD的准确率: 0.752
第 13 次迭代,DPSGD的准确率: 0.752 KF-DPSGD的准确率: 0.751
第 14 次迭代,DPSGD的准确率: 0.752 KF-DPSGD的准确率: 0.749
第 15 次迭代,DPSGD的准确率: 0.751 KF-DPSGD的准确率: 0.746
第 16 次迭代,DPSGD的准确率: 0.75 KF-DPSGD的准确率: 0.747
第 17 次迭代,DPSGD的准确率: 0.748 KF-DPSGD的准确率: 0.745
第 18 次迭代,DPSGD的准确率: 0.746 KF-DPSGD的准确率: 0.747
第 19 次迭代,DPSGD的准确率: 0.745 KF-DPSGD的准确率: 0.748
第 20 次迭代,DPSGD的准确率: 0.745 KF-DPSGD的准确率: 0.747
第 21 次迭代,DPSGD的准确率: 0.747 KF-DPSGD的准确率: 0.745
第 22 次迭代,DPSGD的准确率: 0.748 KF-DPSGD的准确率: 0.746
第 23 次迭代,DPSGD的准确率: 0.747 KF-DPSGD的准确率: 0.744
第 24 次迭代,DPSGD的准确率: 0.747 KF-DPSGD的准确率: 0.746
第 25 次迭代,DPSGD的准确率: 0.746 KF-DPSGD的准确率: 0.746
第 26 次迭代,DPSGD的准确率: 0.746 KF-DPSGD的准确率: 0.746
第 27 次迭代,DPSGD的准确率: 0.746 KF-DPSGD的准确率: 0.746
第 28 次迭代,DPSGD的准确率: 0.745 KF-DPSGD的准确率: 0.745
第 29 次迭代,DPSGD的准确率: 0.745 KF-DPSGD的准确率: 0.744
第 30 次迭代,DPSGD的准确率: 0.745 KF-DPSGD的准确率: 0.744
第 31 次迭代,DPSGD的准确率: 0.743 KF-DPSGD的准确率: 0.743
第 32 次迭代,DPSGD的准确率: 0.743 KF-DPSGD的准确率: 0.743
第 33 次迭代,DPSGD的准确率: 0.743 KF-DPSGD的准确率: 0.743
第 34 次迭代,DPSGD的准确率: 0.743 KF-DPSGD的准确率: 0.743
第 35 次迭代,DPSGD的准确率: 0.744 KF-DPSGD的准确率: 0.743
第 36 次迭代,DPSGD的准确率: 0.743 KF-DPSGD的准确率: 0.743
第 37 次迭代,DPSGD的准确率: 0.742 KF-DPSGD的准确率: 0.743
第 38 次迭代,DPSGD的准确率: 0.742 KF-DPSGD的准确率: 0.742
第 39 次迭代,DPSGD的准确率: 0.743 KF-DPSGD的准确率: 0.743
第 40 次迭代,DPSGD的准确率: 0.744 KF-DPSGD的准确率: 0.745
第 41 次迭代,DPSGD的准确率: 0.745 KF-DPSGD的准确率: 0.745
第 42 次迭代,DPSGD的准确率: 0.746 KF-DPSGD的准确率: 0.745
第 43 次迭代,DPSGD的准确率: 0.746 KF-DPSGD的准确率: 0.745
第 44 次迭代,DPSGD的准确率: 0.745 KF-DPSGD的准确率: 0.744
第 45 次迭代,DPSGD的准确率: 0.744 KF-DPSGD的准确率: 0.745
第 46 次迭代,DPSGD的准确率: 0.745 KF-DPSGD的准确率: 0.745
第 47 次迭代,DPSGD的准确率: 0.745 KF-DPSGD的准确率: 0.745
第 48 次迭代,DPSGD的准确率: 0.744 KF-DPSGD的准确率: 0.745
第 49 次迭代,DPSGD的准确率: 0.744 KF-DPSGD的准确率: 0.745
./picture_fed/KF_Param结果/LR_Epl.png
./picture_fed/KF_Param结果/LR_Epl.csv
第 0 次迭代,DPSGD的准确率: 0.861 KF-DPSGD的准确率: 0.8646
第 1 次迭代,DPSGD的准确率: 0.8846 KF-DPSGD的准确率: 0.8872
第 2 次迭代,DPSGD的准确率: 0.8979 KF-DPSGD的准确率: 0.899
第 3 次迭代,DPSGD的准确率: 0.9023 KF-DPSGD的准确率: 0.9041
第 4 次迭代,DPSGD的准确率: 0.9089 KF-DPSGD的准确率: 0.9104
第 5 次迭代,DPSGD的准确率: 0.9144 KF-DPSGD的准确率: 0.9154
第 6 次迭代,DPSGD的准确率: 0.9153 KF-DPSGD的准确率: 0.9176
第 7 次迭代,DPSGD的准确率: 0.9195 KF-DPSGD的准确率: 0.9212
第 8 次迭代,DPSGD的准确率: 0.9212 KF-DPSGD的准确率: 0.9229
第 9 次迭代,DPSGD的准确率: 0.9212 KF-DPSGD的准确率: 0.9218
第 10 次迭代,DPSGD的准确率: 0.924 KF-DPSGD的准确率: 0.9252
第 11 次迭代,DPSGD的准确率: 0.9252 KF-DPSGD的准确率: 0.9265
第 12 次迭代,DPSGD的准确率: 0.9277 KF-DPSGD的准确率: 0.9293
第 13 次迭代,DPSGD的准确率: 0.9292 KF-DPSGD的准确率: 0.9303
第 14 次迭代,DPSGD的准确率: 0.9297 KF-DPSGD的准确率: 0.9306
第 15 次迭代,DPSGD的准确率: 0.9305 KF-DPSGD的准确率: 0.9321
第 16 次迭代,DPSGD的准确率: 0.9325 KF-DPSGD的准确率: 0.9348
第 17 次迭代,DPSGD的准确率: 0.9338 KF-DPSGD的准确率: 0.9346
第 18 次迭代,DPSGD的准确率: 0.9343 KF-DPSGD的准确率: 0.9355
第 19 次迭代,DPSGD的准确率: 0.9353 KF-DPSGD的准确率: 0.9372
第 20 次迭代,DPSGD的准确率: 0.9364 KF-DPSGD的准确率: 0.9379
第 21 次迭代,DPSGD的准确率: 0.9381 KF-DPSGD的准确率: 0.9396
第 22 次迭代,DPSGD的准确率: 0.9395 KF-DPSGD的准确率: 0.9398
第 23 次迭代,DPSGD的准确率: 0.9393 KF-DPSGD的准确率: 0.9406
第 24 次迭代,DPSGD的准确率: 0.9398 KF-DPSGD的准确率: 0.9398
第 25 次迭代,DPSGD的准确率: 0.9387 KF-DPSGD的准确率: 0.9403
第 26 次迭代,DPSGD的准确率: 0.9415 KF-DPSGD的准确率: 0.9416
第 27 次迭代,DPSGD的准确率: 0.942 KF-DPSGD的准确率: 0.9428
第 28 次迭代,DPSGD的准确率: 0.9434 KF-DPSGD的准确率: 0.9433
第 29 次迭代,DPSGD的准确率: 0.9427 KF-DPSGD的准确率: 0.9436
第 30 次迭代,DPSGD的准确率: 0.9436 KF-DPSGD的准确率: 0.9437
第 31 次迭代,DPSGD的准确率: 0.9444 KF-DPSGD的准确率: 0.9452
第 32 次迭代,DPSGD的准确率: 0.9445 KF-DPSGD的准确率: 0.9448
第 33 次迭代,DPSGD的准确率: 0.9438 KF-DPSGD的准确率: 0.9439
第 34 次迭代,DPSGD的准确率: 0.9447 KF-DPSGD的准确率: 0.9442
第 35 次迭代,DPSGD的准确率: 0.9453 KF-DPSGD的准确率: 0.946
第 36 次迭代,DPSGD的准确率: 0.9459 KF-DPSGD的准确率: 0.9466
第 37 次迭代,DPSGD的准确率: 0.9456 KF-DPSGD的准确率: 0.9467
第 38 次迭代,DPSGD的准确率: 0.946 KF-DPSGD的准确率: 0.9464
第 39 次迭代,DPSGD的准确率: 0.9462 KF-DPSGD的准确率: 0.9461
第 40 次迭代,DPSGD的准确率: 0.946 KF-DPSGD的准确率: 0.9465
第 41 次迭代,DPSGD的准确率: 0.9471 KF-DPSGD的准确率: 0.9474
第 42 次迭代,DPSGD的准确率: 0.9478 KF-DPSGD的准确率: 0.9475
第 43 次迭代,DPSGD的准确率: 0.9477 KF-DPSGD的准确率: 0.9478
第 44 次迭代,DPSGD的准确率: 0.9466 KF-DPSGD的准确率: 0.9467
第 45 次迭代,DPSGD的准确率: 0.9471 KF-DPSGD的准确率: 0.9478
第 46 次迭代,DPSGD的准确率: 0.9488 KF-DPSGD的准确率: 0.9481
第 47 次迭代,DPSGD的准确率: 0.9477 KF-DPSGD的准确率: 0.949
第 48 次迭代,DPSGD的准确率: 0.9491 KF-DPSGD的准确率: 0.9491
第 49 次迭代,DPSGD的准确率: 0.9496 KF-DPSGD的准确率: 0.9484
./picture_fed/KF_Param结果/MLP_MINIST.png
./picture_fed/KF_Param结果/MLP_MINIST.csv
第 0 次迭代,DPSGD的准确率: 0.8836 KF-DPSGD的准确率: 0.8891
第 1 次迭代,DPSGD的准确率: 0.9137 KF-DPSGD的准确率: 0.9173
第 2 次迭代,DPSGD的准确率: 0.9265 KF-DPSGD的准确率: 0.9302
第 3 次迭代,DPSGD的准确率: 0.9359 KF-DPSGD的准确率: 0.9384
第 4 次迭代,DPSGD的准确率: 0.9426 KF-DPSGD的准确率: 0.9453
第 5 次迭代,DPSGD的准确率: 0.9492 KF-DPSGD的准确率: 0.9522
第 6 次迭代,DPSGD的准确率: 0.9515 KF-DPSGD的准确率: 0.9543
第 7 次迭代,DPSGD的准确率: 0.9549 KF-DPSGD的准确率: 0.9573
第 8 次迭代,DPSGD的准确率: 0.9575 KF-DPSGD的准确率: 0.9602
第 9 次迭代,DPSGD的准确率: 0.9609 KF-DPSGD的准确率: 0.9631
第 10 次迭代,DPSGD的准确率: 0.9615 KF-DPSGD的准确率: 0.9639
第 11 次迭代,DPSGD的准确率: 0.9633 KF-DPSGD的准确率: 0.9655
第 12 次迭代,DPSGD的准确率: 0.9658 KF-DPSGD的准确率: 0.9675
第 13 次迭代,DPSGD的准确率: 0.9682 KF-DPSGD的准确率: 0.9699
第 14 次迭代,DPSGD的准确率: 0.9684 KF-DPSGD的准确率: 0.9701
第 15 次迭代,DPSGD的准确率: 0.9693 KF-DPSGD的准确率: 0.9711
第 16 次迭代,DPSGD的准确率: 0.9705 KF-DPSGD的准确率: 0.9723
第 17 次迭代,DPSGD的准确率: 0.9725 KF-DPSGD的准确率: 0.9737
第 18 次迭代,DPSGD的准确率: 0.9727 KF-DPSGD的准确率: 0.9736
第 19 次迭代,DPSGD的准确率: 0.9733 KF-DPSGD的准确率: 0.9739
第 20 次迭代,DPSGD的准确率: 0.9736 KF-DPSGD的准确率: 0.9748
第 21 次迭代,DPSGD的准确率: 0.975 KF-DPSGD的准确率: 0.9757
第 22 次迭代,DPSGD的准确率: 0.9752 KF-DPSGD的准确率: 0.9756
第 23 次迭代,DPSGD的准确率: 0.9765 KF-DPSGD的准确率: 0.9771
第 24 次迭代,DPSGD的准确率: 0.9759 KF-DPSGD的准确率: 0.9767
第 25 次迭代,DPSGD的准确率: 0.9765 KF-DPSGD的准确率: 0.9774
第 26 次迭代,DPSGD的准确率: 0.9758 KF-DPSGD的准确率: 0.976
第 27 次迭代,DPSGD的准确率: 0.9765 KF-DPSGD的准确率: 0.9773
第 28 次迭代,DPSGD的准确率: 0.9761 KF-DPSGD的准确率: 0.9768
第 29 次迭代,DPSGD的准确率: 0.9765 KF-DPSGD的准确率: 0.9774
第 30 次迭代,DPSGD的准确率: 0.9765 KF-DPSGD的准确率: 0.977
第 31 次迭代,DPSGD的准确率: 0.9758 KF-DPSGD的准确率: 0.9762
第 32 次迭代,DPSGD的准确率: 0.9772 KF-DPSGD的准确率: 0.9771
第 33 次迭代,DPSGD的准确率: 0.9773 KF-DPSGD的准确率: 0.9773
第 34 次迭代,DPSGD的准确率: 0.9771 KF-DPSGD的准确率: 0.9771
第 35 次迭代,DPSGD的准确率: 0.9777 KF-DPSGD的准确率: 0.9769
第 36 次迭代,DPSGD的准确率: 0.9775 KF-DPSGD的准确率: 0.9775
第 37 次迭代,DPSGD的准确率: 0.9768 KF-DPSGD的准确率: 0.9767
第 38 次迭代,DPSGD的准确率: 0.9779 KF-DPSGD的准确率: 0.9779
第 39 次迭代,DPSGD的准确率: 0.9777 KF-DPSGD的准确率: 0.9773
第 40 次迭代,DPSGD的准确率: 0.9777 KF-DPSGD的准确率: 0.9772
第 41 次迭代,DPSGD的准确率: 0.9775 KF-DPSGD的准确率: 0.9777
第 42 次迭代,DPSGD的准确率: 0.9778 KF-DPSGD的准确率: 0.9781
第 43 次迭代,DPSGD的准确率: 0.9783 KF-DPSGD的准确率: 0.9784
第 44 次迭代,DPSGD的准确率: 0.9782 KF-DPSGD的准确率: 0.9781
第 45 次迭代,DPSGD的准确率: 0.9778 KF-DPSGD的准确率: 0.978
第 46 次迭代,DPSGD的准确率: 0.9789 KF-DPSGD的准确率: 0.9787
第 47 次迭代,DPSGD的准确率: 0.978 KF-DPSGD的准确率: 0.9786
第 48 次迭代,DPSGD的准确率: 0.9776 KF-DPSGD的准确率: 0.9785
第 49 次迭代,DPSGD的准确率: 0.9786 KF-DPSGD的准确率: 0.9788
./picture_fed/KF_Param结果/CNN_MINIST.png
./picture_fed/KF_Param结果/CNN_MINIST.csv
